1.4516 	WARNING 	We strongly recommend you activate the PTB sound engine in PsychoPy prefs as the preferred audio engine. Its timing is vastly superior. Your prefs are currently set to use ['sounddevice', 'PTB', 'pyo', 'pygame'] (in that order).
17.7476 	WARNING 	User requested fullscreen with size [1024  768], but screen is actually [1920, 1080]. Using actual size
20.9909 	EXP 	Created window1 = Window(allowGUI=False, allowStencil=False, args=UNKNOWN, autoLog=True, bitsMode=UNKNOWN, blendMode='avg', bpc=(8, 8, 8), color=array([0., 0., 0.]), colorSpace='rgb', depthBits=8, fullscr=<method-wrapper '__getattribute__' of attributeSetter object at 0x0000029436C2ED30>, gamma=None, gammaErrorPolicy='raise', kwargs=UNKNOWN, lms=UNKNOWN, monitor=<psychopy.monitors.calibTools.Monitor object at 0x00000294368FBDA0>, multiSample=False, name='window1', numSamples=2, pos=[0.0, 0.0], screen=0, size=array([1920, 1080]), stencilBits=0, stereo=False, units='height', useFBO=True, useRetina=False, viewOri=0.0, viewPos=None, viewScale=None, waitBlanking=True, winType='pyglet')
20.9912 	EXP 	window1: mouseVisible = True
20.9912 	EXP 	window1: recordFrameIntervals = False
21.0600 	EXP 	window1: recordFrameIntervals = True
21.1360 	EXP 	window1: recordFrameIntervals = False
21.4899 	EXP 	Created text = TextStim(__class__=<class 'psychopy.visual.text.TextStim'>, alignHoriz=method-wrapper(...), alignText='center', alignVert=method-wrapper(...), anchorHoriz='center', anchorVert='center', antialias=True, autoLog=True, bold=False, color='white', colorSpace='named', contrast=1.0, depth=0.0, flipHoriz=False, flipVert=False, font='Arial', fontFiles=[], height=0.1, italic=False, languageStyle='LTR', name='text', opacity=1.0, ori=0, pos=array([0., 0.]), rgb=array([255., 255., 255.]), text='Welcome', units='height', win=Window(...), wrapWidth=1)
21.4911 	EXP 	Created Cross = ShapeStim(__class__=<class 'psychopy.visual.shape.ShapeStim'>, autoDraw=False, autoLog=True, closeShape=True, contrast=1.0, depth=0.0, fillColor=array([1., 1., 1.]), fillColorSpace='rgb', interpolate=True, lineColor=array([1., 1., 1.]), lineColorSpace='rgb', lineWidth=1, name='Cross', opacity=1.0, ori=array(0.), pos=array([0., 0.]), size=array([0.5, 0.5]), units='height', vertices=ndarray(...), win=Window(...), windingRule=None)
21.4933 	EXP 	Created image = ImageStim(__class__=<class 'psychopy.visual.image.ImageStim'>, autoLog=True, color=array([1., 1., 1.]), colorSpace='rgb', contrast=1.0, depth=-1.0, flipHoriz=False, flipVert=False, image='sin', interpolate=True, mask=None, maskParams=None, name='image', opacity=1.0, ori=0.0, pos=array([0., 0.]), size=array([0.5, 0.5]), texRes=128, units='height', win=Window(...))
21.4952 	EXP 	Created image_2 = ImageStim(__class__=<class 'psychopy.visual.image.ImageStim'>, autoLog=True, color=array([1., 1., 1.]), colorSpace='rgb', contrast=1.0, depth=-2.0, flipHoriz=False, flipVert=False, image='sin', interpolate=True, mask=None, maskParams=None, name='image_2', opacity=1.0, ori=0.0, pos=array([0., 0.]), size=array([0.5, 0.5]), texRes=128, units='height', win=Window(...))
21.4968 	EXP 	Created image_3 = ImageStim(__class__=<class 'psychopy.visual.image.ImageStim'>, autoLog=True, color=array([1., 1., 1.]), colorSpace='rgb', contrast=1.0, depth=-3.0, flipHoriz=False, flipVert=False, image='sin', interpolate=True, mask=None, maskParams=None, name='image_3', opacity=1.0, ori=0.0, pos=array([0., 0.]), size=array([0.5, 0.5]), texRes=128, units='height', win=Window(...))
21.4981 	EXP 	Created image_4 = ImageStim(__class__=<class 'psychopy.visual.image.ImageStim'>, autoLog=True, color=array([1., 1., 1.]), colorSpace='rgb', contrast=1.0, depth=-4.0, flipHoriz=False, flipVert=False, image='sin', interpolate=True, mask=None, maskParams=None, name='image_4', opacity=1.0, ori=0.0, pos=array([0., 0.]), size=array([0.5, 0.5]), texRes=128, units='height', win=Window(...))
21.4994 	EXP 	Created Topleft = ImageStim(__class__=<class 'psychopy.visual.image.ImageStim'>, autoLog=True, color=array([1., 1., 1.]), colorSpace='rgb', contrast=1.0, depth=0.0, flipHoriz=False, flipVert=False, image='sin', interpolate=True, mask=None, maskParams=None, name='Topleft', opacity=1.0, ori=0.0, pos=array([-0.25,  0.25]), size=array([0.5, 0.5]), texRes=128, units='height', win=Window(...))
21.5008 	EXP 	Created Topright = ImageStim(__class__=<class 'psychopy.visual.image.ImageStim'>, autoLog=True, color=array([1., 1., 1.]), colorSpace='rgb', contrast=1.0, depth=-1.0, flipHoriz=False, flipVert=False, image='sin', interpolate=True, mask=None, maskParams=None, name='Topright', opacity=1.0, ori=0.0, pos=array([0.25, 0.25]), size=array([0.5, 0.5]), texRes=128, units='height', win=Window(...))
21.5021 	EXP 	Created Bottomleft = ImageStim(__class__=<class 'psychopy.visual.image.ImageStim'>, autoLog=True, color=array([1., 1., 1.]), colorSpace='rgb', contrast=1.0, depth=-2.0, flipHoriz=False, flipVert=False, image='sin', interpolate=True, mask=None, maskParams=None, name='Bottomleft', opacity=1.0, ori=0.0, pos=array([-0.25, -0.25]), size=array([0.5, 0.5]), texRes=128, units='height', win=Window(...))
21.5034 	EXP 	Created Bottomright = ImageStim(__class__=<class 'psychopy.visual.image.ImageStim'>, autoLog=True, color=array([1., 1., 1.]), colorSpace='rgb', contrast=1.0, depth=-3.0, flipHoriz=False, flipVert=False, image='sin', interpolate=True, mask=None, maskParams=None, name='Bottomright', opacity=1.0, ori=0.0, pos=array([ 0.25, -0.25]), size=array([0.5, 0.5]), texRes=128, units='height', win=Window(...))
21.5065 	EXP 	Created Fixation_cross = TextStim(__class__=<class 'psychopy.visual.text.TextStim'>, alignHoriz=method-wrapper(...), alignText='center', alignVert=method-wrapper(...), anchorHoriz='center', anchorVert='center', antialias=True, autoLog=True, bold=False, color='white', colorSpace='named', contrast=1.0, depth=-4.0, flipHoriz=False, flipVert=False, font='Arial', fontFiles=[], height=0.1, italic=False, languageStyle='LTR', name='Fixation_cross', opacity=1.0, ori=0, pos=array([0., 0.]), rgb=array([255., 255., 255.]), text='+', units='height', win=Window(...), wrapWidth=1)
21.5142 	EXP 	Created text_2 = TextStim(__class__=<class 'psychopy.visual.text.TextStim'>, alignHoriz=method-wrapper(...), alignText='center', alignVert=method-wrapper(...), anchorHoriz='center', anchorVert='center', antialias=True, autoLog=True, bold=False, color='white', colorSpace='named', contrast=1.0, depth=0.0, flipHoriz=False, flipVert=False, font='Arial', fontFiles=[], height=0.1, italic=False, languageStyle='LTR', name='text_2', opacity=1.0, ori=0, pos=array([0., 0.]), rgb=array([255., 255., 255.]), text='End\n\n', units='height', win=Window(...), wrapWidth=1)
21.5436 	EXP 	text: autoDraw = True
22.5615 	EXP 	Imported stim_present_data_block_1.csv as conditions, 180 conditions, 10 params
22.5619 	EXP 	Created sequence: sequential, trialTypes=180, nReps=1, seed=None
22.5622 	EXP 	New trial (rep=0, index=0): OrderedDict([('imageone', 'LZ_noise\\LZ_noise_10.jpg'), ('imagetwo', 'LZ_noise\\LZ_noise_146.jpg'), ('imagethree', 'LZ_noise\\LZ_noise_9.jpg'), ('imagefour', 'LZ_noise\\LZ_noise_45.jpg'), ('frequency', 4), ('imageTL', 'LZ_noise\\LZ_noise_173.jpg'), ('imageBL', 'LZ_noise\\LZ_noise_146.jpg'), ('imageTR', 'LZ_noise\\LZ_noise_76.jpg'), ('imageBR', 'LZ_noise\\LZ_noise_54.jpg'), ('correct_answer', '    z')])
22.6007 	EXP 	text: autoDraw = False
22.6007 	EXP 	image: image = 'LZ_noise\\LZ_noise_10.jpg'
22.6007 	EXP 	image_2: image = 'LZ_noise\\LZ_noise_146.jpg'
22.6007 	EXP 	image_3: image = 'LZ_noise\\LZ_noise_9.jpg'
22.6007 	EXP 	image_4: image = 'LZ_noise\\LZ_noise_45.jpg'
22.6007 	EXP 	Cross: autoDraw = True
23.6234 	EXP 	image: autoDraw = True
23.6279 	EXP 	Cross: autoDraw = False
24.5886 	EXP 	image_2: autoDraw = True
24.6229 	EXP 	image: autoDraw = False
25.5882 	EXP 	image_2: autoDraw = False
25.5882 	EXP 	image_3: autoDraw = True
26.5885 	EXP 	image_3: autoDraw = False
26.5885 	EXP 	image_4: autoDraw = True
27.5476 	EXP 	Cross: autoDraw = False
27.5476 	EXP 	image: autoDraw = False
27.5476 	EXP 	image_2: autoDraw = False
27.5476 	EXP 	image_3: autoDraw = False
27.5476 	EXP 	image_4: autoDraw = False
27.5476 	EXP 	Topleft: image = 'LZ_noise\\LZ_noise_173.jpg'
27.5476 	EXP 	Topright: image = 'LZ_noise\\LZ_noise_76.jpg'
27.5476 	EXP 	Bottomleft: image = 'LZ_noise\\LZ_noise_146.jpg'
27.5476 	EXP 	Bottomright: image = 'LZ_noise\\LZ_noise_54.jpg'
27.5476 	EXP 	Fixation_cross: autoDraw = True
28.5424 	EXP 	Topleft: autoDraw = True
28.5424 	EXP 	Topright: autoDraw = True
28.5424 	EXP 	Bottomleft: autoDraw = True
28.5424 	EXP 	Bottomright: autoDraw = True
28.5522 	EXP 	Fixation_cross: autoDraw = False
29.1010 	EXP 	New trial (rep=0, index=1): OrderedDict([('imageone', 'LZ_scrambled\\LZ_scrambled_57.jpg'), ('imagetwo', 'LZ_scrambled\\LZ_scrambled_133.jpg'), ('imagethree', 'LZ_scrambled\\LZ_scrambled_236.jpg'), ('imagefour', 'LZ_scrambled\\LZ_scrambled_13.jpg'), ('frequency', 3), ('imageTL', 'LZ_scrambled\\LZ_scrambled_57.jpg'), ('imageBL', 'LZ_scrambled\\LZ_scrambled_124.jpg'), ('imageTR', 'LZ_scrambled\\LZ_scrambled_166.jpg'), ('imageBR', 'LZ_scrambled\\LZ_scrambled_187.jpg'), ('correct_answer', '    a')])
29.2075 	DATA 	Keypress: z
29.2131 	EXP 	Topleft: autoDraw = False
29.2131 	EXP 	Topright: autoDraw = False
29.2131 	EXP 	Bottomleft: autoDraw = False
29.2131 	EXP 	Bottomright: autoDraw = False
29.2131 	EXP 	Fixation_cross: autoDraw = False
29.2131 	EXP 	image: image = 'LZ_scrambled\\LZ_scrambled_57.jpg'
29.2131 	EXP 	image_2: image = 'LZ_scrambled\\LZ_scrambled_133.jpg'
29.2131 	EXP 	image_3: image = 'LZ_scrambled\\LZ_scrambled_236.jpg'
29.2131 	EXP 	image_4: image = 'LZ_scrambled\\LZ_scrambled_13.jpg'
29.2131 	EXP 	Cross: autoDraw = True
30.2066 	EXP 	image: autoDraw = True
30.2128 	EXP 	Cross: autoDraw = False
31.2065 	EXP 	image: autoDraw = False
31.2065 	EXP 	image_2: autoDraw = True
32.2065 	EXP 	image_2: autoDraw = False
32.2065 	EXP 	image_3: autoDraw = True
33.2066 	EXP 	image_3: autoDraw = False
33.2066 	EXP 	image_4: autoDraw = True
34.1877 	EXP 	Cross: autoDraw = False
34.1877 	EXP 	image: autoDraw = False
34.1877 	EXP 	image_2: autoDraw = False
34.1877 	EXP 	image_3: autoDraw = False
34.1877 	EXP 	image_4: autoDraw = False
34.1877 	EXP 	Topleft: image = 'LZ_scrambled\\LZ_scrambled_57.jpg'
34.1877 	EXP 	Topright: image = 'LZ_scrambled\\LZ_scrambled_166.jpg'
34.1877 	EXP 	Bottomleft: image = 'LZ_scrambled\\LZ_scrambled_124.jpg'
34.1877 	EXP 	Bottomright: image = 'LZ_scrambled\\LZ_scrambled_187.jpg'
34.1877 	EXP 	Fixation_cross: autoDraw = True
35.1811 	EXP 	Topleft: autoDraw = True
35.1811 	EXP 	Topright: autoDraw = True
35.1811 	EXP 	Bottomleft: autoDraw = True
35.1811 	EXP 	Bottomright: autoDraw = True
35.1900 	EXP 	Fixation_cross: autoDraw = False
36.4060 	DATA 	Keypress: a
36.4143 	EXP 	New trial (rep=0, index=2): OrderedDict([('imageone', 'LZ_natural\\LZ_natural_12.jpg'), ('imagetwo', 'LZ_natural\\LZ_natural_163.jpg'), ('imagethree', 'LZ_natural\\LZ_natural_218.jpg'), ('imagefour', 'LZ_natural\\LZ_natural_174.jpg'), ('frequency', 2), ('imageTL', 'LZ_natural\\LZ_natural_161.jpg'), ('imageBL', 'LZ_natural\\LZ_natural_191.jpg'), ('imageTR', 'LZ_natural\\LZ_natural_218.jpg'), ('imageBR', 'LZ_natural\\LZ_natural_37.jpg'), ('correct_answer', '    k')])
36.4562 	EXP 	Topleft: autoDraw = False
36.4562 	EXP 	Topright: autoDraw = False
36.4562 	EXP 	Bottomleft: autoDraw = False
36.4562 	EXP 	Bottomright: autoDraw = False
36.4562 	EXP 	Fixation_cross: autoDraw = False
36.4562 	EXP 	image: image = 'LZ_natural\\LZ_natural_12.jpg'
36.4562 	EXP 	image_2: image = 'LZ_natural\\LZ_natural_163.jpg'
36.4562 	EXP 	image_3: image = 'LZ_natural\\LZ_natural_218.jpg'
36.4562 	EXP 	image_4: image = 'LZ_natural\\LZ_natural_174.jpg'
36.4562 	EXP 	Cross: autoDraw = True
37.4561 	EXP 	Cross: autoDraw = False
37.4561 	EXP 	image: autoDraw = True
38.4565 	EXP 	image: autoDraw = False
38.4565 	EXP 	image_2: autoDraw = True
39.4562 	EXP 	image_2: autoDraw = False
39.4562 	EXP 	image_3: autoDraw = True
40.4562 	EXP 	image_3: autoDraw = False
40.4562 	EXP 	image_4: autoDraw = True
41.4530 	EXP 	Cross: autoDraw = False
41.4530 	EXP 	image: autoDraw = False
41.4530 	EXP 	image_2: autoDraw = False
41.4530 	EXP 	image_3: autoDraw = False
41.4530 	EXP 	image_4: autoDraw = False
41.4530 	EXP 	Topleft: image = 'LZ_natural\\LZ_natural_161.jpg'
41.4530 	EXP 	Topright: image = 'LZ_natural\\LZ_natural_218.jpg'
41.4530 	EXP 	Bottomleft: image = 'LZ_natural\\LZ_natural_191.jpg'
41.4530 	EXP 	Bottomright: image = 'LZ_natural\\LZ_natural_37.jpg'
41.4530 	EXP 	Fixation_cross: autoDraw = True
42.4515 	EXP 	Topleft: autoDraw = True
42.4515 	EXP 	Topright: autoDraw = True
42.4515 	EXP 	Bottomleft: autoDraw = True
42.4515 	EXP 	Bottomright: autoDraw = True
42.4619 	EXP 	Fixation_cross: autoDraw = False
46.4167 	EXP 	New trial (rep=0, index=3): OrderedDict([('imageone', 'LZ_natural\\LZ_natural_36.jpg'), ('imagetwo', 'LZ_natural\\LZ_natural_60.jpg'), ('imagethree', 'LZ_natural\\LZ_natural_15.jpg'), ('imagefour', 'LZ_natural\\LZ_natural_118.jpg'), ('frequency', 4), ('imageTL', 'LZ_natural\\LZ_natural_36.jpg'), ('imageBL', 'LZ_natural\\LZ_natural_56.jpg'), ('imageTR', 'LZ_natural\\LZ_natural_163.jpg'), ('imageBR', 'LZ_natural\\LZ_natural_118.jpg'), ('correct_answer', '    a')])
46.4629 	DATA 	Keypress: k
46.4660 	EXP 	Topleft: autoDraw = False
46.4660 	EXP 	Topright: autoDraw = False
46.4660 	EXP 	Bottomleft: autoDraw = False
46.4660 	EXP 	Bottomright: autoDraw = False
46.4660 	EXP 	Fixation_cross: autoDraw = False
46.4660 	EXP 	image: image = 'LZ_natural\\LZ_natural_36.jpg'
46.4660 	EXP 	image_2: image = 'LZ_natural\\LZ_natural_60.jpg'
46.4660 	EXP 	image_3: image = 'LZ_natural\\LZ_natural_15.jpg'
46.4660 	EXP 	image_4: image = 'LZ_natural\\LZ_natural_118.jpg'
46.4660 	EXP 	Cross: autoDraw = True
47.4566 	EXP 	image: autoDraw = True
47.4703 	EXP 	Cross: autoDraw = False
48.4563 	EXP 	image: autoDraw = False
48.4563 	EXP 	image_2: autoDraw = True
49.4565 	EXP 	image_2: autoDraw = False
49.4565 	EXP 	image_3: autoDraw = True
50.4561 	EXP 	image_3: autoDraw = False
50.4561 	EXP 	image_4: autoDraw = True
51.4490 	EXP 	Cross: autoDraw = False
51.4490 	EXP 	image: autoDraw = False
51.4490 	EXP 	image_2: autoDraw = False
51.4490 	EXP 	image_3: autoDraw = False
51.4490 	EXP 	image_4: autoDraw = False
51.4490 	EXP 	Topleft: image = 'LZ_natural\\LZ_natural_36.jpg'
51.4490 	EXP 	Topright: image = 'LZ_natural\\LZ_natural_163.jpg'
51.4490 	EXP 	Bottomleft: image = 'LZ_natural\\LZ_natural_56.jpg'
51.4490 	EXP 	Bottomright: image = 'LZ_natural\\LZ_natural_118.jpg'
51.4490 	EXP 	Fixation_cross: autoDraw = True
52.4448 	EXP 	Topleft: autoDraw = True
52.4448 	EXP 	Topright: autoDraw = True
52.4448 	EXP 	Bottomleft: autoDraw = True
52.4448 	EXP 	Bottomright: autoDraw = True
52.4551 	EXP 	Fixation_cross: autoDraw = False
56.4444 	EXP 	Topleft: autoDraw = False
56.4444 	EXP 	Topright: autoDraw = False
56.4444 	EXP 	Bottomleft: autoDraw = False
56.4444 	EXP 	Bottomright: autoDraw = False
57.5237 	EXP 	New trial (rep=0, index=4): OrderedDict([('imageone', 'LZ_natural\\LZ_natural_113.jpg'), ('imagetwo', 'LZ_natural\\LZ_natural_3.jpg'), ('imagethree', 'LZ_natural\\LZ_natural_4.jpg'), ('imagefour', 'LZ_natural\\LZ_natural_88.jpg'), ('frequency', 4), ('imageTL', 'LZ_natural\\LZ_natural_68.jpg'), ('imageBL', 'LZ_natural\\LZ_natural_235.jpg'), ('imageTR', 'LZ_natural\\LZ_natural_4.jpg'), ('imageBR', 'LZ_natural\\LZ_natural_190.jpg'), ('correct_answer', '    k')])
57.5691 	DATA 	Keypress: a
57.5721 	EXP 	Topleft: autoDraw = False
57.5721 	EXP 	Topright: autoDraw = False
57.5721 	EXP 	Bottomleft: autoDraw = False
57.5721 	EXP 	Bottomright: autoDraw = False
57.5721 	EXP 	Fixation_cross: autoDraw = False
57.5721 	EXP 	image: image = 'LZ_natural\\LZ_natural_113.jpg'
57.5721 	EXP 	image_2: image = 'LZ_natural\\LZ_natural_3.jpg'
57.5721 	EXP 	image_3: image = 'LZ_natural\\LZ_natural_4.jpg'
57.5721 	EXP 	image_4: image = 'LZ_natural\\LZ_natural_88.jpg'
57.5721 	EXP 	Cross: autoDraw = True
58.5677 	EXP 	image: autoDraw = True
58.5747 	EXP 	Cross: autoDraw = False
59.5678 	EXP 	image: autoDraw = False
59.5678 	EXP 	image_2: autoDraw = True
60.5675 	EXP 	image_2: autoDraw = False
60.5675 	EXP 	image_3: autoDraw = True
61.5675 	EXP 	image_3: autoDraw = False
61.5675 	EXP 	image_4: autoDraw = True
62.5675 	EXP 	Cross: autoDraw = False
62.5675 	EXP 	image: autoDraw = False
62.5675 	EXP 	image_2: autoDraw = False
62.5675 	EXP 	image_3: autoDraw = False
62.5675 	EXP 	image_4: autoDraw = False
62.5675 	EXP 	Topleft: image = 'LZ_natural\\LZ_natural_68.jpg'
62.5675 	EXP 	Topright: image = 'LZ_natural\\LZ_natural_4.jpg'
62.5675 	EXP 	Bottomleft: image = 'LZ_natural\\LZ_natural_235.jpg'
62.5675 	EXP 	Bottomright: image = 'LZ_natural\\LZ_natural_190.jpg'
62.5675 	EXP 	Fixation_cross: autoDraw = True
63.9353 	EXP 	Topleft: autoDraw = True
63.9353 	EXP 	Topright: autoDraw = True
63.9353 	EXP 	Bottomleft: autoDraw = True
63.9353 	EXP 	Bottomright: autoDraw = True
63.9353 	EXP 	Fixation_cross: autoDraw = False
65.4423 	DATA 	Keypress: k
65.4512 	EXP 	New trial (rep=0, index=5): OrderedDict([('imageone', 'LZ_scrambled\\LZ_scrambled_28.jpg'), ('imagetwo', 'LZ_scrambled\\LZ_scrambled_73.jpg'), ('imagethree', 'LZ_scrambled\\LZ_scrambled_98.jpg'), ('imagefour', 'LZ_scrambled\\LZ_scrambled_162.jpg'), ('frequency', 2), ('imageTL', 'LZ_scrambled\\LZ_scrambled_28.jpg'), ('imageBL', 'LZ_scrambled\\LZ_scrambled_157.jpg'), ('imageTR', 'LZ_scrambled\\LZ_scrambled_125.jpg'), ('imageBR', 'LZ_scrambled\\LZ_scrambled_162.jpg'), ('correct_answer', '    m')])
65.5811 	EXP 	Topleft: autoDraw = False
65.5811 	EXP 	Topright: autoDraw = False
65.5811 	EXP 	Bottomleft: autoDraw = False
65.5811 	EXP 	Bottomright: autoDraw = False
65.5811 	EXP 	Fixation_cross: autoDraw = False
65.5811 	EXP 	image: image = 'LZ_scrambled\\LZ_scrambled_28.jpg'
65.5811 	EXP 	image_2: image = 'LZ_scrambled\\LZ_scrambled_73.jpg'
65.5811 	EXP 	image_3: image = 'LZ_scrambled\\LZ_scrambled_98.jpg'
65.5811 	EXP 	image_4: image = 'LZ_scrambled\\LZ_scrambled_162.jpg'
65.5811 	EXP 	Cross: autoDraw = True
66.5681 	EXP 	image: autoDraw = True
66.5817 	EXP 	Cross: autoDraw = False
67.5681 	EXP 	image: autoDraw = False
67.5681 	EXP 	image_2: autoDraw = True
68.5679 	EXP 	image_2: autoDraw = False
68.5679 	EXP 	image_3: autoDraw = True
69.5681 	EXP 	image_3: autoDraw = False
69.5681 	EXP 	image_4: autoDraw = True
70.5911 	EXP 	Cross: autoDraw = False
70.5911 	EXP 	image: autoDraw = False
70.5911 	EXP 	image_2: autoDraw = False
70.5911 	EXP 	image_3: autoDraw = False
70.5911 	EXP 	image_4: autoDraw = False
70.5911 	EXP 	Topleft: image = 'LZ_scrambled\\LZ_scrambled_28.jpg'
70.5911 	EXP 	Topright: image = 'LZ_scrambled\\LZ_scrambled_125.jpg'
70.5911 	EXP 	Bottomleft: image = 'LZ_scrambled\\LZ_scrambled_157.jpg'
70.5911 	EXP 	Bottomright: image = 'LZ_scrambled\\LZ_scrambled_162.jpg'
70.5911 	EXP 	Fixation_cross: autoDraw = True
71.5840 	EXP 	Topleft: autoDraw = True
71.5840 	EXP 	Topright: autoDraw = True
71.5840 	EXP 	Bottomleft: autoDraw = True
71.5840 	EXP 	Bottomright: autoDraw = True
71.5938 	EXP 	Fixation_cross: autoDraw = False
72.3035 	DATA 	Keypress: m
72.3127 	EXP 	New trial (rep=0, index=6): OrderedDict([('imageone', 'LZ_noise\\LZ_noise_53.jpg'), ('imagetwo', 'LZ_noise\\LZ_noise_120.jpg'), ('imagethree', 'LZ_noise\\LZ_noise_144.jpg'), ('imagefour', 'LZ_noise\\LZ_noise_106.jpg'), ('frequency', 2), ('imageTL', 'LZ_noise\\LZ_noise_61.jpg'), ('imageBL', 'LZ_noise\\LZ_noise_63.jpg'), ('imageTR', 'LZ_noise\\LZ_noise_144.jpg'), ('imageBR', 'LZ_noise\\LZ_noise_29.jpg'), ('correct_answer', '    k')])
72.3807 	EXP 	Topleft: autoDraw = False
72.3807 	EXP 	Topright: autoDraw = False
72.3807 	EXP 	Bottomleft: autoDraw = False
72.3807 	EXP 	Bottomright: autoDraw = False
72.3807 	EXP 	Fixation_cross: autoDraw = False
72.3807 	EXP 	image: image = 'LZ_noise\\LZ_noise_53.jpg'
72.3807 	EXP 	image_2: image = 'LZ_noise\\LZ_noise_120.jpg'
72.3807 	EXP 	image_3: image = 'LZ_noise\\LZ_noise_144.jpg'
72.3807 	EXP 	image_4: image = 'LZ_noise\\LZ_noise_106.jpg'
72.3807 	EXP 	Cross: autoDraw = True
73.3666 	EXP 	image: autoDraw = True
73.3805 	EXP 	Cross: autoDraw = False
74.3664 	EXP 	image: autoDraw = False
74.3664 	EXP 	image_2: autoDraw = True
75.3668 	EXP 	image_2: autoDraw = False
75.3668 	EXP 	image_3: autoDraw = True
76.3665 	EXP 	image_3: autoDraw = False
76.3665 	EXP 	image_4: autoDraw = True
77.3895 	EXP 	Cross: autoDraw = False
77.3895 	EXP 	image: autoDraw = False
77.3895 	EXP 	image_2: autoDraw = False
77.3895 	EXP 	image_3: autoDraw = False
77.3895 	EXP 	image_4: autoDraw = False
77.3895 	EXP 	Topleft: image = 'LZ_noise\\LZ_noise_61.jpg'
77.3895 	EXP 	Topright: image = 'LZ_noise\\LZ_noise_144.jpg'
77.3895 	EXP 	Bottomleft: image = 'LZ_noise\\LZ_noise_63.jpg'
77.3895 	EXP 	Bottomright: image = 'LZ_noise\\LZ_noise_29.jpg'
77.3895 	EXP 	Fixation_cross: autoDraw = True
78.3756 	EXP 	Topleft: autoDraw = True
78.3756 	EXP 	Topright: autoDraw = True
78.3756 	EXP 	Bottomleft: autoDraw = True
78.3756 	EXP 	Bottomright: autoDraw = True
78.3950 	EXP 	Fixation_cross: autoDraw = False
79.6859 	DATA 	Keypress: k
79.6956 	EXP 	New trial (rep=0, index=7): OrderedDict([('imageone', 'LZ_scrambled\\LZ_scrambled_121.jpg'), ('imagetwo', 'LZ_scrambled\\LZ_scrambled_131.jpg'), ('imagethree', 'LZ_scrambled\\LZ_scrambled_217.jpg'), ('imagefour', 'LZ_scrambled\\LZ_scrambled_124.jpg'), ('frequency', 1), ('imageTL', 'LZ_scrambled\\LZ_scrambled_229.jpg'), ('imageBL', 'LZ_scrambled\\LZ_scrambled_125.jpg'), ('imageTR', 'LZ_scrambled\\LZ_scrambled_32.jpg'), ('imageBR', 'LZ_scrambled\\LZ_scrambled_124.jpg'), ('correct_answer', '    m')])
79.7948 	EXP 	Topleft: autoDraw = False
79.7948 	EXP 	Topright: autoDraw = False
79.7948 	EXP 	Bottomleft: autoDraw = False
79.7948 	EXP 	Bottomright: autoDraw = False
79.7948 	EXP 	Fixation_cross: autoDraw = False
79.7948 	EXP 	image: image = 'LZ_scrambled\\LZ_scrambled_121.jpg'
79.7948 	EXP 	image_2: image = 'LZ_scrambled\\LZ_scrambled_131.jpg'
79.7948 	EXP 	image_3: image = 'LZ_scrambled\\LZ_scrambled_217.jpg'
79.7948 	EXP 	image_4: image = 'LZ_scrambled\\LZ_scrambled_124.jpg'
79.7948 	EXP 	Cross: autoDraw = True
80.7904 	EXP 	image: autoDraw = True
80.7969 	EXP 	Cross: autoDraw = False
81.7905 	EXP 	image: autoDraw = False
81.7905 	EXP 	image_2: autoDraw = True
82.7903 	EXP 	image_2: autoDraw = False
82.7903 	EXP 	image_3: autoDraw = True
83.7906 	EXP 	image_3: autoDraw = False
83.7906 	EXP 	image_4: autoDraw = True
84.7995 	EXP 	Cross: autoDraw = False
84.7995 	EXP 	image: autoDraw = False
84.7995 	EXP 	image_2: autoDraw = False
84.7995 	EXP 	image_3: autoDraw = False
84.7995 	EXP 	image_4: autoDraw = False
84.7995 	EXP 	Topleft: image = 'LZ_scrambled\\LZ_scrambled_229.jpg'
84.7995 	EXP 	Topright: image = 'LZ_scrambled\\LZ_scrambled_32.jpg'
84.7995 	EXP 	Bottomleft: image = 'LZ_scrambled\\LZ_scrambled_125.jpg'
84.7995 	EXP 	Bottomright: image = 'LZ_scrambled\\LZ_scrambled_124.jpg'
84.7995 	EXP 	Fixation_cross: autoDraw = True
85.7928 	EXP 	Topleft: autoDraw = True
85.7928 	EXP 	Topright: autoDraw = True
85.7928 	EXP 	Bottomleft: autoDraw = True
85.7928 	EXP 	Bottomright: autoDraw = True
85.8022 	EXP 	Fixation_cross: autoDraw = False
86.6027 	EXP 	New trial (rep=0, index=8): OrderedDict([('imageone', 'LZ_noise\\LZ_noise_33.jpg'), ('imagetwo', 'LZ_noise\\LZ_noise_204.jpg'), ('imagethree', 'LZ_noise\\LZ_noise_119.jpg'), ('imagefour', 'LZ_noise\\LZ_noise_98.jpg'), ('frequency', 1), ('imageTL', 'LZ_noise\\LZ_noise_33.jpg'), ('imageBL', 'LZ_noise\\LZ_noise_112.jpg'), ('imageTR', 'LZ_noise\\LZ_noise_53.jpg'), ('imageBR', 'LZ_noise\\LZ_noise_192.jpg'), ('correct_answer', '    a')])
86.6748 	DATA 	Keypress: m
86.6868 	EXP 	Topleft: autoDraw = False
86.6868 	EXP 	Topright: autoDraw = False
86.6868 	EXP 	Bottomleft: autoDraw = False
86.6868 	EXP 	Bottomright: autoDraw = False
86.6868 	EXP 	Fixation_cross: autoDraw = False
86.6868 	EXP 	image: image = 'LZ_noise\\LZ_noise_33.jpg'
86.6868 	EXP 	image_2: image = 'LZ_noise\\LZ_noise_204.jpg'
86.6868 	EXP 	image_3: image = 'LZ_noise\\LZ_noise_119.jpg'
86.6868 	EXP 	image_4: image = 'LZ_noise\\LZ_noise_98.jpg'
86.6868 	EXP 	Cross: autoDraw = True
87.6724 	EXP 	image: autoDraw = True
87.6858 	EXP 	Cross: autoDraw = False
88.6723 	EXP 	image: autoDraw = False
88.6723 	EXP 	image_2: autoDraw = True
89.6723 	EXP 	image_2: autoDraw = False
89.6723 	EXP 	image_3: autoDraw = True
90.6723 	EXP 	image_3: autoDraw = False
90.6723 	EXP 	image_4: autoDraw = True
91.6655 	EXP 	Cross: autoDraw = False
91.6655 	EXP 	image: autoDraw = False
91.6655 	EXP 	image_2: autoDraw = False
91.6655 	EXP 	image_3: autoDraw = False
91.6655 	EXP 	image_4: autoDraw = False
91.6655 	EXP 	Topleft: image = 'LZ_noise\\LZ_noise_33.jpg'
91.6655 	EXP 	Topright: image = 'LZ_noise\\LZ_noise_53.jpg'
91.6655 	EXP 	Bottomleft: image = 'LZ_noise\\LZ_noise_112.jpg'
91.6655 	EXP 	Bottomright: image = 'LZ_noise\\LZ_noise_192.jpg'
91.6655 	EXP 	Fixation_cross: autoDraw = True
92.6462 	EXP 	Topleft: autoDraw = True
92.6462 	EXP 	Topright: autoDraw = True
92.6462 	EXP 	Bottomleft: autoDraw = True
92.6462 	EXP 	Bottomright: autoDraw = True
92.6739 	EXP 	Fixation_cross: autoDraw = False
93.5794 	EXP 	New trial (rep=0, index=9): OrderedDict([('imageone', 'LZ_noise\\LZ_noise_190.jpg'), ('imagetwo', 'LZ_noise\\LZ_noise_18.jpg'), ('imagethree', 'LZ_noise\\LZ_noise_66.jpg'), ('imagefour', 'LZ_noise\\LZ_noise_99.jpg'), ('frequency', 2), ('imageTL', 'LZ_noise\\LZ_noise_190.jpg'), ('imageBL', 'LZ_noise\\LZ_noise_191.jpg'), ('imageTR', 'LZ_noise\\LZ_noise_39.jpg'), ('imageBR', 'LZ_noise\\LZ_noise_215.jpg'), ('correct_answer', '    a')])
93.6397 	DATA 	Keypress: a
93.6427 	EXP 	Topleft: autoDraw = False
93.6427 	EXP 	Topright: autoDraw = False
93.6427 	EXP 	Bottomleft: autoDraw = False
93.6427 	EXP 	Bottomright: autoDraw = False
93.6427 	EXP 	Fixation_cross: autoDraw = False
93.6427 	EXP 	image: image = 'LZ_noise\\LZ_noise_190.jpg'
93.6427 	EXP 	image_2: image = 'LZ_noise\\LZ_noise_18.jpg'
93.6427 	EXP 	image_3: image = 'LZ_noise\\LZ_noise_66.jpg'
93.6427 	EXP 	image_4: image = 'LZ_noise\\LZ_noise_99.jpg'
93.6427 	EXP 	Cross: autoDraw = True
94.6379 	EXP 	image: autoDraw = True
94.6443 	EXP 	Cross: autoDraw = False
95.6378 	EXP 	image: autoDraw = False
95.6378 	EXP 	image_2: autoDraw = True
96.6379 	EXP 	image_2: autoDraw = False
96.6379 	EXP 	image_3: autoDraw = True
97.6373 	EXP 	image_3: autoDraw = False
97.6373 	EXP 	image_4: autoDraw = True
98.6217 	EXP 	Cross: autoDraw = False
98.6217 	EXP 	image: autoDraw = False
98.6217 	EXP 	image_2: autoDraw = False
98.6217 	EXP 	image_3: autoDraw = False
98.6217 	EXP 	image_4: autoDraw = False
98.6217 	EXP 	Topleft: image = 'LZ_noise\\LZ_noise_190.jpg'
98.6217 	EXP 	Topright: image = 'LZ_noise\\LZ_noise_39.jpg'
98.6217 	EXP 	Bottomleft: image = 'LZ_noise\\LZ_noise_191.jpg'
98.6217 	EXP 	Bottomright: image = 'LZ_noise\\LZ_noise_215.jpg'
98.6217 	EXP 	Fixation_cross: autoDraw = True
99.6186 	EXP 	Topleft: autoDraw = True
99.6186 	EXP 	Topright: autoDraw = True
99.6186 	EXP 	Bottomleft: autoDraw = True
99.6186 	EXP 	Bottomright: autoDraw = True
99.6286 	EXP 	Fixation_cross: autoDraw = False
101.5976 	DATA 	Keypress: a
101.6078 	EXP 	New trial (rep=0, index=10): OrderedDict([('imageone', 'LZ_scrambled\\LZ_scrambled_139.jpg'), ('imagetwo', 'LZ_scrambled\\LZ_scrambled_15.jpg'), ('imagethree', 'LZ_scrambled\\LZ_scrambled_147.jpg'), ('imagefour', 'LZ_scrambled\\LZ_scrambled_10.jpg'), ('frequency', 2), ('imageTL', 'LZ_scrambled\\LZ_scrambled_67.jpg'), ('imageBL', 'LZ_scrambled\\LZ_scrambled_2.jpg'), ('imageTR', 'LZ_scrambled\\LZ_scrambled_147.jpg'), ('imageBR', 'LZ_scrambled\\LZ_scrambled_13.jpg'), ('correct_answer', '    k')])
101.7303 	EXP 	Topleft: autoDraw = False
101.7303 	EXP 	Topright: autoDraw = False
101.7303 	EXP 	Bottomleft: autoDraw = False
101.7303 	EXP 	Bottomright: autoDraw = False
101.7303 	EXP 	Fixation_cross: autoDraw = False
101.7303 	EXP 	image: image = 'LZ_scrambled\\LZ_scrambled_139.jpg'
101.7303 	EXP 	image_2: image = 'LZ_scrambled\\LZ_scrambled_15.jpg'
101.7303 	EXP 	image_3: image = 'LZ_scrambled\\LZ_scrambled_147.jpg'
101.7303 	EXP 	image_4: image = 'LZ_scrambled\\LZ_scrambled_10.jpg'
101.7303 	EXP 	Cross: autoDraw = True
102.7211 	EXP 	image: autoDraw = True
102.7346 	EXP 	Cross: autoDraw = False
103.7209 	EXP 	image: autoDraw = False
103.7209 	EXP 	image_2: autoDraw = True
104.7209 	EXP 	image_2: autoDraw = False
104.7209 	EXP 	image_3: autoDraw = True
105.7210 	EXP 	image_3: autoDraw = False
105.7210 	EXP 	image_4: autoDraw = True
106.7201 	EXP 	Cross: autoDraw = False
106.7201 	EXP 	image: autoDraw = False
106.7201 	EXP 	image_2: autoDraw = False
106.7201 	EXP 	image_3: autoDraw = False
106.7201 	EXP 	image_4: autoDraw = False
106.7201 	EXP 	Topleft: image = 'LZ_scrambled\\LZ_scrambled_67.jpg'
106.7201 	EXP 	Topright: image = 'LZ_scrambled\\LZ_scrambled_147.jpg'
106.7201 	EXP 	Bottomleft: image = 'LZ_scrambled\\LZ_scrambled_2.jpg'
106.7201 	EXP 	Bottomright: image = 'LZ_scrambled\\LZ_scrambled_13.jpg'
106.7201 	EXP 	Fixation_cross: autoDraw = True
107.7165 	EXP 	Topleft: autoDraw = True
107.7165 	EXP 	Topright: autoDraw = True
107.7165 	EXP 	Bottomleft: autoDraw = True
107.7165 	EXP 	Bottomright: autoDraw = True
107.7265 	EXP 	Fixation_cross: autoDraw = False
109.6264 	EXP 	New trial (rep=0, index=11): OrderedDict([('imageone', 'LZ_scrambled\\LZ_scrambled_221.jpg'), ('imagetwo', 'LZ_scrambled\\LZ_scrambled_140.jpg'), ('imagethree', 'LZ_scrambled\\LZ_scrambled_43.jpg'), ('imagefour', 'LZ_scrambled\\LZ_scrambled_210.jpg'), ('frequency', 1), ('imageTL', 'LZ_scrambled\\LZ_scrambled_139.jpg'), ('imageBL', 'LZ_scrambled\\LZ_scrambled_109.jpg'), ('imageTR', 'LZ_scrambled\\LZ_scrambled_43.jpg'), ('imageBR', 'LZ_scrambled\\LZ_scrambled_107.jpg'), ('correct_answer', '    k')])
109.7392 	DATA 	Keypress: m
109.7434 	EXP 	Topleft: autoDraw = False
109.7434 	EXP 	Topright: autoDraw = False
109.7434 	EXP 	Bottomleft: autoDraw = False
109.7434 	EXP 	Bottomright: autoDraw = False
109.7434 	EXP 	Fixation_cross: autoDraw = False
109.7434 	EXP 	image: image = 'LZ_scrambled\\LZ_scrambled_221.jpg'
109.7434 	EXP 	image_2: image = 'LZ_scrambled\\LZ_scrambled_140.jpg'
109.7434 	EXP 	image_3: image = 'LZ_scrambled\\LZ_scrambled_43.jpg'
109.7434 	EXP 	image_4: image = 'LZ_scrambled\\LZ_scrambled_210.jpg'
109.7434 	EXP 	Cross: autoDraw = True
110.7354 	EXP 	image: autoDraw = True
110.7488 	EXP 	Cross: autoDraw = False
111.7351 	EXP 	image: autoDraw = False
111.7351 	EXP 	image_2: autoDraw = True
112.7354 	EXP 	image_2: autoDraw = False
112.7354 	EXP 	image_3: autoDraw = True
113.7351 	EXP 	image_3: autoDraw = False
113.7351 	EXP 	image_4: autoDraw = True
114.7156 	EXP 	Cross: autoDraw = False
114.7156 	EXP 	image: autoDraw = False
114.7156 	EXP 	image_2: autoDraw = False
114.7156 	EXP 	image_3: autoDraw = False
114.7156 	EXP 	image_4: autoDraw = False
114.7156 	EXP 	Topleft: image = 'LZ_scrambled\\LZ_scrambled_139.jpg'
114.7156 	EXP 	Topright: image = 'LZ_scrambled\\LZ_scrambled_43.jpg'
114.7156 	EXP 	Bottomleft: image = 'LZ_scrambled\\LZ_scrambled_109.jpg'
114.7156 	EXP 	Bottomright: image = 'LZ_scrambled\\LZ_scrambled_107.jpg'
114.7156 	EXP 	Fixation_cross: autoDraw = True
115.7093 	EXP 	Topleft: autoDraw = True
115.7093 	EXP 	Topright: autoDraw = True
115.7093 	EXP 	Bottomleft: autoDraw = True
115.7093 	EXP 	Bottomright: autoDraw = True
115.7195 	EXP 	Fixation_cross: autoDraw = False
116.3540 	EXP 	New trial (rep=0, index=12): OrderedDict([('imageone', 'LZ_noise\\LZ_noise_155.jpg'), ('imagetwo', 'LZ_noise\\LZ_noise_236.jpg'), ('imagethree', 'LZ_noise\\LZ_noise_233.jpg'), ('imagefour', 'LZ_noise\\LZ_noise_44.jpg'), ('frequency', 4), ('imageTL', 'LZ_noise\\LZ_noise_155.jpg'), ('imageBL', 'LZ_noise\\LZ_noise_104.jpg'), ('imageTR', 'LZ_noise\\LZ_noise_129.jpg'), ('imageBR', 'LZ_noise\\LZ_noise_77.jpg'), ('correct_answer', '    a')])
116.4208 	DATA 	Keypress: a
116.4326 	EXP 	Topleft: autoDraw = False
116.4326 	EXP 	Topright: autoDraw = False
116.4326 	EXP 	Bottomleft: autoDraw = False
116.4326 	EXP 	Bottomright: autoDraw = False
116.4326 	EXP 	Fixation_cross: autoDraw = False
116.4326 	EXP 	image: image = 'LZ_noise\\LZ_noise_155.jpg'
116.4326 	EXP 	image_2: image = 'LZ_noise\\LZ_noise_236.jpg'
116.4326 	EXP 	image_3: image = 'LZ_noise\\LZ_noise_233.jpg'
116.4326 	EXP 	image_4: image = 'LZ_noise\\LZ_noise_44.jpg'
116.4326 	EXP 	Cross: autoDraw = True
117.4159 	EXP 	image: autoDraw = True
117.4364 	EXP 	Cross: autoDraw = False
118.4156 	EXP 	image: autoDraw = False
118.4156 	EXP 	image_2: autoDraw = True
119.4156 	EXP 	image_2: autoDraw = False
119.4156 	EXP 	image_3: autoDraw = True
120.4159 	EXP 	image_3: autoDraw = False
120.4159 	EXP 	image_4: autoDraw = True
121.4160 	EXP 	Cross: autoDraw = False
121.4160 	EXP 	image: autoDraw = False
121.4160 	EXP 	image_2: autoDraw = False
121.4160 	EXP 	image_3: autoDraw = False
121.4160 	EXP 	image_4: autoDraw = False
121.4160 	EXP 	Topleft: image = 'LZ_noise\\LZ_noise_155.jpg'
121.4160 	EXP 	Topright: image = 'LZ_noise\\LZ_noise_129.jpg'
121.4160 	EXP 	Bottomleft: image = 'LZ_noise\\LZ_noise_104.jpg'
121.4160 	EXP 	Bottomright: image = 'LZ_noise\\LZ_noise_77.jpg'
121.4160 	EXP 	Fixation_cross: autoDraw = True
122.4040 	EXP 	Topleft: autoDraw = True
122.4040 	EXP 	Topright: autoDraw = True
122.4040 	EXP 	Bottomleft: autoDraw = True
122.4040 	EXP 	Bottomright: autoDraw = True
122.4228 	EXP 	Fixation_cross: autoDraw = False
124.1165 	EXP 	New trial (rep=0, index=13): OrderedDict([('imageone', 'LZ_scrambled\\LZ_scrambled_3.jpg'), ('imagetwo', 'LZ_scrambled\\LZ_scrambled_108.jpg'), ('imagethree', 'LZ_scrambled\\LZ_scrambled_107.jpg'), ('imagefour', 'LZ_scrambled\\LZ_scrambled_44.jpg'), ('frequency', 2), ('imageTL', 'LZ_scrambled\\LZ_scrambled_45.jpg'), ('imageBL', 'LZ_scrambled\\LZ_scrambled_30.jpg'), ('imageTR', 'LZ_scrambled\\LZ_scrambled_210.jpg'), ('imageBR', 'LZ_scrambled\\LZ_scrambled_44.jpg'), ('correct_answer', '    m')])
124.2133 	DATA 	Keypress: a
124.2192 	EXP 	Topleft: autoDraw = False
124.2192 	EXP 	Topright: autoDraw = False
124.2192 	EXP 	Bottomleft: autoDraw = False
124.2192 	EXP 	Bottomright: autoDraw = False
124.2192 	EXP 	Fixation_cross: autoDraw = False
124.2192 	EXP 	image: image = 'LZ_scrambled\\LZ_scrambled_3.jpg'
124.2192 	EXP 	image_2: image = 'LZ_scrambled\\LZ_scrambled_108.jpg'
124.2192 	EXP 	image_3: image = 'LZ_scrambled\\LZ_scrambled_107.jpg'
124.2192 	EXP 	image_4: image = 'LZ_scrambled\\LZ_scrambled_44.jpg'
124.2192 	EXP 	Cross: autoDraw = True
125.2079 	EXP 	image: autoDraw = True
125.2213 	EXP 	Cross: autoDraw = False
126.2080 	EXP 	image: autoDraw = False
126.2080 	EXP 	image_2: autoDraw = True
127.2075 	EXP 	image_2: autoDraw = False
127.2075 	EXP 	image_3: autoDraw = True
128.2077 	EXP 	image_3: autoDraw = False
128.2077 	EXP 	image_4: autoDraw = True
129.2090 	EXP 	Cross: autoDraw = False
129.2090 	EXP 	image: autoDraw = False
129.2090 	EXP 	image_2: autoDraw = False
129.2090 	EXP 	image_3: autoDraw = False
129.2090 	EXP 	image_4: autoDraw = False
129.2090 	EXP 	Topleft: image = 'LZ_scrambled\\LZ_scrambled_45.jpg'
129.2090 	EXP 	Topright: image = 'LZ_scrambled\\LZ_scrambled_210.jpg'
129.2090 	EXP 	Bottomleft: image = 'LZ_scrambled\\LZ_scrambled_30.jpg'
129.2090 	EXP 	Bottomright: image = 'LZ_scrambled\\LZ_scrambled_44.jpg'
129.2090 	EXP 	Fixation_cross: autoDraw = True
130.2026 	EXP 	Topleft: autoDraw = True
130.2026 	EXP 	Topright: autoDraw = True
130.2026 	EXP 	Bottomleft: autoDraw = True
130.2026 	EXP 	Bottomright: autoDraw = True
130.2134 	EXP 	Fixation_cross: autoDraw = False
131.9172 	EXP 	New trial (rep=0, index=14): OrderedDict([('imageone', 'LZ_natural\\LZ_natural_11.jpg'), ('imagetwo', 'LZ_natural\\LZ_natural_9.jpg'), ('imagethree', 'LZ_natural\\LZ_natural_80.jpg'), ('imagefour', 'LZ_natural\\LZ_natural_132.jpg'), ('frequency', 3), ('imageTL', 'LZ_natural\\LZ_natural_42.jpg'), ('imageBL', 'LZ_natural\\LZ_natural_162.jpg'), ('imageTR', 'LZ_natural\\LZ_natural_80.jpg'), ('imageBR', 'LZ_natural\\LZ_natural_152.jpg'), ('correct_answer', '    k')])
131.9803 	DATA 	Keypress: m
131.9924 	EXP 	Topleft: autoDraw = False
131.9924 	EXP 	Topright: autoDraw = False
131.9924 	EXP 	Bottomleft: autoDraw = False
131.9924 	EXP 	Bottomright: autoDraw = False
131.9924 	EXP 	Fixation_cross: autoDraw = False
131.9924 	EXP 	image: image = 'LZ_natural\\LZ_natural_11.jpg'
131.9924 	EXP 	image_2: image = 'LZ_natural\\LZ_natural_9.jpg'
131.9924 	EXP 	image_3: image = 'LZ_natural\\LZ_natural_80.jpg'
131.9924 	EXP 	image_4: image = 'LZ_natural\\LZ_natural_132.jpg'
131.9924 	EXP 	Cross: autoDraw = True
132.9787 	EXP 	image: autoDraw = True
132.9921 	EXP 	Cross: autoDraw = False
133.9781 	EXP 	image: autoDraw = False
133.9781 	EXP 	image_2: autoDraw = True
134.9783 	EXP 	image_2: autoDraw = False
134.9783 	EXP 	image_3: autoDraw = True
135.9781 	EXP 	image_3: autoDraw = False
135.9781 	EXP 	image_4: autoDraw = True
136.9709 	EXP 	Cross: autoDraw = False
136.9709 	EXP 	image: autoDraw = False
136.9709 	EXP 	image_2: autoDraw = False
136.9709 	EXP 	image_3: autoDraw = False
136.9709 	EXP 	image_4: autoDraw = False
136.9709 	EXP 	Topleft: image = 'LZ_natural\\LZ_natural_42.jpg'
136.9709 	EXP 	Topright: image = 'LZ_natural\\LZ_natural_80.jpg'
136.9709 	EXP 	Bottomleft: image = 'LZ_natural\\LZ_natural_162.jpg'
136.9709 	EXP 	Bottomright: image = 'LZ_natural\\LZ_natural_152.jpg'
136.9709 	EXP 	Fixation_cross: autoDraw = True
137.9590 	EXP 	Topleft: autoDraw = True
137.9590 	EXP 	Topright: autoDraw = True
137.9590 	EXP 	Bottomleft: autoDraw = True
137.9590 	EXP 	Bottomright: autoDraw = True
137.9769 	EXP 	Fixation_cross: autoDraw = False
139.6453 	DATA 	Keypress: k
139.6557 	EXP 	New trial (rep=0, index=15): OrderedDict([('imageone', 'LZ_scrambled\\LZ_scrambled_153.jpg'), ('imagetwo', 'LZ_scrambled\\LZ_scrambled_50.jpg'), ('imagethree', 'LZ_scrambled\\LZ_scrambled_17.jpg'), ('imagefour', 'LZ_scrambled\\LZ_scrambled_234.jpg'), ('frequency', 3), ('imageTL', 'LZ_scrambled\\LZ_scrambled_101.jpg'), ('imageBL', 'LZ_scrambled\\LZ_scrambled_72.jpg'), ('imageTR', 'LZ_scrambled\\LZ_scrambled_31.jpg'), ('imageBR', 'LZ_scrambled\\LZ_scrambled_234.jpg'), ('correct_answer', '    m')])
139.7777 	EXP 	Topleft: autoDraw = False
139.7777 	EXP 	Topright: autoDraw = False
139.7777 	EXP 	Bottomleft: autoDraw = False
139.7777 	EXP 	Bottomright: autoDraw = False
139.7777 	EXP 	Fixation_cross: autoDraw = False
139.7777 	EXP 	image: image = 'LZ_scrambled\\LZ_scrambled_153.jpg'
139.7777 	EXP 	image_2: image = 'LZ_scrambled\\LZ_scrambled_50.jpg'
139.7777 	EXP 	image_3: image = 'LZ_scrambled\\LZ_scrambled_17.jpg'
139.7777 	EXP 	image_4: image = 'LZ_scrambled\\LZ_scrambled_234.jpg'
139.7777 	EXP 	Cross: autoDraw = True
140.7702 	EXP 	image: autoDraw = True
140.7766 	EXP 	Cross: autoDraw = False
141.7702 	EXP 	image: autoDraw = False
141.7702 	EXP 	image_2: autoDraw = True
142.7702 	EXP 	image_2: autoDraw = False
142.7702 	EXP 	image_3: autoDraw = True
143.7703 	EXP 	image_3: autoDraw = False
143.7703 	EXP 	image_4: autoDraw = True
144.7569 	EXP 	Cross: autoDraw = False
144.7569 	EXP 	image: autoDraw = False
144.7569 	EXP 	image_2: autoDraw = False
144.7569 	EXP 	image_3: autoDraw = False
144.7569 	EXP 	image_4: autoDraw = False
144.7569 	EXP 	Topleft: image = 'LZ_scrambled\\LZ_scrambled_101.jpg'
144.7569 	EXP 	Topright: image = 'LZ_scrambled\\LZ_scrambled_31.jpg'
144.7569 	EXP 	Bottomleft: image = 'LZ_scrambled\\LZ_scrambled_72.jpg'
144.7569 	EXP 	Bottomright: image = 'LZ_scrambled\\LZ_scrambled_234.jpg'
144.7569 	EXP 	Fixation_cross: autoDraw = True
145.7518 	EXP 	Topleft: autoDraw = True
145.7518 	EXP 	Topright: autoDraw = True
145.7518 	EXP 	Bottomleft: autoDraw = True
145.7518 	EXP 	Bottomright: autoDraw = True
145.7616 	EXP 	Fixation_cross: autoDraw = False
147.0978 	EXP 	New trial (rep=0, index=16): OrderedDict([('imageone', 'LZ_scrambled\\LZ_scrambled_36.jpg'), ('imagetwo', 'LZ_scrambled\\LZ_scrambled_157.jpg'), ('imagethree', 'LZ_scrambled\\LZ_scrambled_196.jpg'), ('imagefour', 'LZ_scrambled\\LZ_scrambled_166.jpg'), ('frequency', 3), ('imageTL', 'LZ_scrambled\\LZ_scrambled_190.jpg'), ('imageBL', 'LZ_scrambled\\LZ_scrambled_157.jpg'), ('imageTR', 'LZ_scrambled\\LZ_scrambled_69.jpg'), ('imageBR', 'LZ_scrambled\\LZ_scrambled_99.jpg'), ('correct_answer', '    z')])
147.1722 	DATA 	Keypress: k
147.1763 	EXP 	Topleft: autoDraw = False
147.1763 	EXP 	Topright: autoDraw = False
147.1763 	EXP 	Bottomleft: autoDraw = False
147.1763 	EXP 	Bottomright: autoDraw = False
147.1763 	EXP 	Fixation_cross: autoDraw = False
147.1763 	EXP 	image: image = 'LZ_scrambled\\LZ_scrambled_36.jpg'
147.1763 	EXP 	image_2: image = 'LZ_scrambled\\LZ_scrambled_157.jpg'
147.1763 	EXP 	image_3: image = 'LZ_scrambled\\LZ_scrambled_196.jpg'
147.1763 	EXP 	image_4: image = 'LZ_scrambled\\LZ_scrambled_166.jpg'
147.1763 	EXP 	Cross: autoDraw = True
148.1664 	EXP 	image: autoDraw = True
148.1797 	EXP 	Cross: autoDraw = False
148.8300 	DATA 	Keypress: z
149.1663 	EXP 	image: autoDraw = False
149.1663 	EXP 	image_2: autoDraw = True
150.1663 	EXP 	image_2: autoDraw = False
150.1663 	EXP 	image_3: autoDraw = True
151.1665 	EXP 	image_3: autoDraw = False
151.1665 	EXP 	image_4: autoDraw = True
152.2038 	EXP 	Cross: autoDraw = False
152.2038 	EXP 	image: autoDraw = False
152.2038 	EXP 	image_2: autoDraw = False
152.2038 	EXP 	image_3: autoDraw = False
152.2038 	EXP 	image_4: autoDraw = False
152.2038 	EXP 	Topleft: image = 'LZ_scrambled\\LZ_scrambled_190.jpg'
152.2038 	EXP 	Topright: image = 'LZ_scrambled\\LZ_scrambled_69.jpg'
152.2038 	EXP 	Bottomleft: image = 'LZ_scrambled\\LZ_scrambled_157.jpg'
152.2038 	EXP 	Bottomright: image = 'LZ_scrambled\\LZ_scrambled_99.jpg'
152.2038 	EXP 	Fixation_cross: autoDraw = True
153.2060 	EXP 	Topleft: autoDraw = True
153.2060 	EXP 	Topright: autoDraw = True
153.2060 	EXP 	Bottomleft: autoDraw = True
153.2060 	EXP 	Bottomright: autoDraw = True
153.2145 	EXP 	Fixation_cross: autoDraw = False
154.3371 	EXP 	New trial (rep=0, index=17): OrderedDict([('imageone', 'LZ_scrambled\\LZ_scrambled_228.jpg'), ('imagetwo', 'LZ_scrambled\\LZ_scrambled_163.jpg'), ('imagethree', 'LZ_scrambled\\LZ_scrambled_61.jpg'), ('imagefour', 'LZ_scrambled\\LZ_scrambled_158.jpg'), ('frequency', 1), ('imageTL', 'LZ_scrambled\\LZ_scrambled_129.jpg'), ('imageBL', 'LZ_scrambled\\LZ_scrambled_182.jpg'), ('imageTR', 'LZ_scrambled\\LZ_scrambled_61.jpg'), ('imageBR', 'LZ_scrambled\\LZ_scrambled_74.jpg'), ('correct_answer', '    k')])
154.4257 	DATA 	Keypress: z
154.4296 	EXP 	Topleft: autoDraw = False
154.4296 	EXP 	Topright: autoDraw = False
154.4296 	EXP 	Bottomleft: autoDraw = False
154.4296 	EXP 	Bottomright: autoDraw = False
154.4296 	EXP 	Fixation_cross: autoDraw = False
154.4296 	EXP 	image: image = 'LZ_scrambled\\LZ_scrambled_228.jpg'
154.4296 	EXP 	image_2: image = 'LZ_scrambled\\LZ_scrambled_163.jpg'
154.4296 	EXP 	image_3: image = 'LZ_scrambled\\LZ_scrambled_61.jpg'
154.4296 	EXP 	image_4: image = 'LZ_scrambled\\LZ_scrambled_158.jpg'
154.4296 	EXP 	Cross: autoDraw = True
155.4234 	EXP 	image: autoDraw = True
155.4301 	EXP 	Cross: autoDraw = False
156.4234 	EXP 	image: autoDraw = False
156.4234 	EXP 	image_2: autoDraw = True
157.4233 	EXP 	image_2: autoDraw = False
157.4233 	EXP 	image_3: autoDraw = True
158.4233 	EXP 	image_3: autoDraw = False
158.4233 	EXP 	image_4: autoDraw = True
159.4110 	EXP 	Cross: autoDraw = False
159.4110 	EXP 	image: autoDraw = False
159.4110 	EXP 	image_2: autoDraw = False
159.4110 	EXP 	image_3: autoDraw = False
159.4110 	EXP 	image_4: autoDraw = False
159.4110 	EXP 	Topleft: image = 'LZ_scrambled\\LZ_scrambled_129.jpg'
159.4110 	EXP 	Topright: image = 'LZ_scrambled\\LZ_scrambled_61.jpg'
159.4110 	EXP 	Bottomleft: image = 'LZ_scrambled\\LZ_scrambled_182.jpg'
159.4110 	EXP 	Bottomright: image = 'LZ_scrambled\\LZ_scrambled_74.jpg'
159.4110 	EXP 	Fixation_cross: autoDraw = True
160.4051 	EXP 	Topleft: autoDraw = True
160.4051 	EXP 	Topright: autoDraw = True
160.4051 	EXP 	Bottomleft: autoDraw = True
160.4051 	EXP 	Bottomright: autoDraw = True
160.4140 	EXP 	Fixation_cross: autoDraw = False
161.8359 	EXP 	New trial (rep=0, index=18): OrderedDict([('imageone', 'LZ_noise\\LZ_noise_185.jpg'), ('imagetwo', 'LZ_noise\\LZ_noise_71.jpg'), ('imagethree', 'LZ_noise\\LZ_noise_121.jpg'), ('imagefour', 'LZ_noise\\LZ_noise_2.jpg'), ('frequency', 3), ('imageTL', 'LZ_noise\\LZ_noise_185.jpg'), ('imageBL', 'LZ_noise\\LZ_noise_159.jpg'), ('imageTR', 'LZ_noise\\LZ_noise_60.jpg'), ('imageBR', 'LZ_noise\\LZ_noise_68.jpg'), ('correct_answer', '    a')])
161.9065 	DATA 	Keypress: m
161.9183 	EXP 	Topleft: autoDraw = False
161.9183 	EXP 	Topright: autoDraw = False
161.9183 	EXP 	Bottomleft: autoDraw = False
161.9183 	EXP 	Bottomright: autoDraw = False
161.9183 	EXP 	Fixation_cross: autoDraw = False
161.9183 	EXP 	image: image = 'LZ_noise\\LZ_noise_185.jpg'
161.9183 	EXP 	image_2: image = 'LZ_noise\\LZ_noise_71.jpg'
161.9183 	EXP 	image_3: image = 'LZ_noise\\LZ_noise_121.jpg'
161.9183 	EXP 	image_4: image = 'LZ_noise\\LZ_noise_2.jpg'
161.9183 	EXP 	Cross: autoDraw = True
162.9023 	EXP 	image: autoDraw = True
162.9233 	EXP 	Cross: autoDraw = False
163.8767 	DATA 	Keypress: escape
163.9022 	EXP 	image: autoDraw = False
163.9022 	EXP 	image_2: autoDraw = True
166.0509 	EXP 	window1: mouseVisible = True
