1.4454 	WARNING 	We strongly recommend you activate the PTB sound engine in PsychoPy prefs as the preferred audio engine. Its timing is vastly superior. Your prefs are currently set to use ['sounddevice', 'PTB', 'pyo', 'pygame'] (in that order).
10.5377 	WARNING 	User requested fullscreen with size [1024  768], but screen is actually [1920, 1080]. Using actual size
14.4895 	EXP 	Created window1 = Window(allowGUI=False, allowStencil=False, args=UNKNOWN, autoLog=True, bitsMode=UNKNOWN, blendMode='avg', bpc=(8, 8, 8), color=array([0., 0., 0.]), colorSpace='rgb', depthBits=8, fullscr=<method-wrapper '__getattribute__' of attributeSetter object at 0x000002700E58ED30>, gamma=None, gammaErrorPolicy='raise', kwargs=UNKNOWN, lms=UNKNOWN, monitor=<psychopy.monitors.calibTools.Monitor object at 0x000002700E25BD68>, multiSample=False, name='window1', numSamples=2, pos=[0.0, 0.0], screen=0, size=array([1920, 1080]), stencilBits=0, stereo=False, units='height', useFBO=True, useRetina=False, viewOri=0.0, viewPos=None, viewScale=None, waitBlanking=True, winType='pyglet')
14.4898 	EXP 	window1: mouseVisible = True
14.4898 	EXP 	window1: recordFrameIntervals = False
14.5586 	EXP 	window1: recordFrameIntervals = True
14.6351 	EXP 	window1: recordFrameIntervals = False
15.0803 	EXP 	Created text = TextStim(__class__=<class 'psychopy.visual.text.TextStim'>, alignHoriz=method-wrapper(...), alignText='center', alignVert=method-wrapper(...), anchorHoriz='center', anchorVert='center', antialias=True, autoLog=True, bold=False, color='white', colorSpace='named', contrast=1.0, depth=0.0, flipHoriz=False, flipVert=False, font='Arial', fontFiles=[], height=0.1, italic=False, languageStyle='LTR', name='text', opacity=1.0, ori=0, pos=array([0., 0.]), rgb=array([255., 255., 255.]), text='Welcome', units='height', win=Window(...), wrapWidth=1)
15.0816 	EXP 	Created Cross = ShapeStim(__class__=<class 'psychopy.visual.shape.ShapeStim'>, autoDraw=False, autoLog=True, closeShape=True, contrast=1.0, depth=0.0, fillColor=array([1., 1., 1.]), fillColorSpace='rgb', interpolate=True, lineColor=array([1., 1., 1.]), lineColorSpace='rgb', lineWidth=1, name='Cross', opacity=1.0, ori=array(0.), pos=array([0., 0.]), size=array([0.5, 0.5]), units='height', vertices=ndarray(...), win=Window(...), windingRule=None)
15.0875 	EXP 	Created image = ImageStim(__class__=<class 'psychopy.visual.image.ImageStim'>, autoLog=True, color=array([1., 1., 1.]), colorSpace='rgb', contrast=1.0, depth=-1.0, flipHoriz=False, flipVert=False, image='sin', interpolate=True, mask=None, maskParams=None, name='image', opacity=1.0, ori=0.0, pos=array([0., 0.]), size=array([0.5, 0.5]), texRes=128, units='height', win=Window(...))
15.0887 	EXP 	Created image_2 = ImageStim(__class__=<class 'psychopy.visual.image.ImageStim'>, autoLog=True, color=array([1., 1., 1.]), colorSpace='rgb', contrast=1.0, depth=-2.0, flipHoriz=False, flipVert=False, image='sin', interpolate=True, mask=None, maskParams=None, name='image_2', opacity=1.0, ori=0.0, pos=array([0., 0.]), size=array([0.5, 0.5]), texRes=128, units='height', win=Window(...))
15.0906 	EXP 	Created image_3 = ImageStim(__class__=<class 'psychopy.visual.image.ImageStim'>, autoLog=True, color=array([1., 1., 1.]), colorSpace='rgb', contrast=1.0, depth=-3.0, flipHoriz=False, flipVert=False, image='sin', interpolate=True, mask=None, maskParams=None, name='image_3', opacity=1.0, ori=0.0, pos=array([0., 0.]), size=array([0.5, 0.5]), texRes=128, units='height', win=Window(...))
15.0923 	EXP 	Created image_4 = ImageStim(__class__=<class 'psychopy.visual.image.ImageStim'>, autoLog=True, color=array([1., 1., 1.]), colorSpace='rgb', contrast=1.0, depth=-4.0, flipHoriz=False, flipVert=False, image='sin', interpolate=True, mask=None, maskParams=None, name='image_4', opacity=1.0, ori=0.0, pos=array([0., 0.]), size=array([0.5, 0.5]), texRes=128, units='height', win=Window(...))
15.0942 	EXP 	Created Topleft = ImageStim(__class__=<class 'psychopy.visual.image.ImageStim'>, autoLog=True, color=array([1., 1., 1.]), colorSpace='rgb', contrast=1.0, depth=0.0, flipHoriz=False, flipVert=False, image='sin', interpolate=True, mask=None, maskParams=None, name='Topleft', opacity=1.0, ori=0.0, pos=array([-0.25,  0.25]), size=array([0.5, 0.5]), texRes=128, units='height', win=Window(...))
15.0960 	EXP 	Created Topright = ImageStim(__class__=<class 'psychopy.visual.image.ImageStim'>, autoLog=True, color=array([1., 1., 1.]), colorSpace='rgb', contrast=1.0, depth=-1.0, flipHoriz=False, flipVert=False, image='sin', interpolate=True, mask=None, maskParams=None, name='Topright', opacity=1.0, ori=0.0, pos=array([0.25, 0.25]), size=array([0.5, 0.5]), texRes=128, units='height', win=Window(...))
15.0975 	EXP 	Created Bottomleft = ImageStim(__class__=<class 'psychopy.visual.image.ImageStim'>, autoLog=True, color=array([1., 1., 1.]), colorSpace='rgb', contrast=1.0, depth=-2.0, flipHoriz=False, flipVert=False, image='sin', interpolate=True, mask=None, maskParams=None, name='Bottomleft', opacity=1.0, ori=0.0, pos=array([-0.25, -0.25]), size=array([0.5, 0.5]), texRes=128, units='height', win=Window(...))
15.0994 	EXP 	Created Bottomright = ImageStim(__class__=<class 'psychopy.visual.image.ImageStim'>, autoLog=True, color=array([1., 1., 1.]), colorSpace='rgb', contrast=1.0, depth=-3.0, flipHoriz=False, flipVert=False, image='sin', interpolate=True, mask=None, maskParams=None, name='Bottomright', opacity=1.0, ori=0.0, pos=array([ 0.25, -0.25]), size=array([0.5, 0.5]), texRes=128, units='height', win=Window(...))
15.1030 	EXP 	Created Fixation_cross = TextStim(__class__=<class 'psychopy.visual.text.TextStim'>, alignHoriz=method-wrapper(...), alignText='center', alignVert=method-wrapper(...), anchorHoriz='center', anchorVert='center', antialias=True, autoLog=True, bold=False, color='white', colorSpace='named', contrast=1.0, depth=-4.0, flipHoriz=False, flipVert=False, font='Arial', fontFiles=[], height=0.1, italic=False, languageStyle='LTR', name='Fixation_cross', opacity=1.0, ori=0, pos=array([0., 0.]), rgb=array([255., 255., 255.]), text='+', units='height', win=Window(...), wrapWidth=1)
15.1115 	EXP 	Created text_2 = TextStim(__class__=<class 'psychopy.visual.text.TextStim'>, alignHoriz=method-wrapper(...), alignText='center', alignVert=method-wrapper(...), anchorHoriz='center', anchorVert='center', antialias=True, autoLog=True, bold=False, color='white', colorSpace='named', contrast=1.0, depth=0.0, flipHoriz=False, flipVert=False, font='Arial', fontFiles=[], height=0.1, italic=False, languageStyle='LTR', name='text_2', opacity=1.0, ori=0, pos=array([0., 0.]), rgb=array([255., 255., 255.]), text='End\n\n', units='height', win=Window(...), wrapWidth=1)
15.1410 	EXP 	text: autoDraw = True
16.2172 	EXP 	Imported stim_present_data_block_1.csv as conditions, 180 conditions, 10 params
16.2177 	EXP 	Created sequence: sequential, trialTypes=180, nReps=1, seed=None
16.2179 	EXP 	New trial (rep=0, index=0): OrderedDict([('imageone', 'LZ_noise\\LZ_noise_10.jpg'), ('imagetwo', 'LZ_noise\\LZ_noise_146.jpg'), ('imagethree', 'LZ_noise\\LZ_noise_9.jpg'), ('imagefour', 'LZ_noise\\LZ_noise_45.jpg'), ('frequency', 4.0), ('imageTL', 'LZ_noise\\LZ_noise_173.jpg'), ('imageBL', 'LZ_noise\\LZ_noise_146.jpg'), ('imageTR', 'LZ_noise\\LZ_noise_76.jpg'), ('imageBR', 'LZ_noise\\LZ_noise_54.jpg'), ('correct_answer', '    z')])
16.2726 	EXP 	text: autoDraw = False
16.2726 	EXP 	image: image = 'LZ_noise\\LZ_noise_10.jpg'
16.2726 	EXP 	image_2: image = 'LZ_noise\\LZ_noise_146.jpg'
16.2726 	EXP 	image_3: image = 'LZ_noise\\LZ_noise_9.jpg'
16.2726 	EXP 	image_4: image = 'LZ_noise\\LZ_noise_45.jpg'
16.2726 	EXP 	Cross: autoDraw = True
17.2907 	EXP 	image: autoDraw = True
17.2950 	EXP 	Cross: autoDraw = False
18.2679 	EXP 	image_2: autoDraw = True
18.2952 	EXP 	image: autoDraw = False
19.2675 	EXP 	image_2: autoDraw = False
19.2675 	EXP 	image_3: autoDraw = True
20.2676 	EXP 	image_3: autoDraw = False
20.2676 	EXP 	image_4: autoDraw = True
21.1531 	EXP 	Cross: autoDraw = False
21.1531 	EXP 	image: autoDraw = False
21.1531 	EXP 	image_2: autoDraw = False
21.1531 	EXP 	image_3: autoDraw = False
21.1531 	EXP 	image_4: autoDraw = False
21.1531 	EXP 	Topleft: image = 'LZ_noise\\LZ_noise_173.jpg'
21.1531 	EXP 	Topright: image = 'LZ_noise\\LZ_noise_76.jpg'
21.1531 	EXP 	Bottomleft: image = 'LZ_noise\\LZ_noise_146.jpg'
21.1531 	EXP 	Bottomright: image = 'LZ_noise\\LZ_noise_54.jpg'
21.1531 	EXP 	Fixation_cross: autoDraw = True
22.1517 	EXP 	Topleft: autoDraw = True
22.1517 	EXP 	Topright: autoDraw = True
22.1517 	EXP 	Bottomleft: autoDraw = True
22.1517 	EXP 	Bottomright: autoDraw = True
22.1619 	EXP 	Fixation_cross: autoDraw = False
24.1752 	DATA 	Keypress: z
24.1852 	EXP 	New trial (rep=0, index=1): OrderedDict([('imageone', 'LZ_scrambled\\LZ_scrambled_57.jpg'), ('imagetwo', 'LZ_scrambled\\LZ_scrambled_133.jpg'), ('imagethree', 'LZ_scrambled\\LZ_scrambled_236.jpg'), ('imagefour', 'LZ_scrambled\\LZ_scrambled_13.jpg'), ('frequency', 3.0), ('imageTL', 'LZ_scrambled\\LZ_scrambled_57.jpg'), ('imageBL', 'LZ_scrambled\\LZ_scrambled_124.jpg'), ('imageTR', 'LZ_scrambled\\LZ_scrambled_166.jpg'), ('imageBR', 'LZ_scrambled\\LZ_scrambled_187.jpg'), ('correct_answer', '    a')])
24.3270 	EXP 	Topleft: autoDraw = False
24.3270 	EXP 	Topright: autoDraw = False
24.3270 	EXP 	Bottomleft: autoDraw = False
24.3270 	EXP 	Bottomright: autoDraw = False
24.3270 	EXP 	Fixation_cross: autoDraw = False
24.3270 	EXP 	image: image = 'LZ_scrambled\\LZ_scrambled_57.jpg'
24.3270 	EXP 	image_2: image = 'LZ_scrambled\\LZ_scrambled_133.jpg'
24.3270 	EXP 	image_3: image = 'LZ_scrambled\\LZ_scrambled_236.jpg'
24.3270 	EXP 	image_4: image = 'LZ_scrambled\\LZ_scrambled_13.jpg'
24.3270 	EXP 	Cross: autoDraw = True
25.3165 	EXP 	image: autoDraw = True
25.3300 	EXP 	Cross: autoDraw = False
26.3163 	EXP 	image: autoDraw = False
26.3163 	EXP 	image_2: autoDraw = True
27.3164 	EXP 	image_2: autoDraw = False
27.3164 	EXP 	image_3: autoDraw = True
28.3164 	EXP 	image_3: autoDraw = False
28.3164 	EXP 	image_4: autoDraw = True
29.2710 	EXP 	Cross: autoDraw = False
29.2710 	EXP 	image: autoDraw = False
29.2710 	EXP 	image_2: autoDraw = False
29.2710 	EXP 	image_3: autoDraw = False
29.2710 	EXP 	image_4: autoDraw = False
29.2710 	EXP 	Topleft: image = 'LZ_scrambled\\LZ_scrambled_57.jpg'
29.2710 	EXP 	Topright: image = 'LZ_scrambled\\LZ_scrambled_166.jpg'
29.2710 	EXP 	Bottomleft: image = 'LZ_scrambled\\LZ_scrambled_124.jpg'
29.2710 	EXP 	Bottomright: image = 'LZ_scrambled\\LZ_scrambled_187.jpg'
29.2710 	EXP 	Fixation_cross: autoDraw = True
30.2631 	EXP 	Topleft: autoDraw = True
30.2631 	EXP 	Topright: autoDraw = True
30.2631 	EXP 	Bottomleft: autoDraw = True
30.2631 	EXP 	Bottomright: autoDraw = True
30.2733 	EXP 	Fixation_cross: autoDraw = False
32.2080 	EXP 	New trial (rep=0, index=2): OrderedDict([('imageone', 'LZ_natural\\LZ_natural_12.jpg'), ('imagetwo', 'LZ_natural\\LZ_natural_163.jpg'), ('imagethree', 'LZ_natural\\LZ_natural_218.jpg'), ('imagefour', 'LZ_natural\\LZ_natural_174.jpg'), ('frequency', 2.0), ('imageTL', 'LZ_natural\\LZ_natural_161.jpg'), ('imageBL', 'LZ_natural\\LZ_natural_191.jpg'), ('imageTR', 'LZ_natural\\LZ_natural_218.jpg'), ('imageBR', 'LZ_natural\\LZ_natural_37.jpg'), ('correct_answer', '    k')])
32.2744 	DATA 	Keypress: a
32.2771 	EXP 	Topleft: autoDraw = False
32.2771 	EXP 	Topright: autoDraw = False
32.2771 	EXP 	Bottomleft: autoDraw = False
32.2771 	EXP 	Bottomright: autoDraw = False
32.2771 	EXP 	Fixation_cross: autoDraw = False
32.2771 	EXP 	image: image = 'LZ_natural\\LZ_natural_12.jpg'
32.2771 	EXP 	image_2: image = 'LZ_natural\\LZ_natural_163.jpg'
32.2771 	EXP 	image_3: image = 'LZ_natural\\LZ_natural_218.jpg'
32.2771 	EXP 	image_4: image = 'LZ_natural\\LZ_natural_174.jpg'
32.2771 	EXP 	Cross: autoDraw = True
33.2747 	EXP 	image: autoDraw = True
33.2814 	EXP 	Cross: autoDraw = False
34.2746 	EXP 	image: autoDraw = False
34.2746 	EXP 	image_2: autoDraw = True
35.2747 	EXP 	image_2: autoDraw = False
35.2747 	EXP 	image_3: autoDraw = True
36.2751 	EXP 	image_3: autoDraw = False
36.2751 	EXP 	image_4: autoDraw = True
37.2860 	EXP 	Cross: autoDraw = False
37.2860 	EXP 	image: autoDraw = False
37.2860 	EXP 	image_2: autoDraw = False
37.2860 	EXP 	image_3: autoDraw = False
37.2860 	EXP 	image_4: autoDraw = False
37.2860 	EXP 	Topleft: image = 'LZ_natural\\LZ_natural_161.jpg'
37.2860 	EXP 	Topright: image = 'LZ_natural\\LZ_natural_218.jpg'
37.2860 	EXP 	Bottomleft: image = 'LZ_natural\\LZ_natural_191.jpg'
37.2860 	EXP 	Bottomright: image = 'LZ_natural\\LZ_natural_37.jpg'
37.2860 	EXP 	Fixation_cross: autoDraw = True
38.2841 	EXP 	Topleft: autoDraw = True
38.2841 	EXP 	Topright: autoDraw = True
38.2841 	EXP 	Bottomleft: autoDraw = True
38.2841 	EXP 	Bottomright: autoDraw = True
38.2941 	EXP 	Fixation_cross: autoDraw = False
41.0080 	EXP 	New trial (rep=0, index=3): OrderedDict([('imageone', None), ('imagetwo', None), ('imagethree', None), ('imagefour', None), ('frequency', None), ('imageTL', None), ('imageBL', None), ('imageTR', None), ('imageBR', None), ('correct_answer', None)])
41.0104 	DATA 	Keypress: k
41.0129 	EXP 	Topleft: autoDraw = False
41.0129 	EXP 	Topright: autoDraw = False
41.0129 	EXP 	Bottomleft: autoDraw = False
41.0129 	EXP 	Bottomright: autoDraw = False
41.0129 	EXP 	Fixation_cross: autoDraw = False
41.0129 	EXP 	image: image = None
41.0129 	EXP 	image_2: image = None
41.0129 	EXP 	image_3: image = None
41.0129 	EXP 	image_4: image = None
41.0129 	EXP 	Cross: autoDraw = True
42.0108 	EXP 	image: autoDraw = True
42.0173 	EXP 	Cross: autoDraw = False
43.0104 	EXP 	image: autoDraw = False
43.0104 	EXP 	image_2: autoDraw = True
44.0108 	EXP 	image_2: autoDraw = False
44.0108 	EXP 	image_3: autoDraw = True
45.0107 	EXP 	image_3: autoDraw = False
45.0107 	EXP 	image_4: autoDraw = True
46.0107 	EXP 	image_4: autoDraw = False
46.0107 	EXP 	Cross: autoDraw = False
46.0107 	EXP 	image: autoDraw = False
46.0107 	EXP 	image_2: autoDraw = False
46.0107 	EXP 	image_3: autoDraw = False
46.0107 	EXP 	image_4: autoDraw = False
46.0107 	EXP 	Topleft: image = None
46.0107 	EXP 	Topright: image = None
46.0107 	EXP 	Bottomleft: image = None
46.0107 	EXP 	Bottomright: image = None
46.0107 	EXP 	Fixation_cross: autoDraw = True
47.0039 	EXP 	Topleft: autoDraw = True
47.0039 	EXP 	Topright: autoDraw = True
47.0039 	EXP 	Bottomleft: autoDraw = True
47.0039 	EXP 	Bottomright: autoDraw = True
47.0123 	EXP 	Fixation_cross: autoDraw = False
51.0038 	EXP 	Topleft: autoDraw = False
51.0038 	EXP 	Topright: autoDraw = False
51.0038 	EXP 	Bottomleft: autoDraw = False
51.0038 	EXP 	Bottomright: autoDraw = False
57.5575 	DATA 	Keypress: lctrl
58.3763 	DATA 	Keypress: c
59.9465 	DATA 	Mouse: Left button down, pos=(1539,788)
60.0362 	DATA 	Mouse:  Left button up, pos=(1533,785)
60.1201 	DATA 	Mouse: Left button down, pos=(1533,783)
60.2505 	DATA 	Mouse:  Left button up, pos=(1519,767)
60.3164 	DATA 	Mouse: Left button down, pos=(1510,782)
60.4041 	DATA 	Mouse:  Left button up, pos=(1510,781)
60.4680 	DATA 	Mouse: Left button down, pos=(1510,781)
60.5706 	DATA 	Mouse:  Left button up, pos=(1500,776)
60.6263 	DATA 	Mouse: Left button down, pos=(1487,780)
60.7378 	DATA 	Mouse:  Left button up, pos=(1487,781)
61.0636 	DATA 	Keypress: escape
63.2869 	EXP 	window1: mouseVisible = True
