1.4224 	WARNING 	We strongly recommend you activate the PTB sound engine in PsychoPy prefs as the preferred audio engine. Its timing is vastly superior. Your prefs are currently set to use ['sounddevice', 'PTB', 'pyo', 'pygame'] (in that order).
3.5602 	WARNING 	psychopy.parallel has been imported but no parallel port driver found. Install either inpout32, inpoutx64 or dlportio
9.8223 	EXP 	Created window1 = Window(allowGUI=False, allowStencil=False, args=UNKNOWN, autoLog=True, bitsMode=UNKNOWN, blendMode='avg', bpc=(8, 8, 8), color=array([0., 0., 0.]), colorSpace='rgb', depthBits=8, fullscr=<method-wrapper '__getattribute__' of attributeSetter object at 0x00000296FE368C88>, gamma=None, gammaErrorPolicy='raise', kwargs=UNKNOWN, lms=UNKNOWN, monitor=<psychopy.monitors.calibTools.Monitor object at 0x00000296FE0400F0>, multiSample=False, name='window1', numSamples=2, pos=[0.0, 0.0], screen=0, size=array([1920, 1080]), stencilBits=0, stereo=False, units='height', useFBO=True, useRetina=False, viewOri=0.0, viewPos=None, viewScale=None, waitBlanking=True, winType='pyglet')
9.8225 	EXP 	window1: mouseVisible = True
9.8226 	EXP 	window1: recordFrameIntervals = False
9.8915 	EXP 	window1: recordFrameIntervals = True
9.9682 	EXP 	window1: recordFrameIntervals = False
10.3130 	EXP 	Created text = TextStim(__class__=<class 'psychopy.visual.text.TextStim'>, alignHoriz=method-wrapper(...), alignText='center', alignVert=method-wrapper(...), anchorHoriz='center', anchorVert='center', antialias=True, autoLog=True, bold=False, color='white', colorSpace='named', contrast=1.0, depth=0.0, flipHoriz=False, flipVert=False, font='Arial', fontFiles=[], height=0.1, italic=False, languageStyle='LTR', name='text', opacity=1.0, ori=0, pos=array([0., 0.]), rgb=array([255., 255., 255.]), text='Welcome', units='height', win=Window(...), wrapWidth=1)
10.3143 	EXP 	Created Cross = ShapeStim(__class__=<class 'psychopy.visual.shape.ShapeStim'>, autoDraw=False, autoLog=True, closeShape=True, contrast=1.0, depth=0.0, fillColor=array([1., 1., 1.]), fillColorSpace='rgb', interpolate=True, lineColor=array([1., 1., 1.]), lineColorSpace='rgb', lineWidth=1, name='Cross', opacity=1.0, ori=array(0.), pos=array([0., 0.]), size=array([0.1, 0.1]), units='height', vertices=ndarray(...), win=Window(...), windingRule=None)
10.3159 	EXP 	Created Presentation_image_1_f1 = ImageStim(__class__=<class 'psychopy.visual.image.ImageStim'>, autoLog=True, color=array([1., 1., 1.]), colorSpace='rgb', contrast=1.0, depth=-1.0, flipHoriz=False, flipVert=False, image='sin', interpolate=True, mask=None, maskParams=None, name='Presentation_image_1_f1', opacity=1.0, ori=0.0, pos=array([0., 0.]), size=array([0.5, 0.5]), texRes=128, units='height', win=Window(...))
10.3175 	EXP 	Created Presentation_image_2_f1 = ImageStim(__class__=<class 'psychopy.visual.image.ImageStim'>, autoLog=True, color=array([1., 1., 1.]), colorSpace='rgb', contrast=1.0, depth=-2.0, flipHoriz=False, flipVert=False, image='sin', interpolate=True, mask=None, maskParams=None, name='Presentation_image_2_f1', opacity=1.0, ori=0.0, pos=array([0., 0.]), size=array([0.5, 0.5]), texRes=128, units='height', win=Window(...))
10.3192 	EXP 	Created Presentation_image_3_f1 = ImageStim(__class__=<class 'psychopy.visual.image.ImageStim'>, autoLog=True, color=array([1., 1., 1.]), colorSpace='rgb', contrast=1.0, depth=-3.0, flipHoriz=False, flipVert=False, image='sin', interpolate=True, mask=None, maskParams=None, name='Presentation_image_3_f1', opacity=1.0, ori=0.0, pos=array([0., 0.]), size=array([0.5, 0.5]), texRes=128, units='height', win=Window(...))
10.3207 	EXP 	Created Presentation_image_4_f1 = ImageStim(__class__=<class 'psychopy.visual.image.ImageStim'>, autoLog=True, color=array([1., 1., 1.]), colorSpace='rgb', contrast=1.0, depth=-4.0, flipHoriz=False, flipVert=False, image='sin', interpolate=True, mask=None, maskParams=None, name='Presentation_image_4_f1', opacity=1.0, ori=0.0, pos=array([0., 0.]), size=array([0.5, 0.5]), texRes=128, units='height', win=Window(...))
10.3219 	EXP 	Created Cross_2 = ShapeStim(__class__=<class 'psychopy.visual.shape.ShapeStim'>, autoDraw=False, autoLog=True, closeShape=True, contrast=1.0, depth=0.0, fillColor=array([1., 1., 1.]), fillColorSpace='rgb', interpolate=True, lineColor=array([1., 1., 1.]), lineColorSpace='rgb', lineWidth=1, name='Cross_2', opacity=1.0, ori=array(0.), pos=array([0., 0.]), size=array([0.1, 0.1]), units='height', vertices=ndarray(...), win=Window(...), windingRule=None)
10.3239 	EXP 	Created Presentation_image_f2_1 = ImageStim(__class__=<class 'psychopy.visual.image.ImageStim'>, autoLog=True, color=array([1., 1., 1.]), colorSpace='rgb', contrast=1.0, depth=-1.0, flipHoriz=False, flipVert=False, image='sin', interpolate=True, mask=None, maskParams=None, name='Presentation_image_f2_1', opacity=1.0, ori=0.0, pos=array([0., 0.]), size=array([0.5, 0.5]), texRes=128, units='height', win=Window(...))
10.3257 	EXP 	Created Presentation_image_f2_2 = ImageStim(__class__=<class 'psychopy.visual.image.ImageStim'>, autoLog=True, color=array([1., 1., 1.]), colorSpace='rgb', contrast=1.0, depth=-2.0, flipHoriz=False, flipVert=False, image='sin', interpolate=True, mask=None, maskParams=None, name='Presentation_image_f2_2', opacity=1.0, ori=0.0, pos=array([0., 0.]), size=array([0.5, 0.5]), texRes=128, units='height', win=Window(...))
10.3271 	EXP 	Created Presentation_image_2_f2_1 = ImageStim(__class__=<class 'psychopy.visual.image.ImageStim'>, autoLog=True, color=array([1., 1., 1.]), colorSpace='rgb', contrast=1.0, depth=-3.0, flipHoriz=False, flipVert=False, image='sin', interpolate=True, mask=None, maskParams=None, name='Presentation_image_2_f2_1', opacity=1.0, ori=0.0, pos=array([0., 0.]), size=array([0.5, 0.5]), texRes=128, units='height', win=Window(...))
10.3283 	EXP 	Created Presentatio_image_2_f2_2 = ImageStim(__class__=<class 'psychopy.visual.image.ImageStim'>, autoLog=True, color=array([1., 1., 1.]), colorSpace='rgb', contrast=1.0, depth=-4.0, flipHoriz=False, flipVert=False, image='sin', interpolate=True, mask=None, maskParams=None, name='Presentatio_image_2_f2_2', opacity=1.0, ori=0.0, pos=array([0., 0.]), size=array([0.5, 0.5]), texRes=128, units='height', win=Window(...))
10.3295 	EXP 	Created Presentation_image_3_f2_1 = ImageStim(__class__=<class 'psychopy.visual.image.ImageStim'>, autoLog=True, color=array([1., 1., 1.]), colorSpace='rgb', contrast=1.0, depth=-5.0, flipHoriz=False, flipVert=False, image='sin', interpolate=True, mask=None, maskParams=None, name='Presentation_image_3_f2_1', opacity=1.0, ori=0.0, pos=array([0., 0.]), size=array([0.5, 0.5]), texRes=128, units='height', win=Window(...))
10.3307 	EXP 	Created Presentation_image_3_f2_2 = ImageStim(__class__=<class 'psychopy.visual.image.ImageStim'>, autoLog=True, color=array([1., 1., 1.]), colorSpace='rgb', contrast=1.0, depth=-6.0, flipHoriz=False, flipVert=False, image='sin', interpolate=True, mask=None, maskParams=None, name='Presentation_image_3_f2_2', opacity=1.0, ori=0.0, pos=array([0., 0.]), size=array([0.5, 0.5]), texRes=128, units='height', win=Window(...))
10.3320 	EXP 	Created Presentation_image_4_f2_1 = ImageStim(__class__=<class 'psychopy.visual.image.ImageStim'>, autoLog=True, color=array([1., 1., 1.]), colorSpace='rgb', contrast=1.0, depth=-7.0, flipHoriz=False, flipVert=False, image='sin', interpolate=True, mask=None, maskParams=None, name='Presentation_image_4_f2_1', opacity=1.0, ori=0.0, pos=array([0., 0.]), size=array([0.5, 0.5]), texRes=128, units='height', win=Window(...))
10.3333 	EXP 	Created Presentation_image_4_f2_2 = ImageStim(__class__=<class 'psychopy.visual.image.ImageStim'>, autoLog=True, color=array([1., 1., 1.]), colorSpace='rgb', contrast=1.0, depth=-8.0, flipHoriz=False, flipVert=False, image='sin', interpolate=True, mask=None, maskParams=None, name='Presentation_image_4_f2_2', opacity=1.0, ori=0.0, pos=array([0., 0.]), size=array([0.5, 0.5]), texRes=128, units='height', win=Window(...))
10.3345 	EXP 	Created Fixation_cross = ShapeStim(__class__=<class 'psychopy.visual.shape.ShapeStim'>, autoDraw=False, autoLog=True, closeShape=True, contrast=1.0, depth=0.0, fillColor=array([1., 1., 1.]), fillColorSpace='rgb', interpolate=True, lineColor=array([1., 1., 1.]), lineColorSpace='rgb', lineWidth=1, name='Fixation_cross', opacity=1.0, ori=array(0.), pos=array([0., 0.]), size=array([0.1, 0.1]), units='height', vertices=ndarray(...), win=Window(...), windingRule=None)
10.3359 	EXP 	Created Topleft = ImageStim(__class__=<class 'psychopy.visual.image.ImageStim'>, autoLog=True, color=array([1., 1., 1.]), colorSpace='rgb', contrast=1.0, depth=-1.0, flipHoriz=False, flipVert=False, image='sin', interpolate=True, mask=None, maskParams=None, name='Topleft', opacity=1.0, ori=0.0, pos=array([-0.25,  0.25]), size=array([0.5, 0.5]), texRes=128, units='height', win=Window(...))
10.3375 	EXP 	Created Topright = ImageStim(__class__=<class 'psychopy.visual.image.ImageStim'>, autoLog=True, color=array([1., 1., 1.]), colorSpace='rgb', contrast=1.0, depth=-2.0, flipHoriz=False, flipVert=False, image='sin', interpolate=True, mask=None, maskParams=None, name='Topright', opacity=1.0, ori=0.0, pos=array([0.25, 0.25]), size=array([0.5, 0.5]), texRes=128, units='height', win=Window(...))
10.3391 	EXP 	Created Bottomleft = ImageStim(__class__=<class 'psychopy.visual.image.ImageStim'>, autoLog=True, color=array([1., 1., 1.]), colorSpace='rgb', contrast=1.0, depth=-3.0, flipHoriz=False, flipVert=False, image='sin', interpolate=True, mask=None, maskParams=None, name='Bottomleft', opacity=1.0, ori=0.0, pos=array([-0.25, -0.25]), size=array([0.5, 0.5]), texRes=128, units='height', win=Window(...))
10.3403 	EXP 	Created Bottomright = ImageStim(__class__=<class 'psychopy.visual.image.ImageStim'>, autoLog=True, color=array([1., 1., 1.]), colorSpace='rgb', contrast=1.0, depth=-4.0, flipHoriz=False, flipVert=False, image='sin', interpolate=True, mask=None, maskParams=None, name='Bottomright', opacity=1.0, ori=0.0, pos=array([ 0.25, -0.25]), size=array([0.5, 0.5]), texRes=128, units='height', win=Window(...))
10.3736 	EXP 	Created text_break = TextStim(__class__=<class 'psychopy.visual.text.TextStim'>, alignHoriz=method-wrapper(...), alignText='center', alignVert=method-wrapper(...), anchorHoriz='center', anchorVert='center', antialias=True, autoLog=True, bold=False, color='white', colorSpace='named', contrast=1.0, depth=0.0, flipHoriz=False, flipVert=False, font='Arial', fontFiles=[], height=0.1, italic=False, languageStyle='LTR', name='text_break', opacity=1.0, ori=0, pos=array([0., 0.]), rgb=array([255., 255., 255.]), text=str(...), units='height', win=Window(...), wrapWidth=1)
10.3749 	EXP 	Created Cross = ShapeStim(__class__=<class 'psychopy.visual.shape.ShapeStim'>, autoDraw=False, autoLog=True, closeShape=True, contrast=1.0, depth=0.0, fillColor=array([1., 1., 1.]), fillColorSpace='rgb', interpolate=True, lineColor=array([1., 1., 1.]), lineColorSpace='rgb', lineWidth=1, name='Cross', opacity=1.0, ori=array(0.), pos=array([0., 0.]), size=array([0.1, 0.1]), units='height', vertices=ndarray(...), win=Window(...), windingRule=None)
10.3763 	EXP 	Created Presentation_image_1_f1 = ImageStim(__class__=<class 'psychopy.visual.image.ImageStim'>, autoLog=True, color=array([1., 1., 1.]), colorSpace='rgb', contrast=1.0, depth=-1.0, flipHoriz=False, flipVert=False, image='sin', interpolate=True, mask=None, maskParams=None, name='Presentation_image_1_f1', opacity=1.0, ori=0.0, pos=array([0., 0.]), size=array([0.5, 0.5]), texRes=128, units='height', win=Window(...))
10.3774 	EXP 	Created Presentation_image_2_f1 = ImageStim(__class__=<class 'psychopy.visual.image.ImageStim'>, autoLog=True, color=array([1., 1., 1.]), colorSpace='rgb', contrast=1.0, depth=-2.0, flipHoriz=False, flipVert=False, image='sin', interpolate=True, mask=None, maskParams=None, name='Presentation_image_2_f1', opacity=1.0, ori=0.0, pos=array([0., 0.]), size=array([0.5, 0.5]), texRes=128, units='height', win=Window(...))
10.3786 	EXP 	Created Presentation_image_3_f1 = ImageStim(__class__=<class 'psychopy.visual.image.ImageStim'>, autoLog=True, color=array([1., 1., 1.]), colorSpace='rgb', contrast=1.0, depth=-3.0, flipHoriz=False, flipVert=False, image='sin', interpolate=True, mask=None, maskParams=None, name='Presentation_image_3_f1', opacity=1.0, ori=0.0, pos=array([0., 0.]), size=array([0.5, 0.5]), texRes=128, units='height', win=Window(...))
10.3797 	EXP 	Created Presentation_image_4_f1 = ImageStim(__class__=<class 'psychopy.visual.image.ImageStim'>, autoLog=True, color=array([1., 1., 1.]), colorSpace='rgb', contrast=1.0, depth=-4.0, flipHoriz=False, flipVert=False, image='sin', interpolate=True, mask=None, maskParams=None, name='Presentation_image_4_f1', opacity=1.0, ori=0.0, pos=array([0., 0.]), size=array([0.5, 0.5]), texRes=128, units='height', win=Window(...))
10.3809 	EXP 	Created Fixation_cross = ShapeStim(__class__=<class 'psychopy.visual.shape.ShapeStim'>, autoDraw=False, autoLog=True, closeShape=True, contrast=1.0, depth=0.0, fillColor=array([1., 1., 1.]), fillColorSpace='rgb', interpolate=True, lineColor=array([1., 1., 1.]), lineColorSpace='rgb', lineWidth=1, name='Fixation_cross', opacity=1.0, ori=array(0.), pos=array([0., 0.]), size=array([0.1, 0.1]), units='height', vertices=ndarray(...), win=Window(...), windingRule=None)
10.3820 	EXP 	Created Topleft = ImageStim(__class__=<class 'psychopy.visual.image.ImageStim'>, autoLog=True, color=array([1., 1., 1.]), colorSpace='rgb', contrast=1.0, depth=-1.0, flipHoriz=False, flipVert=False, image='sin', interpolate=True, mask=None, maskParams=None, name='Topleft', opacity=1.0, ori=0.0, pos=array([-0.25,  0.25]), size=array([0.5, 0.5]), texRes=128, units='height', win=Window(...))
10.3832 	EXP 	Created Topright = ImageStim(__class__=<class 'psychopy.visual.image.ImageStim'>, autoLog=True, color=array([1., 1., 1.]), colorSpace='rgb', contrast=1.0, depth=-2.0, flipHoriz=False, flipVert=False, image='sin', interpolate=True, mask=None, maskParams=None, name='Topright', opacity=1.0, ori=0.0, pos=array([0.25, 0.25]), size=array([0.5, 0.5]), texRes=128, units='height', win=Window(...))
10.3844 	EXP 	Created Bottomleft = ImageStim(__class__=<class 'psychopy.visual.image.ImageStim'>, autoLog=True, color=array([1., 1., 1.]), colorSpace='rgb', contrast=1.0, depth=-3.0, flipHoriz=False, flipVert=False, image='sin', interpolate=True, mask=None, maskParams=None, name='Bottomleft', opacity=1.0, ori=0.0, pos=array([-0.25, -0.25]), size=array([0.5, 0.5]), texRes=128, units='height', win=Window(...))
10.3855 	EXP 	Created Bottomright = ImageStim(__class__=<class 'psychopy.visual.image.ImageStim'>, autoLog=True, color=array([1., 1., 1.]), colorSpace='rgb', contrast=1.0, depth=-4.0, flipHoriz=False, flipVert=False, image='sin', interpolate=True, mask=None, maskParams=None, name='Bottomright', opacity=1.0, ori=0.0, pos=array([ 0.25, -0.25]), size=array([0.5, 0.5]), texRes=128, units='height', win=Window(...))
10.3926 	EXP 	Created text_break = TextStim(__class__=<class 'psychopy.visual.text.TextStim'>, alignHoriz=method-wrapper(...), alignText='center', alignVert=method-wrapper(...), anchorHoriz='center', anchorVert='center', antialias=True, autoLog=True, bold=False, color='white', colorSpace='named', contrast=1.0, depth=0.0, flipHoriz=False, flipVert=False, font='Arial', fontFiles=[], height=0.1, italic=False, languageStyle='LTR', name='text_break', opacity=1.0, ori=0, pos=array([0., 0.]), rgb=array([255., 255., 255.]), text=str(...), units='height', win=Window(...), wrapWidth=1)
10.3938 	EXP 	Created Cross = ShapeStim(__class__=<class 'psychopy.visual.shape.ShapeStim'>, autoDraw=False, autoLog=True, closeShape=True, contrast=1.0, depth=0.0, fillColor=array([1., 1., 1.]), fillColorSpace='rgb', interpolate=True, lineColor=array([1., 1., 1.]), lineColorSpace='rgb', lineWidth=1, name='Cross', opacity=1.0, ori=array(0.), pos=array([0., 0.]), size=array([0.1, 0.1]), units='height', vertices=ndarray(...), win=Window(...), windingRule=None)
10.3950 	EXP 	Created Presentation_image_1_f1 = ImageStim(__class__=<class 'psychopy.visual.image.ImageStim'>, autoLog=True, color=array([1., 1., 1.]), colorSpace='rgb', contrast=1.0, depth=-1.0, flipHoriz=False, flipVert=False, image='sin', interpolate=True, mask=None, maskParams=None, name='Presentation_image_1_f1', opacity=1.0, ori=0.0, pos=array([0., 0.]), size=array([0.5, 0.5]), texRes=128, units='height', win=Window(...))
10.3962 	EXP 	Created Presentation_image_2_f1 = ImageStim(__class__=<class 'psychopy.visual.image.ImageStim'>, autoLog=True, color=array([1., 1., 1.]), colorSpace='rgb', contrast=1.0, depth=-2.0, flipHoriz=False, flipVert=False, image='sin', interpolate=True, mask=None, maskParams=None, name='Presentation_image_2_f1', opacity=1.0, ori=0.0, pos=array([0., 0.]), size=array([0.5, 0.5]), texRes=128, units='height', win=Window(...))
10.3974 	EXP 	Created Presentation_image_3_f1 = ImageStim(__class__=<class 'psychopy.visual.image.ImageStim'>, autoLog=True, color=array([1., 1., 1.]), colorSpace='rgb', contrast=1.0, depth=-3.0, flipHoriz=False, flipVert=False, image='sin', interpolate=True, mask=None, maskParams=None, name='Presentation_image_3_f1', opacity=1.0, ori=0.0, pos=array([0., 0.]), size=array([0.5, 0.5]), texRes=128, units='height', win=Window(...))
10.3986 	EXP 	Created Presentation_image_4_f1 = ImageStim(__class__=<class 'psychopy.visual.image.ImageStim'>, autoLog=True, color=array([1., 1., 1.]), colorSpace='rgb', contrast=1.0, depth=-4.0, flipHoriz=False, flipVert=False, image='sin', interpolate=True, mask=None, maskParams=None, name='Presentation_image_4_f1', opacity=1.0, ori=0.0, pos=array([0., 0.]), size=array([0.5, 0.5]), texRes=128, units='height', win=Window(...))
10.3998 	EXP 	Created Fixation_cross = ShapeStim(__class__=<class 'psychopy.visual.shape.ShapeStim'>, autoDraw=False, autoLog=True, closeShape=True, contrast=1.0, depth=0.0, fillColor=array([1., 1., 1.]), fillColorSpace='rgb', interpolate=True, lineColor=array([1., 1., 1.]), lineColorSpace='rgb', lineWidth=1, name='Fixation_cross', opacity=1.0, ori=array(0.), pos=array([0., 0.]), size=array([0.1, 0.1]), units='height', vertices=ndarray(...), win=Window(...), windingRule=None)
10.4009 	EXP 	Created Topleft = ImageStim(__class__=<class 'psychopy.visual.image.ImageStim'>, autoLog=True, color=array([1., 1., 1.]), colorSpace='rgb', contrast=1.0, depth=-1.0, flipHoriz=False, flipVert=False, image='sin', interpolate=True, mask=None, maskParams=None, name='Topleft', opacity=1.0, ori=0.0, pos=array([-0.25,  0.25]), size=array([0.5, 0.5]), texRes=128, units='height', win=Window(...))
10.4021 	EXP 	Created Topright = ImageStim(__class__=<class 'psychopy.visual.image.ImageStim'>, autoLog=True, color=array([1., 1., 1.]), colorSpace='rgb', contrast=1.0, depth=-2.0, flipHoriz=False, flipVert=False, image='sin', interpolate=True, mask=None, maskParams=None, name='Topright', opacity=1.0, ori=0.0, pos=array([0.25, 0.25]), size=array([0.5, 0.5]), texRes=128, units='height', win=Window(...))
10.4035 	EXP 	Created Bottomleft = ImageStim(__class__=<class 'psychopy.visual.image.ImageStim'>, autoLog=True, color=array([1., 1., 1.]), colorSpace='rgb', contrast=1.0, depth=-3.0, flipHoriz=False, flipVert=False, image='sin', interpolate=True, mask=None, maskParams=None, name='Bottomleft', opacity=1.0, ori=0.0, pos=array([-0.25, -0.25]), size=array([0.5, 0.5]), texRes=128, units='height', win=Window(...))
10.4048 	EXP 	Created Bottomright = ImageStim(__class__=<class 'psychopy.visual.image.ImageStim'>, autoLog=True, color=array([1., 1., 1.]), colorSpace='rgb', contrast=1.0, depth=-4.0, flipHoriz=False, flipVert=False, image='sin', interpolate=True, mask=None, maskParams=None, name='Bottomright', opacity=1.0, ori=0.0, pos=array([ 0.25, -0.25]), size=array([0.5, 0.5]), texRes=128, units='height', win=Window(...))
10.4126 	EXP 	Created text_break = TextStim(__class__=<class 'psychopy.visual.text.TextStim'>, alignHoriz=method-wrapper(...), alignText='center', alignVert=method-wrapper(...), anchorHoriz='center', anchorVert='center', antialias=True, autoLog=True, bold=False, color='white', colorSpace='named', contrast=1.0, depth=0.0, flipHoriz=False, flipVert=False, font='Arial', fontFiles=[], height=0.1, italic=False, languageStyle='LTR', name='text_break', opacity=1.0, ori=0, pos=array([0., 0.]), rgb=array([255., 255., 255.]), text=str(...), units='height', win=Window(...), wrapWidth=1)
10.4138 	EXP 	Created Cross = ShapeStim(__class__=<class 'psychopy.visual.shape.ShapeStim'>, autoDraw=False, autoLog=True, closeShape=True, contrast=1.0, depth=0.0, fillColor=array([1., 1., 1.]), fillColorSpace='rgb', interpolate=True, lineColor=array([1., 1., 1.]), lineColorSpace='rgb', lineWidth=1, name='Cross', opacity=1.0, ori=array(0.), pos=array([0., 0.]), size=array([0.1, 0.1]), units='height', vertices=ndarray(...), win=Window(...), windingRule=None)
10.4159 	EXP 	Created Presentation_image_1_f1 = ImageStim(__class__=<class 'psychopy.visual.image.ImageStim'>, autoLog=True, color=array([1., 1., 1.]), colorSpace='rgb', contrast=1.0, depth=-1.0, flipHoriz=False, flipVert=False, image='sin', interpolate=True, mask=None, maskParams=None, name='Presentation_image_1_f1', opacity=1.0, ori=0.0, pos=array([0., 0.]), size=array([0.5, 0.5]), texRes=128, units='height', win=Window(...))
10.4178 	EXP 	Created Presentation_image_2_f1 = ImageStim(__class__=<class 'psychopy.visual.image.ImageStim'>, autoLog=True, color=array([1., 1., 1.]), colorSpace='rgb', contrast=1.0, depth=-2.0, flipHoriz=False, flipVert=False, image='sin', interpolate=True, mask=None, maskParams=None, name='Presentation_image_2_f1', opacity=1.0, ori=0.0, pos=array([0., 0.]), size=array([0.5, 0.5]), texRes=128, units='height', win=Window(...))
10.4192 	EXP 	Created Presentation_image_3_f1 = ImageStim(__class__=<class 'psychopy.visual.image.ImageStim'>, autoLog=True, color=array([1., 1., 1.]), colorSpace='rgb', contrast=1.0, depth=-3.0, flipHoriz=False, flipVert=False, image='sin', interpolate=True, mask=None, maskParams=None, name='Presentation_image_3_f1', opacity=1.0, ori=0.0, pos=array([0., 0.]), size=array([0.5, 0.5]), texRes=128, units='height', win=Window(...))
10.4206 	EXP 	Created Presentation_image_4_f1 = ImageStim(__class__=<class 'psychopy.visual.image.ImageStim'>, autoLog=True, color=array([1., 1., 1.]), colorSpace='rgb', contrast=1.0, depth=-4.0, flipHoriz=False, flipVert=False, image='sin', interpolate=True, mask=None, maskParams=None, name='Presentation_image_4_f1', opacity=1.0, ori=0.0, pos=array([0., 0.]), size=array([0.5, 0.5]), texRes=128, units='height', win=Window(...))
10.4217 	EXP 	Created Fixation_cross = ShapeStim(__class__=<class 'psychopy.visual.shape.ShapeStim'>, autoDraw=False, autoLog=True, closeShape=True, contrast=1.0, depth=0.0, fillColor=array([1., 1., 1.]), fillColorSpace='rgb', interpolate=True, lineColor=array([1., 1., 1.]), lineColorSpace='rgb', lineWidth=1, name='Fixation_cross', opacity=1.0, ori=array(0.), pos=array([0., 0.]), size=array([0.1, 0.1]), units='height', vertices=ndarray(...), win=Window(...), windingRule=None)
10.4231 	EXP 	Created Topleft = ImageStim(__class__=<class 'psychopy.visual.image.ImageStim'>, autoLog=True, color=array([1., 1., 1.]), colorSpace='rgb', contrast=1.0, depth=-1.0, flipHoriz=False, flipVert=False, image='sin', interpolate=True, mask=None, maskParams=None, name='Topleft', opacity=1.0, ori=0.0, pos=array([-0.25,  0.25]), size=array([0.5, 0.5]), texRes=128, units='height', win=Window(...))
10.4245 	EXP 	Created Topright = ImageStim(__class__=<class 'psychopy.visual.image.ImageStim'>, autoLog=True, color=array([1., 1., 1.]), colorSpace='rgb', contrast=1.0, depth=-2.0, flipHoriz=False, flipVert=False, image='sin', interpolate=True, mask=None, maskParams=None, name='Topright', opacity=1.0, ori=0.0, pos=array([0.25, 0.25]), size=array([0.5, 0.5]), texRes=128, units='height', win=Window(...))
10.4258 	EXP 	Created Bottomleft = ImageStim(__class__=<class 'psychopy.visual.image.ImageStim'>, autoLog=True, color=array([1., 1., 1.]), colorSpace='rgb', contrast=1.0, depth=-3.0, flipHoriz=False, flipVert=False, image='sin', interpolate=True, mask=None, maskParams=None, name='Bottomleft', opacity=1.0, ori=0.0, pos=array([-0.25, -0.25]), size=array([0.5, 0.5]), texRes=128, units='height', win=Window(...))
10.4272 	EXP 	Created Bottomright = ImageStim(__class__=<class 'psychopy.visual.image.ImageStim'>, autoLog=True, color=array([1., 1., 1.]), colorSpace='rgb', contrast=1.0, depth=-4.0, flipHoriz=False, flipVert=False, image='sin', interpolate=True, mask=None, maskParams=None, name='Bottomright', opacity=1.0, ori=0.0, pos=array([ 0.25, -0.25]), size=array([0.5, 0.5]), texRes=128, units='height', win=Window(...))
10.4305 	EXP 	Created text_2 = TextStim(__class__=<class 'psychopy.visual.text.TextStim'>, alignHoriz=method-wrapper(...), alignText='center', alignVert=method-wrapper(...), anchorHoriz='center', anchorVert='center', antialias=True, autoLog=True, bold=False, color='white', colorSpace='named', contrast=1.0, depth=0.0, flipHoriz=False, flipVert=False, font='Arial', fontFiles=[], height=0.1, italic=False, languageStyle='LTR', name='text_2', opacity=1.0, ori=0, pos=array([0., 0.]), rgb=array([255., 255., 255.]), text='End\n\n', units='height', win=Window(...), wrapWidth=1)
10.4617 	EXP 	text: autoDraw = True
11.4738 	EXP 	Imported stim_present_data_block_1.csv as conditions, 180 conditions, 12 params
11.4743 	EXP 	Created sequence: sequential, trialTypes=180, nReps=1, seed=None
11.4746 	EXP 	New trial (rep=0, index=0): OrderedDict([('imageone', 'LZ_scrambled\\LZ_scrambled_168.jpg'), ('imagetwo', 'LZ_scrambled\\LZ_scrambled_126.jpg'), ('imagethree', 'LZ_scrambled\\LZ_scrambled_115.jpg'), ('imagefour', 'LZ_scrambled\\LZ_scrambled_143.jpg'), ('frequency', 4), ('imageTL', 'LZ_scrambled\\LZ_scrambled_168.jpg'), ('imageBL', 'LZ_scrambled\\LZ_scrambled_15.jpg'), ('imageTR', 'LZ_scrambled\\LZ_scrambled_218.jpg'), ('imageBR', 'LZ_scrambled\\LZ_scrambled_2.jpg'), ('correct_answer', '    a'), ('stimulus_type', 2), ('condition_code', 24)])
11.5866 	EXP 	text: autoDraw = False
11.5866 	EXP 	Presentation_image_1_f1: image = 'LZ_scrambled\\LZ_scrambled_168.jpg'
11.5866 	EXP 	Presentation_image_2_f1: image = 'LZ_scrambled\\LZ_scrambled_126.jpg'
11.5866 	EXP 	Presentation_image_3_f1: image = 'LZ_scrambled\\LZ_scrambled_115.jpg'
11.5866 	EXP 	Presentation_image_4_f1: image = 'LZ_scrambled\\LZ_scrambled_143.jpg'
11.5866 	EXP 	Cross: autoDraw = True
12.6002 	EXP 	Presentation_image_1_f1: autoDraw = True
12.6055 	EXP 	Cross: autoDraw = False
13.5811 	EXP 	Presentation_image_2_f1: autoDraw = True
13.6002 	EXP 	Presentation_image_1_f1: autoDraw = False
14.5839 	EXP 	Presentation_image_3_f1: autoDraw = True
14.5892 	EXP 	Presentation_image_2_f1: autoDraw = False
15.5812 	EXP 	Presentation_image_4_f1: autoDraw = True
15.5863 	EXP 	Presentation_image_3_f1: autoDraw = False
16.5979 	EXP 	Cross: autoDraw = False
16.5979 	EXP 	Presentation_image_1_f1: autoDraw = False
16.5979 	EXP 	Presentation_image_2_f1: autoDraw = False
16.5979 	EXP 	Presentation_image_3_f1: autoDraw = False
16.5979 	EXP 	Presentation_image_4_f1: autoDraw = False
16.5979 	EXP 	Presentation_image_f2_1: image = 'LZ_scrambled\\LZ_scrambled_168.jpg'
16.5979 	EXP 	Presentation_image_f2_2: image = 'LZ_scrambled\\LZ_scrambled_168.jpg'
16.5979 	EXP 	Presentation_image_2_f2_1: image = 'LZ_scrambled\\LZ_scrambled_126.jpg'
16.5979 	EXP 	Presentatio_image_2_f2_2: image = 'LZ_scrambled\\LZ_scrambled_126.jpg'
16.5979 	EXP 	Presentation_image_3_f2_1: image = 'LZ_scrambled\\LZ_scrambled_115.jpg'
16.5979 	EXP 	Presentation_image_3_f2_2: image = 'LZ_scrambled\\LZ_scrambled_115.jpg'
16.5979 	EXP 	Presentation_image_4_f2_1: image = 'LZ_scrambled\\LZ_scrambled_143.jpg'
16.5979 	EXP 	Presentation_image_4_f2_2: image = 'LZ_scrambled\\LZ_scrambled_143.jpg'
16.5979 	EXP 	Cross_2: autoDraw = True
17.5944 	EXP 	Presentation_image_f2_1: autoDraw = True
17.6005 	EXP 	Cross_2: autoDraw = False
18.0444 	EXP 	Presentation_image_f2_1: autoDraw = False
18.0942 	EXP 	Presentation_image_f2_2: autoDraw = True
18.5445 	EXP 	Presentation_image_f2_2: autoDraw = False
18.5941 	EXP 	Presentation_image_2_f2_1: autoDraw = True
19.0445 	EXP 	Presentation_image_2_f2_1: autoDraw = False
19.0940 	EXP 	Presentatio_image_2_f2_2: autoDraw = True
19.5444 	EXP 	Presentatio_image_2_f2_2: autoDraw = False
19.5942 	EXP 	Presentation_image_3_f2_1: autoDraw = True
20.0445 	EXP 	Presentation_image_3_f2_1: autoDraw = False
20.0941 	EXP 	Presentation_image_3_f2_2: autoDraw = True
20.5445 	EXP 	Presentation_image_3_f2_2: autoDraw = False
20.5940 	EXP 	Presentation_image_4_f2_1: autoDraw = True
21.0443 	EXP 	Presentation_image_4_f2_1: autoDraw = False
21.0940 	EXP 	Presentation_image_4_f2_2: autoDraw = True
21.4414 	EXP 	Cross_2: autoDraw = False
21.4414 	EXP 	Presentation_image_f2_1: autoDraw = False
21.4414 	EXP 	Presentation_image_f2_2: autoDraw = False
21.4414 	EXP 	Presentation_image_2_f2_1: autoDraw = False
21.4414 	EXP 	Presentatio_image_2_f2_2: autoDraw = False
21.4414 	EXP 	Presentation_image_3_f2_1: autoDraw = False
21.4414 	EXP 	Presentation_image_3_f2_2: autoDraw = False
21.4414 	EXP 	Presentation_image_4_f2_1: autoDraw = False
21.4414 	EXP 	Presentation_image_4_f2_2: autoDraw = False
21.4414 	EXP 	Topleft: image = 'LZ_scrambled\\LZ_scrambled_168.jpg'
21.4414 	EXP 	Topright: image = 'LZ_scrambled\\LZ_scrambled_218.jpg'
21.4414 	EXP 	Bottomleft: image = 'LZ_scrambled\\LZ_scrambled_15.jpg'
21.4414 	EXP 	Bottomright: image = 'LZ_scrambled\\LZ_scrambled_2.jpg'
21.4414 	EXP 	Fixation_cross: autoDraw = True
22.4447 	EXP 	Topleft: autoDraw = True
22.4447 	EXP 	Topright: autoDraw = True
22.4447 	EXP 	Bottomleft: autoDraw = True
22.4447 	EXP 	Bottomright: autoDraw = True
22.4555 	EXP 	Fixation_cross: autoDraw = False
23.0047 	DATA 	Keypress: a
23.0143 	EXP 	New trial (rep=0, index=1): OrderedDict([('imageone', 'LZ_scrambled\\LZ_scrambled_223.jpg'), ('imagetwo', 'LZ_scrambled\\LZ_scrambled_166.jpg'), ('imagethree', 'LZ_scrambled\\LZ_scrambled_129.jpg'), ('imagefour', 'LZ_scrambled\\LZ_scrambled_149.jpg'), ('frequency', 4), ('imageTL', 'LZ_scrambled\\LZ_scrambled_214.jpg'), ('imageBL', 'LZ_scrambled\\LZ_scrambled_166.jpg'), ('imageTR', 'LZ_scrambled\\LZ_scrambled_80.jpg'), ('imageBR', 'LZ_scrambled\\LZ_scrambled_188.jpg'), ('correct_answer', '    z'), ('stimulus_type', 2), ('condition_code', 24)])
23.0671 	EXP 	Fixation_cross: autoDraw = False
23.0671 	EXP 	Topleft: autoDraw = False
23.0671 	EXP 	Topright: autoDraw = False
23.0671 	EXP 	Bottomleft: autoDraw = False
23.0671 	EXP 	Bottomright: autoDraw = False
23.0671 	EXP 	Presentation_image_1_f1: image = 'LZ_scrambled\\LZ_scrambled_223.jpg'
23.0671 	EXP 	Presentation_image_2_f1: image = 'LZ_scrambled\\LZ_scrambled_166.jpg'
23.0671 	EXP 	Presentation_image_3_f1: image = 'LZ_scrambled\\LZ_scrambled_129.jpg'
23.0671 	EXP 	Presentation_image_4_f1: image = 'LZ_scrambled\\LZ_scrambled_149.jpg'
23.0671 	EXP 	Cross: autoDraw = True
24.0591 	EXP 	Presentation_image_1_f1: autoDraw = True
24.0729 	EXP 	Cross: autoDraw = False
25.0588 	EXP 	Presentation_image_1_f1: autoDraw = False
25.0588 	EXP 	Presentation_image_2_f1: autoDraw = True
26.0589 	EXP 	Presentation_image_2_f1: autoDraw = False
26.0589 	EXP 	Presentation_image_3_f1: autoDraw = True
27.0593 	EXP 	Presentation_image_3_f1: autoDraw = False
27.0593 	EXP 	Presentation_image_4_f1: autoDraw = True
28.1313 	EXP 	Cross: autoDraw = False
28.1313 	EXP 	Presentation_image_1_f1: autoDraw = False
28.1313 	EXP 	Presentation_image_2_f1: autoDraw = False
28.1313 	EXP 	Presentation_image_3_f1: autoDraw = False
28.1313 	EXP 	Presentation_image_4_f1: autoDraw = False
28.1313 	EXP 	Presentation_image_f2_1: image = 'LZ_scrambled\\LZ_scrambled_223.jpg'
28.1313 	EXP 	Presentation_image_f2_2: image = 'LZ_scrambled\\LZ_scrambled_223.jpg'
28.1313 	EXP 	Presentation_image_2_f2_1: image = 'LZ_scrambled\\LZ_scrambled_166.jpg'
28.1313 	EXP 	Presentatio_image_2_f2_2: image = 'LZ_scrambled\\LZ_scrambled_166.jpg'
28.1313 	EXP 	Presentation_image_3_f2_1: image = 'LZ_scrambled\\LZ_scrambled_129.jpg'
28.1313 	EXP 	Presentation_image_3_f2_2: image = 'LZ_scrambled\\LZ_scrambled_129.jpg'
28.1313 	EXP 	Presentation_image_4_f2_1: image = 'LZ_scrambled\\LZ_scrambled_149.jpg'
28.1313 	EXP 	Presentation_image_4_f2_2: image = 'LZ_scrambled\\LZ_scrambled_149.jpg'
28.1313 	EXP 	Cross_2: autoDraw = True
29.1217 	EXP 	Presentation_image_f2_1: autoDraw = True
29.1355 	EXP 	Cross_2: autoDraw = False
29.5720 	EXP 	Presentation_image_f2_1: autoDraw = False
29.6219 	EXP 	Presentation_image_f2_2: autoDraw = True
30.0723 	EXP 	Presentation_image_f2_2: autoDraw = False
30.1218 	EXP 	Presentation_image_2_f2_1: autoDraw = True
30.5723 	EXP 	Presentation_image_2_f2_1: autoDraw = False
30.6220 	EXP 	Presentatio_image_2_f2_2: autoDraw = True
31.0725 	EXP 	Presentatio_image_2_f2_2: autoDraw = False
31.1218 	EXP 	Presentation_image_3_f2_1: autoDraw = True
31.5723 	EXP 	Presentation_image_3_f2_1: autoDraw = False
31.6219 	EXP 	Presentation_image_3_f2_2: autoDraw = True
32.0723 	EXP 	Presentation_image_3_f2_2: autoDraw = False
32.1217 	EXP 	Presentation_image_4_f2_1: autoDraw = True
32.5720 	EXP 	Presentation_image_4_f2_1: autoDraw = False
32.6217 	EXP 	Presentation_image_4_f2_2: autoDraw = True
33.0464 	EXP 	Cross_2: autoDraw = False
33.0464 	EXP 	Presentation_image_f2_1: autoDraw = False
33.0464 	EXP 	Presentation_image_f2_2: autoDraw = False
33.0464 	EXP 	Presentation_image_2_f2_1: autoDraw = False
33.0464 	EXP 	Presentatio_image_2_f2_2: autoDraw = False
33.0464 	EXP 	Presentation_image_3_f2_1: autoDraw = False
33.0464 	EXP 	Presentation_image_3_f2_2: autoDraw = False
33.0464 	EXP 	Presentation_image_4_f2_1: autoDraw = False
33.0464 	EXP 	Presentation_image_4_f2_2: autoDraw = False
33.0464 	EXP 	Topleft: image = 'LZ_scrambled\\LZ_scrambled_214.jpg'
33.0464 	EXP 	Topright: image = 'LZ_scrambled\\LZ_scrambled_80.jpg'
33.0464 	EXP 	Bottomleft: image = 'LZ_scrambled\\LZ_scrambled_166.jpg'
33.0464 	EXP 	Bottomright: image = 'LZ_scrambled\\LZ_scrambled_188.jpg'
33.0464 	EXP 	Fixation_cross: autoDraw = True
34.0429 	EXP 	Topleft: autoDraw = True
34.0429 	EXP 	Topright: autoDraw = True
34.0429 	EXP 	Bottomleft: autoDraw = True
34.0429 	EXP 	Bottomright: autoDraw = True
34.0543 	EXP 	Fixation_cross: autoDraw = False
35.3345 	DATA 	Keypress: z
35.3427 	EXP 	New trial (rep=0, index=2): OrderedDict([('imageone', 'LZ_natural\\LZ_natural_175.jpg'), ('imagetwo', 'LZ_natural\\LZ_natural_220.jpg'), ('imagethree', 'LZ_natural\\LZ_natural_55.jpg'), ('imagefour', 'LZ_natural\\LZ_natural_142.jpg'), ('frequency', 3), ('imageTL', 'LZ_natural\\LZ_natural_118.jpg'), ('imageBL', 'LZ_natural\\LZ_natural_220.jpg'), ('imageTR', 'LZ_natural\\LZ_natural_135.jpg'), ('imageBR', 'LZ_natural\\LZ_natural_215.jpg'), ('correct_answer', '    z'), ('stimulus_type', 1), ('condition_code', 13)])
35.3783 	EXP 	Fixation_cross: autoDraw = False
35.3783 	EXP 	Topleft: autoDraw = False
35.3783 	EXP 	Topright: autoDraw = False
35.3783 	EXP 	Bottomleft: autoDraw = False
35.3783 	EXP 	Bottomright: autoDraw = False
35.3783 	EXP 	Presentation_image_1_f1: image = 'LZ_natural\\LZ_natural_175.jpg'
35.3783 	EXP 	Presentation_image_2_f1: image = 'LZ_natural\\LZ_natural_220.jpg'
35.3783 	EXP 	Presentation_image_3_f1: image = 'LZ_natural\\LZ_natural_55.jpg'
35.3783 	EXP 	Presentation_image_4_f1: image = 'LZ_natural\\LZ_natural_142.jpg'
35.3783 	EXP 	Cross: autoDraw = True
36.3715 	EXP 	Presentation_image_1_f1: autoDraw = True
36.3739 	DATA 	Keypress: escape
36.3782 	EXP 	Cross: autoDraw = False
38.5433 	EXP 	window1: mouseVisible = True
