1.4691 	WARNING 	We strongly recommend you activate the PTB sound engine in PsychoPy prefs as the preferred audio engine. Its timing is vastly superior. Your prefs are currently set to use ['sounddevice', 'PTB', 'pyo', 'pygame'] (in that order).
3.5771 	WARNING 	psychopy.parallel has been imported but no parallel port driver found. Install either inpout32, inpoutx64 or dlportio
9.8948 	EXP 	Created window1 = Window(allowGUI=False, allowStencil=False, args=UNKNOWN, autoLog=True, bitsMode=UNKNOWN, blendMode='avg', bpc=(8, 8, 8), color=array([0., 0., 0.]), colorSpace='rgb', depthBits=8, fullscr=<method-wrapper '__getattribute__' of attributeSetter object at 0x00000234A1A257B8>, gamma=None, gammaErrorPolicy='raise', kwargs=UNKNOWN, lms=UNKNOWN, monitor=<psychopy.monitors.calibTools.Monitor object at 0x00000234A1733BE0>, multiSample=False, name='window1', numSamples=2, pos=[0.0, 0.0], screen=0, size=array([1920, 1080]), stencilBits=0, stereo=False, units='height', useFBO=True, useRetina=False, viewOri=0.0, viewPos=None, viewScale=None, waitBlanking=True, winType='pyglet')
9.8950 	EXP 	window1: mouseVisible = True
9.8951 	EXP 	window1: recordFrameIntervals = False
9.9641 	EXP 	window1: recordFrameIntervals = True
10.0408 	EXP 	window1: recordFrameIntervals = False
10.3973 	EXP 	Created text = TextStim(__class__=<class 'psychopy.visual.text.TextStim'>, alignHoriz=method-wrapper(...), alignText='center', alignVert=method-wrapper(...), anchorHoriz='center', anchorVert='center', antialias=True, autoLog=True, bold=False, color='white', colorSpace='named', contrast=1.0, depth=0.0, flipHoriz=False, flipVert=False, font='Arial', fontFiles=[], height=0.1, italic=False, languageStyle='LTR', name='text', opacity=1.0, ori=0, pos=array([0., 0.]), rgb=array([255., 255., 255.]), text='Welcome', units='height', win=Window(...), wrapWidth=1)
10.3986 	EXP 	Created Cross = ShapeStim(__class__=<class 'psychopy.visual.shape.ShapeStim'>, autoDraw=False, autoLog=True, closeShape=True, contrast=1.0, depth=0.0, fillColor=array([1., 1., 1.]), fillColorSpace='rgb', interpolate=True, lineColor=array([1., 1., 1.]), lineColorSpace='rgb', lineWidth=1, name='Cross', opacity=1.0, ori=array(0.), pos=array([0., 0.]), size=array([0.1, 0.1]), units='height', vertices=ndarray(...), win=Window(...), windingRule=None)
10.4002 	EXP 	Created Presentation_image_1 = ImageStim(__class__=<class 'psychopy.visual.image.ImageStim'>, autoLog=True, color=array([1., 1., 1.]), colorSpace='rgb', contrast=1.0, depth=-1.0, flipHoriz=False, flipVert=False, image='sin', interpolate=True, mask=None, maskParams=None, name='Presentation_image_1', opacity=1.0, ori=0.0, pos=array([0., 0.]), size=array([0.5, 0.5]), texRes=128, units='height', win=Window(...))
10.4014 	EXP 	Created Presentation_image_2 = ImageStim(__class__=<class 'psychopy.visual.image.ImageStim'>, autoLog=True, color=array([1., 1., 1.]), colorSpace='rgb', contrast=1.0, depth=-2.0, flipHoriz=False, flipVert=False, image='sin', interpolate=True, mask=None, maskParams=None, name='Presentation_image_2', opacity=1.0, ori=0.0, pos=array([0., 0.]), size=array([0.5, 0.5]), texRes=128, units='height', win=Window(...))
10.4034 	EXP 	Created Presentation_image_3 = ImageStim(__class__=<class 'psychopy.visual.image.ImageStim'>, autoLog=True, color=array([1., 1., 1.]), colorSpace='rgb', contrast=1.0, depth=-3.0, flipHoriz=False, flipVert=False, image='sin', interpolate=True, mask=None, maskParams=None, name='Presentation_image_3', opacity=1.0, ori=0.0, pos=array([0., 0.]), size=array([0.5, 0.5]), texRes=128, units='height', win=Window(...))
10.4053 	EXP 	Created Presentation_image_4 = ImageStim(__class__=<class 'psychopy.visual.image.ImageStim'>, autoLog=True, color=array([1., 1., 1.]), colorSpace='rgb', contrast=1.0, depth=-4.0, flipHoriz=False, flipVert=False, image='sin', interpolate=True, mask=None, maskParams=None, name='Presentation_image_4', opacity=1.0, ori=0.0, pos=array([0., 0.]), size=array([0.5, 0.5]), texRes=128, units='height', win=Window(...))
10.4065 	EXP 	Created Fixation_cross = ShapeStim(__class__=<class 'psychopy.visual.shape.ShapeStim'>, autoDraw=False, autoLog=True, closeShape=True, contrast=1.0, depth=0.0, fillColor=array([1., 1., 1.]), fillColorSpace='rgb', interpolate=True, lineColor=array([1., 1., 1.]), lineColorSpace='rgb', lineWidth=1, name='Fixation_cross', opacity=1.0, ori=array(0.), pos=array([0., 0.]), size=array([0.1, 0.1]), units='height', vertices=ndarray(...), win=Window(...), windingRule=None)
10.4081 	EXP 	Created Topleft = ImageStim(__class__=<class 'psychopy.visual.image.ImageStim'>, autoLog=True, color=array([1., 1., 1.]), colorSpace='rgb', contrast=1.0, depth=-1.0, flipHoriz=False, flipVert=False, image='sin', interpolate=True, mask=None, maskParams=None, name='Topleft', opacity=1.0, ori=0.0, pos=array([-0.25,  0.25]), size=array([0.5, 0.5]), texRes=128, units='height', win=Window(...))
10.4096 	EXP 	Created Topright = ImageStim(__class__=<class 'psychopy.visual.image.ImageStim'>, autoLog=True, color=array([1., 1., 1.]), colorSpace='rgb', contrast=1.0, depth=-2.0, flipHoriz=False, flipVert=False, image='sin', interpolate=True, mask=None, maskParams=None, name='Topright', opacity=1.0, ori=0.0, pos=array([0.25, 0.25]), size=array([0.5, 0.5]), texRes=128, units='height', win=Window(...))
10.4109 	EXP 	Created Bottomleft = ImageStim(__class__=<class 'psychopy.visual.image.ImageStim'>, autoLog=True, color=array([1., 1., 1.]), colorSpace='rgb', contrast=1.0, depth=-3.0, flipHoriz=False, flipVert=False, image='sin', interpolate=True, mask=None, maskParams=None, name='Bottomleft', opacity=1.0, ori=0.0, pos=array([-0.25, -0.25]), size=array([0.5, 0.5]), texRes=128, units='height', win=Window(...))
10.4122 	EXP 	Created Bottomright = ImageStim(__class__=<class 'psychopy.visual.image.ImageStim'>, autoLog=True, color=array([1., 1., 1.]), colorSpace='rgb', contrast=1.0, depth=-4.0, flipHoriz=False, flipVert=False, image='sin', interpolate=True, mask=None, maskParams=None, name='Bottomright', opacity=1.0, ori=0.0, pos=array([ 0.25, -0.25]), size=array([0.5, 0.5]), texRes=128, units='height', win=Window(...))
10.4471 	EXP 	Created text_break = TextStim(__class__=<class 'psychopy.visual.text.TextStim'>, alignHoriz=method-wrapper(...), alignText='center', alignVert=method-wrapper(...), anchorHoriz='center', anchorVert='center', antialias=True, autoLog=True, bold=False, color='white', colorSpace='named', contrast=1.0, depth=0.0, flipHoriz=False, flipVert=False, font='Arial', fontFiles=[], height=0.1, italic=False, languageStyle='LTR', name='text_break', opacity=1.0, ori=0, pos=array([0., 0.]), rgb=array([255., 255., 255.]), text=str(...), units='height', win=Window(...), wrapWidth=1)
10.4484 	EXP 	Created Cross = ShapeStim(__class__=<class 'psychopy.visual.shape.ShapeStim'>, autoDraw=False, autoLog=True, closeShape=True, contrast=1.0, depth=0.0, fillColor=array([1., 1., 1.]), fillColorSpace='rgb', interpolate=True, lineColor=array([1., 1., 1.]), lineColorSpace='rgb', lineWidth=1, name='Cross', opacity=1.0, ori=array(0.), pos=array([0., 0.]), size=array([0.1, 0.1]), units='height', vertices=ndarray(...), win=Window(...), windingRule=None)
10.4497 	EXP 	Created Presentation_image_1 = ImageStim(__class__=<class 'psychopy.visual.image.ImageStim'>, autoLog=True, color=array([1., 1., 1.]), colorSpace='rgb', contrast=1.0, depth=-1.0, flipHoriz=False, flipVert=False, image='sin', interpolate=True, mask=None, maskParams=None, name='Presentation_image_1', opacity=1.0, ori=0.0, pos=array([0., 0.]), size=array([0.5, 0.5]), texRes=128, units='height', win=Window(...))
10.4510 	EXP 	Created Presentation_image_2 = ImageStim(__class__=<class 'psychopy.visual.image.ImageStim'>, autoLog=True, color=array([1., 1., 1.]), colorSpace='rgb', contrast=1.0, depth=-2.0, flipHoriz=False, flipVert=False, image='sin', interpolate=True, mask=None, maskParams=None, name='Presentation_image_2', opacity=1.0, ori=0.0, pos=array([0., 0.]), size=array([0.5, 0.5]), texRes=128, units='height', win=Window(...))
10.4522 	EXP 	Created Presentation_image_3 = ImageStim(__class__=<class 'psychopy.visual.image.ImageStim'>, autoLog=True, color=array([1., 1., 1.]), colorSpace='rgb', contrast=1.0, depth=-3.0, flipHoriz=False, flipVert=False, image='sin', interpolate=True, mask=None, maskParams=None, name='Presentation_image_3', opacity=1.0, ori=0.0, pos=array([0., 0.]), size=array([0.5, 0.5]), texRes=128, units='height', win=Window(...))
10.4534 	EXP 	Created Presentation_image_4 = ImageStim(__class__=<class 'psychopy.visual.image.ImageStim'>, autoLog=True, color=array([1., 1., 1.]), colorSpace='rgb', contrast=1.0, depth=-4.0, flipHoriz=False, flipVert=False, image='sin', interpolate=True, mask=None, maskParams=None, name='Presentation_image_4', opacity=1.0, ori=0.0, pos=array([0., 0.]), size=array([0.5, 0.5]), texRes=128, units='height', win=Window(...))
10.4546 	EXP 	Created Fixation_cross = ShapeStim(__class__=<class 'psychopy.visual.shape.ShapeStim'>, autoDraw=False, autoLog=True, closeShape=True, contrast=1.0, depth=0.0, fillColor=array([1., 1., 1.]), fillColorSpace='rgb', interpolate=True, lineColor=array([1., 1., 1.]), lineColorSpace='rgb', lineWidth=1, name='Fixation_cross', opacity=1.0, ori=array(0.), pos=array([0., 0.]), size=array([0.1, 0.1]), units='height', vertices=ndarray(...), win=Window(...), windingRule=None)
10.4557 	EXP 	Created Topleft = ImageStim(__class__=<class 'psychopy.visual.image.ImageStim'>, autoLog=True, color=array([1., 1., 1.]), colorSpace='rgb', contrast=1.0, depth=-1.0, flipHoriz=False, flipVert=False, image='sin', interpolate=True, mask=None, maskParams=None, name='Topleft', opacity=1.0, ori=0.0, pos=array([-0.25,  0.25]), size=array([0.5, 0.5]), texRes=128, units='height', win=Window(...))
10.4568 	EXP 	Created Topright = ImageStim(__class__=<class 'psychopy.visual.image.ImageStim'>, autoLog=True, color=array([1., 1., 1.]), colorSpace='rgb', contrast=1.0, depth=-2.0, flipHoriz=False, flipVert=False, image='sin', interpolate=True, mask=None, maskParams=None, name='Topright', opacity=1.0, ori=0.0, pos=array([0.25, 0.25]), size=array([0.5, 0.5]), texRes=128, units='height', win=Window(...))
10.4580 	EXP 	Created Bottomleft = ImageStim(__class__=<class 'psychopy.visual.image.ImageStim'>, autoLog=True, color=array([1., 1., 1.]), colorSpace='rgb', contrast=1.0, depth=-3.0, flipHoriz=False, flipVert=False, image='sin', interpolate=True, mask=None, maskParams=None, name='Bottomleft', opacity=1.0, ori=0.0, pos=array([-0.25, -0.25]), size=array([0.5, 0.5]), texRes=128, units='height', win=Window(...))
10.4594 	EXP 	Created Bottomright = ImageStim(__class__=<class 'psychopy.visual.image.ImageStim'>, autoLog=True, color=array([1., 1., 1.]), colorSpace='rgb', contrast=1.0, depth=-4.0, flipHoriz=False, flipVert=False, image='sin', interpolate=True, mask=None, maskParams=None, name='Bottomright', opacity=1.0, ori=0.0, pos=array([ 0.25, -0.25]), size=array([0.5, 0.5]), texRes=128, units='height', win=Window(...))
10.4666 	EXP 	Created text_break = TextStim(__class__=<class 'psychopy.visual.text.TextStim'>, alignHoriz=method-wrapper(...), alignText='center', alignVert=method-wrapper(...), anchorHoriz='center', anchorVert='center', antialias=True, autoLog=True, bold=False, color='white', colorSpace='named', contrast=1.0, depth=0.0, flipHoriz=False, flipVert=False, font='Arial', fontFiles=[], height=0.1, italic=False, languageStyle='LTR', name='text_break', opacity=1.0, ori=0, pos=array([0., 0.]), rgb=array([255., 255., 255.]), text=str(...), units='height', win=Window(...), wrapWidth=1)
10.4677 	EXP 	Created Cross = ShapeStim(__class__=<class 'psychopy.visual.shape.ShapeStim'>, autoDraw=False, autoLog=True, closeShape=True, contrast=1.0, depth=0.0, fillColor=array([1., 1., 1.]), fillColorSpace='rgb', interpolate=True, lineColor=array([1., 1., 1.]), lineColorSpace='rgb', lineWidth=1, name='Cross', opacity=1.0, ori=array(0.), pos=array([0., 0.]), size=array([0.1, 0.1]), units='height', vertices=ndarray(...), win=Window(...), windingRule=None)
10.4693 	EXP 	Created Presentation_image_1 = ImageStim(__class__=<class 'psychopy.visual.image.ImageStim'>, autoLog=True, color=array([1., 1., 1.]), colorSpace='rgb', contrast=1.0, depth=-1.0, flipHoriz=False, flipVert=False, image='sin', interpolate=True, mask=None, maskParams=None, name='Presentation_image_1', opacity=1.0, ori=0.0, pos=array([0., 0.]), size=array([0.5, 0.5]), texRes=128, units='height', win=Window(...))
10.4709 	EXP 	Created Presentation_image_2 = ImageStim(__class__=<class 'psychopy.visual.image.ImageStim'>, autoLog=True, color=array([1., 1., 1.]), colorSpace='rgb', contrast=1.0, depth=-2.0, flipHoriz=False, flipVert=False, image='sin', interpolate=True, mask=None, maskParams=None, name='Presentation_image_2', opacity=1.0, ori=0.0, pos=array([0., 0.]), size=array([0.5, 0.5]), texRes=128, units='height', win=Window(...))
10.4725 	EXP 	Created Presentation_image_3 = ImageStim(__class__=<class 'psychopy.visual.image.ImageStim'>, autoLog=True, color=array([1., 1., 1.]), colorSpace='rgb', contrast=1.0, depth=-3.0, flipHoriz=False, flipVert=False, image='sin', interpolate=True, mask=None, maskParams=None, name='Presentation_image_3', opacity=1.0, ori=0.0, pos=array([0., 0.]), size=array([0.5, 0.5]), texRes=128, units='height', win=Window(...))
10.4737 	EXP 	Created Presentation_image_4 = ImageStim(__class__=<class 'psychopy.visual.image.ImageStim'>, autoLog=True, color=array([1., 1., 1.]), colorSpace='rgb', contrast=1.0, depth=-4.0, flipHoriz=False, flipVert=False, image='sin', interpolate=True, mask=None, maskParams=None, name='Presentation_image_4', opacity=1.0, ori=0.0, pos=array([0., 0.]), size=array([0.5, 0.5]), texRes=128, units='height', win=Window(...))
10.4749 	EXP 	Created Fixation_cross = ShapeStim(__class__=<class 'psychopy.visual.shape.ShapeStim'>, autoDraw=False, autoLog=True, closeShape=True, contrast=1.0, depth=0.0, fillColor=array([1., 1., 1.]), fillColorSpace='rgb', interpolate=True, lineColor=array([1., 1., 1.]), lineColorSpace='rgb', lineWidth=1, name='Fixation_cross', opacity=1.0, ori=array(0.), pos=array([0., 0.]), size=array([0.1, 0.1]), units='height', vertices=ndarray(...), win=Window(...), windingRule=None)
10.4761 	EXP 	Created Topleft = ImageStim(__class__=<class 'psychopy.visual.image.ImageStim'>, autoLog=True, color=array([1., 1., 1.]), colorSpace='rgb', contrast=1.0, depth=-1.0, flipHoriz=False, flipVert=False, image='sin', interpolate=True, mask=None, maskParams=None, name='Topleft', opacity=1.0, ori=0.0, pos=array([-0.25,  0.25]), size=array([0.5, 0.5]), texRes=128, units='height', win=Window(...))
10.4774 	EXP 	Created Topright = ImageStim(__class__=<class 'psychopy.visual.image.ImageStim'>, autoLog=True, color=array([1., 1., 1.]), colorSpace='rgb', contrast=1.0, depth=-2.0, flipHoriz=False, flipVert=False, image='sin', interpolate=True, mask=None, maskParams=None, name='Topright', opacity=1.0, ori=0.0, pos=array([0.25, 0.25]), size=array([0.5, 0.5]), texRes=128, units='height', win=Window(...))
10.4786 	EXP 	Created Bottomleft = ImageStim(__class__=<class 'psychopy.visual.image.ImageStim'>, autoLog=True, color=array([1., 1., 1.]), colorSpace='rgb', contrast=1.0, depth=-3.0, flipHoriz=False, flipVert=False, image='sin', interpolate=True, mask=None, maskParams=None, name='Bottomleft', opacity=1.0, ori=0.0, pos=array([-0.25, -0.25]), size=array([0.5, 0.5]), texRes=128, units='height', win=Window(...))
10.4802 	EXP 	Created Bottomright = ImageStim(__class__=<class 'psychopy.visual.image.ImageStim'>, autoLog=True, color=array([1., 1., 1.]), colorSpace='rgb', contrast=1.0, depth=-4.0, flipHoriz=False, flipVert=False, image='sin', interpolate=True, mask=None, maskParams=None, name='Bottomright', opacity=1.0, ori=0.0, pos=array([ 0.25, -0.25]), size=array([0.5, 0.5]), texRes=128, units='height', win=Window(...))
10.4875 	EXP 	Created text_break = TextStim(__class__=<class 'psychopy.visual.text.TextStim'>, alignHoriz=method-wrapper(...), alignText='center', alignVert=method-wrapper(...), anchorHoriz='center', anchorVert='center', antialias=True, autoLog=True, bold=False, color='white', colorSpace='named', contrast=1.0, depth=0.0, flipHoriz=False, flipVert=False, font='Arial', fontFiles=[], height=0.1, italic=False, languageStyle='LTR', name='text_break', opacity=1.0, ori=0, pos=array([0., 0.]), rgb=array([255., 255., 255.]), text=str(...), units='height', win=Window(...), wrapWidth=1)
10.4887 	EXP 	Created Cross = ShapeStim(__class__=<class 'psychopy.visual.shape.ShapeStim'>, autoDraw=False, autoLog=True, closeShape=True, contrast=1.0, depth=0.0, fillColor=array([1., 1., 1.]), fillColorSpace='rgb', interpolate=True, lineColor=array([1., 1., 1.]), lineColorSpace='rgb', lineWidth=1, name='Cross', opacity=1.0, ori=array(0.), pos=array([0., 0.]), size=array([0.1, 0.1]), units='height', vertices=ndarray(...), win=Window(...), windingRule=None)
10.4901 	EXP 	Created Presentation_image_1 = ImageStim(__class__=<class 'psychopy.visual.image.ImageStim'>, autoLog=True, color=array([1., 1., 1.]), colorSpace='rgb', contrast=1.0, depth=-1.0, flipHoriz=False, flipVert=False, image='sin', interpolate=True, mask=None, maskParams=None, name='Presentation_image_1', opacity=1.0, ori=0.0, pos=array([0., 0.]), size=array([0.5, 0.5]), texRes=128, units='height', win=Window(...))
10.4914 	EXP 	Created Presentation_image_2 = ImageStim(__class__=<class 'psychopy.visual.image.ImageStim'>, autoLog=True, color=array([1., 1., 1.]), colorSpace='rgb', contrast=1.0, depth=-2.0, flipHoriz=False, flipVert=False, image='sin', interpolate=True, mask=None, maskParams=None, name='Presentation_image_2', opacity=1.0, ori=0.0, pos=array([0., 0.]), size=array([0.5, 0.5]), texRes=128, units='height', win=Window(...))
10.4926 	EXP 	Created Presentation_image_3 = ImageStim(__class__=<class 'psychopy.visual.image.ImageStim'>, autoLog=True, color=array([1., 1., 1.]), colorSpace='rgb', contrast=1.0, depth=-3.0, flipHoriz=False, flipVert=False, image='sin', interpolate=True, mask=None, maskParams=None, name='Presentation_image_3', opacity=1.0, ori=0.0, pos=array([0., 0.]), size=array([0.5, 0.5]), texRes=128, units='height', win=Window(...))
10.4937 	EXP 	Created Presentation_image_4 = ImageStim(__class__=<class 'psychopy.visual.image.ImageStim'>, autoLog=True, color=array([1., 1., 1.]), colorSpace='rgb', contrast=1.0, depth=-4.0, flipHoriz=False, flipVert=False, image='sin', interpolate=True, mask=None, maskParams=None, name='Presentation_image_4', opacity=1.0, ori=0.0, pos=array([0., 0.]), size=array([0.5, 0.5]), texRes=128, units='height', win=Window(...))
10.4949 	EXP 	Created Fixation_cross = ShapeStim(__class__=<class 'psychopy.visual.shape.ShapeStim'>, autoDraw=False, autoLog=True, closeShape=True, contrast=1.0, depth=0.0, fillColor=array([1., 1., 1.]), fillColorSpace='rgb', interpolate=True, lineColor=array([1., 1., 1.]), lineColorSpace='rgb', lineWidth=1, name='Fixation_cross', opacity=1.0, ori=array(0.), pos=array([0., 0.]), size=array([0.1, 0.1]), units='height', vertices=ndarray(...), win=Window(...), windingRule=None)
10.4960 	EXP 	Created Topleft = ImageStim(__class__=<class 'psychopy.visual.image.ImageStim'>, autoLog=True, color=array([1., 1., 1.]), colorSpace='rgb', contrast=1.0, depth=-1.0, flipHoriz=False, flipVert=False, image='sin', interpolate=True, mask=None, maskParams=None, name='Topleft', opacity=1.0, ori=0.0, pos=array([-0.25,  0.25]), size=array([0.5, 0.5]), texRes=128, units='height', win=Window(...))
10.4973 	EXP 	Created Topright = ImageStim(__class__=<class 'psychopy.visual.image.ImageStim'>, autoLog=True, color=array([1., 1., 1.]), colorSpace='rgb', contrast=1.0, depth=-2.0, flipHoriz=False, flipVert=False, image='sin', interpolate=True, mask=None, maskParams=None, name='Topright', opacity=1.0, ori=0.0, pos=array([0.25, 0.25]), size=array([0.5, 0.5]), texRes=128, units='height', win=Window(...))
10.4986 	EXP 	Created Bottomleft = ImageStim(__class__=<class 'psychopy.visual.image.ImageStim'>, autoLog=True, color=array([1., 1., 1.]), colorSpace='rgb', contrast=1.0, depth=-3.0, flipHoriz=False, flipVert=False, image='sin', interpolate=True, mask=None, maskParams=None, name='Bottomleft', opacity=1.0, ori=0.0, pos=array([-0.25, -0.25]), size=array([0.5, 0.5]), texRes=128, units='height', win=Window(...))
10.5005 	EXP 	Created Bottomright = ImageStim(__class__=<class 'psychopy.visual.image.ImageStim'>, autoLog=True, color=array([1., 1., 1.]), colorSpace='rgb', contrast=1.0, depth=-4.0, flipHoriz=False, flipVert=False, image='sin', interpolate=True, mask=None, maskParams=None, name='Bottomright', opacity=1.0, ori=0.0, pos=array([ 0.25, -0.25]), size=array([0.5, 0.5]), texRes=128, units='height', win=Window(...))
10.5041 	EXP 	Created text_2 = TextStim(__class__=<class 'psychopy.visual.text.TextStim'>, alignHoriz=method-wrapper(...), alignText='center', alignVert=method-wrapper(...), anchorHoriz='center', anchorVert='center', antialias=True, autoLog=True, bold=False, color='white', colorSpace='named', contrast=1.0, depth=0.0, flipHoriz=False, flipVert=False, font='Arial', fontFiles=[], height=0.1, italic=False, languageStyle='LTR', name='text_2', opacity=1.0, ori=0, pos=array([0., 0.]), rgb=array([255., 255., 255.]), text='End\n\n', units='height', win=Window(...), wrapWidth=1)
10.5356 	EXP 	text: autoDraw = True
11.5455 	EXP 	Imported stim_present_data_block_1.csv as conditions, 180 conditions, 12 params
11.5460 	EXP 	Created sequence: sequential, trialTypes=180, nReps=1, seed=None
11.5463 	EXP 	New trial (rep=0, index=0): OrderedDict([('imageone', 'LZ_scrambled\\LZ_scrambled_168.jpg'), ('imagetwo', 'LZ_scrambled\\LZ_scrambled_126.jpg'), ('imagethree', 'LZ_scrambled\\LZ_scrambled_115.jpg'), ('imagefour', 'LZ_scrambled\\LZ_scrambled_143.jpg'), ('frequency', 4), ('imageTL', 'LZ_scrambled\\LZ_scrambled_168.jpg'), ('imageBL', 'LZ_scrambled\\LZ_scrambled_15.jpg'), ('imageTR', 'LZ_scrambled\\LZ_scrambled_218.jpg'), ('imageBR', 'LZ_scrambled\\LZ_scrambled_2.jpg'), ('correct_answer', '    a'), ('stimulus_type', 2), ('condition_code', 24)])
11.6582 	EXP 	text: autoDraw = False
11.6582 	EXP 	Presentation_image_1: image = 'LZ_scrambled\\LZ_scrambled_168.jpg'
11.6582 	EXP 	Presentation_image_2: image = 'LZ_scrambled\\LZ_scrambled_126.jpg'
11.6582 	EXP 	Presentation_image_3: image = 'LZ_scrambled\\LZ_scrambled_115.jpg'
11.6582 	EXP 	Presentation_image_4: image = 'LZ_scrambled\\LZ_scrambled_143.jpg'
11.6582 	EXP 	Cross: autoDraw = True
12.6824 	EXP 	Presentation_image_1: autoDraw = True
12.6873 	EXP 	Cross: autoDraw = False
13.6528 	EXP 	Presentation_image_2: autoDraw = True
13.6868 	EXP 	Presentation_image_1: autoDraw = False
14.6529 	EXP 	Presentation_image_2: autoDraw = False
14.6529 	EXP 	Presentation_image_3: autoDraw = True
15.6524 	EXP 	Presentation_image_3: autoDraw = False
15.6524 	EXP 	Presentation_image_4: autoDraw = True
16.5773 	EXP 	Cross: autoDraw = False
16.5773 	EXP 	Presentation_image_1: autoDraw = False
16.5773 	EXP 	Presentation_image_2: autoDraw = False
16.5773 	EXP 	Presentation_image_3: autoDraw = False
16.5773 	EXP 	Presentation_image_4: autoDraw = False
16.5773 	EXP 	Topleft: image = 'LZ_scrambled\\LZ_scrambled_168.jpg'
16.5773 	EXP 	Topright: image = 'LZ_scrambled\\LZ_scrambled_218.jpg'
16.5773 	EXP 	Bottomleft: image = 'LZ_scrambled\\LZ_scrambled_15.jpg'
16.5773 	EXP 	Bottomright: image = 'LZ_scrambled\\LZ_scrambled_2.jpg'
16.5773 	EXP 	Fixation_cross: autoDraw = True
17.5793 	EXP 	Topleft: autoDraw = True
17.5793 	EXP 	Topright: autoDraw = True
17.5793 	EXP 	Bottomleft: autoDraw = True
17.5793 	EXP 	Bottomright: autoDraw = True
17.5884 	EXP 	Fixation_cross: autoDraw = False
18.7207 	DATA 	Keypress: k
18.7323 	EXP 	New trial (rep=0, index=1): OrderedDict([('imageone', 'LZ_scrambled\\LZ_scrambled_223.jpg'), ('imagetwo', 'LZ_scrambled\\LZ_scrambled_166.jpg'), ('imagethree', 'LZ_scrambled\\LZ_scrambled_129.jpg'), ('imagefour', 'LZ_scrambled\\LZ_scrambled_149.jpg'), ('frequency', 4), ('imageTL', 'LZ_scrambled\\LZ_scrambled_214.jpg'), ('imageBL', 'LZ_scrambled\\LZ_scrambled_166.jpg'), ('imageTR', 'LZ_scrambled\\LZ_scrambled_80.jpg'), ('imageBR', 'LZ_scrambled\\LZ_scrambled_188.jpg'), ('correct_answer', '    z'), ('stimulus_type', 2), ('condition_code', 24)])
18.7868 	EXP 	Fixation_cross: autoDraw = False
18.7868 	EXP 	Topleft: autoDraw = False
18.7868 	EXP 	Topright: autoDraw = False
18.7868 	EXP 	Bottomleft: autoDraw = False
18.7868 	EXP 	Bottomright: autoDraw = False
18.7868 	EXP 	Presentation_image_1: image = 'LZ_scrambled\\LZ_scrambled_223.jpg'
18.7868 	EXP 	Presentation_image_2: image = 'LZ_scrambled\\LZ_scrambled_166.jpg'
18.7868 	EXP 	Presentation_image_3: image = 'LZ_scrambled\\LZ_scrambled_129.jpg'
18.7868 	EXP 	Presentation_image_4: image = 'LZ_scrambled\\LZ_scrambled_149.jpg'
18.7868 	EXP 	Cross: autoDraw = True
19.7775 	EXP 	Presentation_image_1: autoDraw = True
19.7912 	EXP 	Cross: autoDraw = False
20.7775 	EXP 	Presentation_image_1: autoDraw = False
20.7775 	EXP 	Presentation_image_2: autoDraw = True
21.7775 	EXP 	Presentation_image_2: autoDraw = False
21.7775 	EXP 	Presentation_image_3: autoDraw = True
22.7772 	EXP 	Presentation_image_3: autoDraw = False
22.7772 	EXP 	Presentation_image_4: autoDraw = True
23.8112 	EXP 	Cross: autoDraw = False
23.8112 	EXP 	Presentation_image_1: autoDraw = False
23.8112 	EXP 	Presentation_image_2: autoDraw = False
23.8112 	EXP 	Presentation_image_3: autoDraw = False
23.8112 	EXP 	Presentation_image_4: autoDraw = False
23.8112 	EXP 	Topleft: image = 'LZ_scrambled\\LZ_scrambled_214.jpg'
23.8112 	EXP 	Topright: image = 'LZ_scrambled\\LZ_scrambled_80.jpg'
23.8112 	EXP 	Bottomleft: image = 'LZ_scrambled\\LZ_scrambled_166.jpg'
23.8112 	EXP 	Bottomright: image = 'LZ_scrambled\\LZ_scrambled_188.jpg'
23.8112 	EXP 	Fixation_cross: autoDraw = True
24.8075 	EXP 	Topleft: autoDraw = True
24.8075 	EXP 	Topright: autoDraw = True
24.8075 	EXP 	Bottomleft: autoDraw = True
24.8075 	EXP 	Bottomright: autoDraw = True
24.8176 	EXP 	Fixation_cross: autoDraw = False
26.1023 	EXP 	New trial (rep=0, index=2): OrderedDict([('imageone', 'LZ_natural\\LZ_natural_175.jpg'), ('imagetwo', 'LZ_natural\\LZ_natural_220.jpg'), ('imagethree', 'LZ_natural\\LZ_natural_55.jpg'), ('imagefour', 'LZ_natural\\LZ_natural_142.jpg'), ('frequency', 3), ('imageTL', 'LZ_natural\\LZ_natural_118.jpg'), ('imageBL', 'LZ_natural\\LZ_natural_220.jpg'), ('imageTR', 'LZ_natural\\LZ_natural_135.jpg'), ('imageBR', 'LZ_natural\\LZ_natural_215.jpg'), ('correct_answer', '    z'), ('stimulus_type', 1), ('condition_code', 13)])
26.1582 	DATA 	Keypress: m
26.1606 	EXP 	Fixation_cross: autoDraw = False
26.1606 	EXP 	Topleft: autoDraw = False
26.1606 	EXP 	Topright: autoDraw = False
26.1606 	EXP 	Bottomleft: autoDraw = False
26.1606 	EXP 	Bottomright: autoDraw = False
26.1606 	EXP 	Presentation_image_1: image = 'LZ_natural\\LZ_natural_175.jpg'
26.1606 	EXP 	Presentation_image_2: image = 'LZ_natural\\LZ_natural_220.jpg'
26.1606 	EXP 	Presentation_image_3: image = 'LZ_natural\\LZ_natural_55.jpg'
26.1606 	EXP 	Presentation_image_4: image = 'LZ_natural\\LZ_natural_142.jpg'
26.1606 	EXP 	Cross: autoDraw = True
27.1520 	EXP 	Presentation_image_1: autoDraw = True
27.1658 	EXP 	Cross: autoDraw = False
28.1521 	EXP 	Presentation_image_1: autoDraw = False
28.1521 	EXP 	Presentation_image_2: autoDraw = True
29.1521 	EXP 	Presentation_image_2: autoDraw = False
29.1521 	EXP 	Presentation_image_3: autoDraw = True
30.1521 	EXP 	Presentation_image_3: autoDraw = False
30.1521 	EXP 	Presentation_image_4: autoDraw = True
31.1680 	EXP 	Cross: autoDraw = False
31.1680 	EXP 	Presentation_image_1: autoDraw = False
31.1680 	EXP 	Presentation_image_2: autoDraw = False
31.1680 	EXP 	Presentation_image_3: autoDraw = False
31.1680 	EXP 	Presentation_image_4: autoDraw = False
31.1680 	EXP 	Topleft: image = 'LZ_natural\\LZ_natural_118.jpg'
31.1680 	EXP 	Topright: image = 'LZ_natural\\LZ_natural_135.jpg'
31.1680 	EXP 	Bottomleft: image = 'LZ_natural\\LZ_natural_220.jpg'
31.1680 	EXP 	Bottomright: image = 'LZ_natural\\LZ_natural_215.jpg'
31.1680 	EXP 	Fixation_cross: autoDraw = True
32.1608 	EXP 	Topleft: autoDraw = True
32.1608 	EXP 	Topright: autoDraw = True
32.1608 	EXP 	Bottomleft: autoDraw = True
32.1608 	EXP 	Bottomright: autoDraw = True
32.1689 	EXP 	Fixation_cross: autoDraw = False
34.9226 	EXP 	New trial (rep=0, index=3): OrderedDict([('imageone', 'LZ_noise\\LZ_noise_93.jpg'), ('imagetwo', 'LZ_noise\\LZ_noise_197.jpg'), ('imagethree', 'LZ_noise\\LZ_noise_229.jpg'), ('imagefour', 'LZ_noise\\LZ_noise_142.jpg'), ('frequency', 3), ('imageTL', 'LZ_noise\\LZ_noise_189.jpg'), ('imageBL', 'LZ_noise\\LZ_noise_85.jpg'), ('imageTR', 'LZ_noise\\LZ_noise_93.jpg'), ('imageBR', 'LZ_noise\\LZ_noise_142.jpg'), ('correct_answer', '    m'), ('stimulus_type', 3), ('condition_code', 33)])
34.9923 	DATA 	Keypress: a
34.9952 	EXP 	Fixation_cross: autoDraw = False
34.9952 	EXP 	Topleft: autoDraw = False
34.9952 	EXP 	Topright: autoDraw = False
34.9952 	EXP 	Bottomleft: autoDraw = False
34.9952 	EXP 	Bottomright: autoDraw = False
34.9952 	EXP 	Presentation_image_1: image = 'LZ_noise\\LZ_noise_93.jpg'
34.9952 	EXP 	Presentation_image_2: image = 'LZ_noise\\LZ_noise_197.jpg'
34.9952 	EXP 	Presentation_image_3: image = 'LZ_noise\\LZ_noise_229.jpg'
34.9952 	EXP 	Presentation_image_4: image = 'LZ_noise\\LZ_noise_142.jpg'
34.9952 	EXP 	Cross: autoDraw = True
35.9924 	EXP 	Presentation_image_1: autoDraw = True
35.9992 	EXP 	Cross: autoDraw = False
36.9925 	EXP 	Presentation_image_1: autoDraw = False
36.9925 	EXP 	Presentation_image_2: autoDraw = True
37.9925 	EXP 	Presentation_image_2: autoDraw = False
37.9925 	EXP 	Presentation_image_3: autoDraw = True
38.9925 	EXP 	Presentation_image_3: autoDraw = False
38.9925 	EXP 	Presentation_image_4: autoDraw = True
39.9589 	EXP 	Cross: autoDraw = False
39.9589 	EXP 	Presentation_image_1: autoDraw = False
39.9589 	EXP 	Presentation_image_2: autoDraw = False
39.9589 	EXP 	Presentation_image_3: autoDraw = False
39.9589 	EXP 	Presentation_image_4: autoDraw = False
39.9589 	EXP 	Topleft: image = 'LZ_noise\\LZ_noise_189.jpg'
39.9589 	EXP 	Topright: image = 'LZ_noise\\LZ_noise_93.jpg'
39.9589 	EXP 	Bottomleft: image = 'LZ_noise\\LZ_noise_85.jpg'
39.9589 	EXP 	Bottomright: image = 'LZ_noise\\LZ_noise_142.jpg'
39.9589 	EXP 	Fixation_cross: autoDraw = True
40.9526 	EXP 	Topleft: autoDraw = True
40.9526 	EXP 	Topright: autoDraw = True
40.9526 	EXP 	Bottomleft: autoDraw = True
40.9526 	EXP 	Bottomright: autoDraw = True
40.9616 	EXP 	Fixation_cross: autoDraw = False
42.6166 	DATA 	Keypress: k
42.6251 	EXP 	New trial (rep=0, index=4): OrderedDict([('imageone', 'LZ_noise\\LZ_noise_84.jpg'), ('imagetwo', 'LZ_noise\\LZ_noise_28.jpg'), ('imagethree', 'LZ_noise\\LZ_noise_56.jpg'), ('imagefour', 'LZ_noise\\LZ_noise_91.jpg'), ('frequency', 2), ('imageTL', 'LZ_noise\\LZ_noise_159.jpg'), ('imageBL', 'LZ_noise\\LZ_noise_49.jpg'), ('imageTR', 'LZ_noise\\LZ_noise_56.jpg'), ('imageBR', 'LZ_noise\\LZ_noise_178.jpg'), ('correct_answer', '    k'), ('stimulus_type', 3), ('condition_code', 32)])
42.6648 	EXP 	Fixation_cross: autoDraw = False
42.6648 	EXP 	Topleft: autoDraw = False
42.6648 	EXP 	Topright: autoDraw = False
42.6648 	EXP 	Bottomleft: autoDraw = False
42.6648 	EXP 	Bottomright: autoDraw = False
42.6648 	EXP 	Presentation_image_1: image = 'LZ_noise\\LZ_noise_84.jpg'
42.6648 	EXP 	Presentation_image_2: image = 'LZ_noise\\LZ_noise_28.jpg'
42.6648 	EXP 	Presentation_image_3: image = 'LZ_noise\\LZ_noise_56.jpg'
42.6648 	EXP 	Presentation_image_4: image = 'LZ_noise\\LZ_noise_91.jpg'
42.6648 	EXP 	Cross: autoDraw = True
43.6592 	EXP 	Presentation_image_1: autoDraw = True
43.6662 	EXP 	Cross: autoDraw = False
44.6594 	EXP 	Presentation_image_1: autoDraw = False
44.6594 	EXP 	Presentation_image_2: autoDraw = True
44.9608 	DATA 	Keypress: escape
47.1118 	EXP 	window1: mouseVisible = True
