1.5929 	WARNING 	We strongly recommend you activate the PTB sound engine in PsychoPy prefs as the preferred audio engine. Its timing is vastly superior. Your prefs are currently set to use ['sounddevice', 'PTB', 'pyo', 'pygame'] (in that order).
6.1714 	WARNING 	User requested fullscreen with size [1024  768], but screen is actually [1920, 1080]. Using actual size
11.1042 	EXP 	Created window1 = Window(allowGUI=False, allowStencil=False, args=UNKNOWN, autoLog=True, bitsMode=UNKNOWN, blendMode='avg', bpc=(8, 8, 8), color=array([0., 0., 0.]), colorSpace='rgb', depthBits=8, fullscr=<method-wrapper '__getattribute__' of attributeSetter object at 0x0000028EFF877940>, gamma=None, gammaErrorPolicy='raise', kwargs=UNKNOWN, lms=UNKNOWN, monitor=<psychopy.monitors.calibTools.Monitor object at 0x0000028EFF5C6940>, multiSample=False, name='window1', numSamples=2, pos=[0.0, 0.0], screen=0, size=array([1920, 1080]), stencilBits=0, stereo=False, units='height', useFBO=True, useRetina=False, viewOri=0.0, viewPos=None, viewScale=None, waitBlanking=True, winType='pyglet')
11.1045 	EXP 	window1: mouseVisible = True
11.1045 	EXP 	window1: recordFrameIntervals = False
11.1734 	EXP 	window1: recordFrameIntervals = True
11.2498 	EXP 	window1: recordFrameIntervals = False
11.7583 	EXP 	Created text = TextStim(__class__=<class 'psychopy.visual.text.TextStim'>, alignHoriz=method-wrapper(...), alignText='center', alignVert=method-wrapper(...), anchorHoriz='center', anchorVert='center', antialias=True, autoLog=True, bold=False, color='white', colorSpace='named', contrast=1.0, depth=0.0, flipHoriz=False, flipVert=False, font='Arial', fontFiles=[], height=0.1, italic=False, languageStyle='LTR', name='text', opacity=1.0, ori=0, pos=array([0., 0.]), rgb=array([255., 255., 255.]), text='Welcome', units='height', win=Window(...), wrapWidth=1)
11.7597 	EXP 	Created Cross = ShapeStim(__class__=<class 'psychopy.visual.shape.ShapeStim'>, autoDraw=False, autoLog=True, closeShape=True, contrast=1.0, depth=0.0, fillColor=array([1., 1., 1.]), fillColorSpace='rgb', interpolate=True, lineColor=array([1., 1., 1.]), lineColorSpace='rgb', lineWidth=1, name='Cross', opacity=1.0, ori=array(0.), pos=array([0., 0.]), size=array([0.5, 0.5]), units='height', vertices=ndarray(...), win=Window(...), windingRule=None)
11.7657 	EXP 	Created image = ImageStim(__class__=<class 'psychopy.visual.image.ImageStim'>, autoLog=True, color=array([1., 1., 1.]), colorSpace='rgb', contrast=1.0, depth=-1.0, flipHoriz=False, flipVert=False, image='sin', interpolate=True, mask=None, maskParams=None, name='image', opacity=1.0, ori=0.0, pos=array([0., 0.]), size=array([0.5, 0.5]), texRes=128, units='height', win=Window(...))
11.7672 	EXP 	Created image_2 = ImageStim(__class__=<class 'psychopy.visual.image.ImageStim'>, autoLog=True, color=array([1., 1., 1.]), colorSpace='rgb', contrast=1.0, depth=-2.0, flipHoriz=False, flipVert=False, image='sin', interpolate=True, mask=None, maskParams=None, name='image_2', opacity=1.0, ori=0.0, pos=array([0., 0.]), size=array([0.5, 0.5]), texRes=128, units='height', win=Window(...))
11.7694 	EXP 	Created image_3 = ImageStim(__class__=<class 'psychopy.visual.image.ImageStim'>, autoLog=True, color=array([1., 1., 1.]), colorSpace='rgb', contrast=1.0, depth=-3.0, flipHoriz=False, flipVert=False, image='sin', interpolate=True, mask=None, maskParams=None, name='image_3', opacity=1.0, ori=0.0, pos=array([0., 0.]), size=array([0.5, 0.5]), texRes=128, units='height', win=Window(...))
11.7715 	EXP 	Created image_4 = ImageStim(__class__=<class 'psychopy.visual.image.ImageStim'>, autoLog=True, color=array([1., 1., 1.]), colorSpace='rgb', contrast=1.0, depth=-4.0, flipHoriz=False, flipVert=False, image='sin', interpolate=True, mask=None, maskParams=None, name='image_4', opacity=1.0, ori=0.0, pos=array([0., 0.]), size=array([0.5, 0.5]), texRes=128, units='height', win=Window(...))
11.7732 	EXP 	Created Topleft = ImageStim(__class__=<class 'psychopy.visual.image.ImageStim'>, autoLog=True, color=array([1., 1., 1.]), colorSpace='rgb', contrast=1.0, depth=0.0, flipHoriz=False, flipVert=False, image='sin', interpolate=True, mask=None, maskParams=None, name='Topleft', opacity=1.0, ori=0.0, pos=array([-0.25,  0.25]), size=array([0.5, 0.5]), texRes=128, units='height', win=Window(...))
11.7875 	EXP 	Created Topright = ImageStim(__class__=<class 'psychopy.visual.image.ImageStim'>, autoLog=True, color=array([1., 1., 1.]), colorSpace='rgb', contrast=1.0, depth=-1.0, flipHoriz=False, flipVert=False, image=str(...), interpolate=True, mask=None, maskParams=None, name='Topright', opacity=1.0, ori=0.0, pos=array([0.25, 0.25]), size=array([0.5, 0.5]), texRes=128, units='height', win=Window(...))
11.8026 	EXP 	Created Bottomleft = ImageStim(__class__=<class 'psychopy.visual.image.ImageStim'>, autoLog=True, color=array([1., 1., 1.]), colorSpace='rgb', contrast=1.0, depth=-2.0, flipHoriz=False, flipVert=False, image=str(...), interpolate=True, mask=None, maskParams=None, name='Bottomleft', opacity=1.0, ori=0.0, pos=array([-0.25, -0.25]), size=array([0.5, 0.5]), texRes=128, units='height', win=Window(...))
11.8165 	EXP 	Created Bottomright = ImageStim(__class__=<class 'psychopy.visual.image.ImageStim'>, autoLog=True, color=array([1., 1., 1.]), colorSpace='rgb', contrast=1.0, depth=-3.0, flipHoriz=False, flipVert=False, image=str(...), interpolate=True, mask=None, maskParams=None, name='Bottomright', opacity=1.0, ori=0.0, pos=array([ 0.25, -0.25]), size=array([0.5, 0.5]), texRes=128, units='height', win=Window(...))
11.8210 	EXP 	Created Fixation_cross = TextStim(__class__=<class 'psychopy.visual.text.TextStim'>, alignHoriz=method-wrapper(...), alignText='center', alignVert=method-wrapper(...), anchorHoriz='center', anchorVert='center', antialias=True, autoLog=True, bold=False, color='white', colorSpace='named', contrast=1.0, depth=-4.0, flipHoriz=False, flipVert=False, font='Arial', fontFiles=[], height=0.1, italic=False, languageStyle='LTR', name='Fixation_cross', opacity=1.0, ori=0, pos=array([0., 0.]), rgb=array([255., 255., 255.]), text='+', units='height', win=Window(...), wrapWidth=1)
11.8318 	EXP 	Created text_2 = TextStim(__class__=<class 'psychopy.visual.text.TextStim'>, alignHoriz=method-wrapper(...), alignText='center', alignVert=method-wrapper(...), anchorHoriz='center', anchorVert='center', antialias=True, autoLog=True, bold=False, color='white', colorSpace='named', contrast=1.0, depth=0.0, flipHoriz=False, flipVert=False, font='Arial', fontFiles=[], height=0.1, italic=False, languageStyle='LTR', name='text_2', opacity=1.0, ori=0, pos=array([0., 0.]), rgb=array([255., 255., 255.]), text='End\n\n', units='height', win=Window(...), wrapWidth=1)
11.8614 	EXP 	text: autoDraw = True
12.9500 	EXP 	Imported index.xlsx as conditions, 2 conditions, 5 params
12.9502 	EXP 	Created sequence: sequential, trialTypes=2, nReps=1, seed=None
12.9505 	EXP 	New trial (rep=0, index=0): OrderedDict([('trial', 1), ('image1', 'images\\Alcohol 5.jpg'), ('image2', 'images\\Alcohol 8.jpg'), ('image3', 'images\\Astronaut 1.jpg'), ('image4', 'images\\Baby 1.jpg')])
13.0002 	EXP 	text: autoDraw = False
13.0002 	EXP 	image: image = 'images\\Alcohol 5.jpg'
13.0002 	EXP 	image_2: image = 'images\\Alcohol 8.jpg'
13.0002 	EXP 	image_3: image = 'images\\Astronaut 1.jpg'
13.0002 	EXP 	image_4: image = 'images\\Baby 1.jpg'
13.0002 	EXP 	Cross: autoDraw = True
14.0179 	EXP 	image: autoDraw = True
14.0217 	EXP 	Cross: autoDraw = False
14.9935 	EXP 	image_2: autoDraw = True
15.0210 	EXP 	image: autoDraw = False
15.9935 	EXP 	image_2: autoDraw = False
15.9935 	EXP 	image_3: autoDraw = True
16.9936 	EXP 	image_3: autoDraw = False
16.9936 	EXP 	image_4: autoDraw = True
17.8490 	EXP 	Cross: autoDraw = False
17.8490 	EXP 	image: autoDraw = False
17.8490 	EXP 	image_2: autoDraw = False
17.8490 	EXP 	image_3: autoDraw = False
17.8490 	EXP 	image_4: autoDraw = False
17.8490 	EXP 	Topleft: image = 'C:\\Users\\Ram\\OneDrive - University of Sussex\\Desktop\\LZ correlation\\LZ_correlation\\test\\Alcohol 5.jpg'
17.8490 	EXP 	Fixation_cross: autoDraw = True
18.8434 	EXP 	Topleft: autoDraw = True
18.8434 	EXP 	Topright: autoDraw = True
18.8434 	EXP 	Bottomleft: autoDraw = True
18.8434 	EXP 	Bottomright: autoDraw = True
18.8535 	EXP 	Fixation_cross: autoDraw = False
22.8486 	EXP 	Topleft: autoDraw = False
22.8486 	EXP 	Topright: autoDraw = False
22.8486 	EXP 	Bottomleft: autoDraw = False
22.8486 	EXP 	Bottomright: autoDraw = False
28.4997 	DATA 	Keypress: l
30.4212 	DATA 	Keypress: k
30.4293 	EXP 	New trial (rep=0, index=1): OrderedDict([('trial', 2), ('image1', 'images\\Baby 2.jpg'), ('image2', 'images\\Baby 3.jpg'), ('image3', 'images\\Baby 4.jpg'), ('image4', 'images\\Baby 5.jpg')])
30.4827 	EXP 	Topleft: autoDraw = False
30.4827 	EXP 	Topright: autoDraw = False
30.4827 	EXP 	Bottomleft: autoDraw = False
30.4827 	EXP 	Bottomright: autoDraw = False
30.4827 	EXP 	Fixation_cross: autoDraw = False
30.4827 	EXP 	image: image = 'images\\Baby 2.jpg'
30.4827 	EXP 	image_2: image = 'images\\Baby 3.jpg'
30.4827 	EXP 	image_3: image = 'images\\Baby 4.jpg'
30.4827 	EXP 	image_4: image = 'images\\Baby 5.jpg'
30.4827 	EXP 	Cross: autoDraw = True
31.4806 	EXP 	image: autoDraw = True
31.4873 	EXP 	Cross: autoDraw = False
32.4804 	EXP 	image: autoDraw = False
32.4804 	EXP 	image_2: autoDraw = True
33.4804 	EXP 	image_2: autoDraw = False
33.4804 	EXP 	image_3: autoDraw = True
34.4805 	EXP 	image_3: autoDraw = False
34.4805 	EXP 	image_4: autoDraw = True
35.4400 	EXP 	Cross: autoDraw = False
35.4400 	EXP 	image: autoDraw = False
35.4400 	EXP 	image_2: autoDraw = False
35.4400 	EXP 	image_3: autoDraw = False
35.4400 	EXP 	image_4: autoDraw = False
35.4400 	EXP 	Topleft: image = 'C:\\Users\\Ram\\OneDrive - University of Sussex\\Desktop\\LZ correlation\\LZ_correlation\\test\\Alcohol 5.jpg'
35.4400 	EXP 	Fixation_cross: autoDraw = True
36.4401 	EXP 	Topleft: autoDraw = True
36.4401 	EXP 	Topright: autoDraw = True
36.4401 	EXP 	Bottomleft: autoDraw = True
36.4401 	EXP 	Bottomright: autoDraw = True
36.4507 	EXP 	Fixation_cross: autoDraw = False
40.4295 	DATA 	Keypress: m
40.4437 	EXP 	Topleft: autoDraw = False
40.4437 	EXP 	Topright: autoDraw = False
40.4437 	EXP 	Bottomleft: autoDraw = False
40.4437 	EXP 	Bottomright: autoDraw = False
40.4437 	EXP 	Topleft: autoDraw = False
40.4437 	EXP 	Topright: autoDraw = False
40.4437 	EXP 	Bottomleft: autoDraw = False
40.4437 	EXP 	Bottomright: autoDraw = False
40.4437 	EXP 	Fixation_cross: autoDraw = False
40.4437 	EXP 	text_2: autoDraw = True
41.4453 	EXP 	text_2: autoDraw = False
41.4453 	EXP 	text_2: autoDraw = False
43.5421 	EXP 	window1: mouseVisible = True
