1.6290 	WARNING 	We strongly recommend you activate the PTB sound engine in PsychoPy prefs as the preferred audio engine. Its timing is vastly superior. Your prefs are currently set to use ['sounddevice', 'PTB', 'pyo', 'pygame'] (in that order).
8.5409 	WARNING 	User requested fullscreen with size [1024  768], but screen is actually [1920, 1080]. Using actual size
11.0079 	EXP 	Created window1 = Window(allowGUI=False, allowStencil=False, args=UNKNOWN, autoLog=True, bitsMode=UNKNOWN, blendMode='avg', bpc=(8, 8, 8), color=array([0., 0., 0.]), colorSpace='rgb', depthBits=8, fullscr=<method-wrapper '__getattribute__' of attributeSetter object at 0x0000011148BFED30>, gamma=None, gammaErrorPolicy='raise', kwargs=UNKNOWN, lms=UNKNOWN, monitor=<psychopy.monitors.calibTools.Monitor object at 0x00000111488CBD30>, multiSample=False, name='window1', numSamples=2, pos=[0.0, 0.0], screen=0, size=array([1920, 1080]), stencilBits=0, stereo=False, units='height', useFBO=True, useRetina=False, viewOri=0.0, viewPos=None, viewScale=None, waitBlanking=True, winType='pyglet')
11.0081 	EXP 	window1: mouseVisible = True
11.0082 	EXP 	window1: recordFrameIntervals = False
11.0769 	EXP 	window1: recordFrameIntervals = True
11.1538 	EXP 	window1: recordFrameIntervals = False
11.5009 	EXP 	Created text = TextStim(__class__=<class 'psychopy.visual.text.TextStim'>, alignHoriz=method-wrapper(...), alignText='center', alignVert=method-wrapper(...), anchorHoriz='center', anchorVert='center', antialias=True, autoLog=True, bold=False, color='white', colorSpace='named', contrast=1.0, depth=0.0, flipHoriz=False, flipVert=False, font='Arial', fontFiles=[], height=0.1, italic=False, languageStyle='LTR', name='text', opacity=1.0, ori=0, pos=array([0., 0.]), rgb=array([255., 255., 255.]), text='Welcome', units='height', win=Window(...), wrapWidth=1)
11.5024 	EXP 	Created Cross = ShapeStim(__class__=<class 'psychopy.visual.shape.ShapeStim'>, autoDraw=False, autoLog=True, closeShape=True, contrast=1.0, depth=0.0, fillColor=array([1., 1., 1.]), fillColorSpace='rgb', interpolate=True, lineColor=array([1., 1., 1.]), lineColorSpace='rgb', lineWidth=1, name='Cross', opacity=1.0, ori=array(0.), pos=array([0., 0.]), size=array([0.5, 0.5]), units='height', vertices=ndarray(...), win=Window(...), windingRule=None)
11.5047 	EXP 	Created image = ImageStim(__class__=<class 'psychopy.visual.image.ImageStim'>, autoLog=True, color=array([1., 1., 1.]), colorSpace='rgb', contrast=1.0, depth=-1.0, flipHoriz=False, flipVert=False, image='sin', interpolate=True, mask=None, maskParams=None, name='image', opacity=1.0, ori=0.0, pos=array([0., 0.]), size=array([0.5, 0.5]), texRes=128, units='height', win=Window(...))
11.5064 	EXP 	Created image_2 = ImageStim(__class__=<class 'psychopy.visual.image.ImageStim'>, autoLog=True, color=array([1., 1., 1.]), colorSpace='rgb', contrast=1.0, depth=-2.0, flipHoriz=False, flipVert=False, image='sin', interpolate=True, mask=None, maskParams=None, name='image_2', opacity=1.0, ori=0.0, pos=array([0., 0.]), size=array([0.5, 0.5]), texRes=128, units='height', win=Window(...))
11.5078 	EXP 	Created image_3 = ImageStim(__class__=<class 'psychopy.visual.image.ImageStim'>, autoLog=True, color=array([1., 1., 1.]), colorSpace='rgb', contrast=1.0, depth=-3.0, flipHoriz=False, flipVert=False, image='sin', interpolate=True, mask=None, maskParams=None, name='image_3', opacity=1.0, ori=0.0, pos=array([0., 0.]), size=array([0.5, 0.5]), texRes=128, units='height', win=Window(...))
11.5092 	EXP 	Created image_4 = ImageStim(__class__=<class 'psychopy.visual.image.ImageStim'>, autoLog=True, color=array([1., 1., 1.]), colorSpace='rgb', contrast=1.0, depth=-4.0, flipHoriz=False, flipVert=False, image='sin', interpolate=True, mask=None, maskParams=None, name='image_4', opacity=1.0, ori=0.0, pos=array([0., 0.]), size=array([0.5, 0.5]), texRes=128, units='height', win=Window(...))
11.5107 	EXP 	Created Topleft = ImageStim(__class__=<class 'psychopy.visual.image.ImageStim'>, autoLog=True, color=array([1., 1., 1.]), colorSpace='rgb', contrast=1.0, depth=0.0, flipHoriz=False, flipVert=False, image='sin', interpolate=True, mask=None, maskParams=None, name='Topleft', opacity=1.0, ori=0.0, pos=array([-0.25,  0.25]), size=array([0.5, 0.5]), texRes=128, units='height', win=Window(...))
11.5121 	EXP 	Created Topright = ImageStim(__class__=<class 'psychopy.visual.image.ImageStim'>, autoLog=True, color=array([1., 1., 1.]), colorSpace='rgb', contrast=1.0, depth=-1.0, flipHoriz=False, flipVert=False, image='sin', interpolate=True, mask=None, maskParams=None, name='Topright', opacity=1.0, ori=0.0, pos=array([0.25, 0.25]), size=array([0.5, 0.5]), texRes=128, units='height', win=Window(...))
11.5135 	EXP 	Created Bottomleft = ImageStim(__class__=<class 'psychopy.visual.image.ImageStim'>, autoLog=True, color=array([1., 1., 1.]), colorSpace='rgb', contrast=1.0, depth=-2.0, flipHoriz=False, flipVert=False, image='sin', interpolate=True, mask=None, maskParams=None, name='Bottomleft', opacity=1.0, ori=0.0, pos=array([-0.25, -0.25]), size=array([0.5, 0.5]), texRes=128, units='height', win=Window(...))
11.5149 	EXP 	Created Bottomright = ImageStim(__class__=<class 'psychopy.visual.image.ImageStim'>, autoLog=True, color=array([1., 1., 1.]), colorSpace='rgb', contrast=1.0, depth=-3.0, flipHoriz=False, flipVert=False, image='sin', interpolate=True, mask=None, maskParams=None, name='Bottomright', opacity=1.0, ori=0.0, pos=array([ 0.25, -0.25]), size=array([0.5, 0.5]), texRes=128, units='height', win=Window(...))
11.5186 	EXP 	Created Fixation_cross = TextStim(__class__=<class 'psychopy.visual.text.TextStim'>, alignHoriz=method-wrapper(...), alignText='center', alignVert=method-wrapper(...), anchorHoriz='center', anchorVert='center', antialias=True, autoLog=True, bold=False, color='white', colorSpace='named', contrast=1.0, depth=-4.0, flipHoriz=False, flipVert=False, font='Arial', fontFiles=[], height=0.1, italic=False, languageStyle='LTR', name='Fixation_cross', opacity=1.0, ori=0, pos=array([0., 0.]), rgb=array([255., 255., 255.]), text='+', units='height', win=Window(...), wrapWidth=1)
11.5276 	EXP 	Created text_2 = TextStim(__class__=<class 'psychopy.visual.text.TextStim'>, alignHoriz=method-wrapper(...), alignText='center', alignVert=method-wrapper(...), anchorHoriz='center', anchorVert='center', antialias=True, autoLog=True, bold=False, color='white', colorSpace='named', contrast=1.0, depth=0.0, flipHoriz=False, flipVert=False, font='Arial', fontFiles=[], height=0.1, italic=False, languageStyle='LTR', name='text_2', opacity=1.0, ori=0, pos=array([0., 0.]), rgb=array([255., 255., 255.]), text='End\n\n', units='height', win=Window(...), wrapWidth=1)
11.5575 	EXP 	text: autoDraw = True
12.5607 	EXP 	Imported stim_present_data_block_1.csv as conditions, 180 conditions, 10 params
12.5614 	EXP 	Created sequence: sequential, trialTypes=180, nReps=180, seed=None
12.5623 	EXP 	New trial (rep=0, index=0): OrderedDict([('imageone', 'LZ_noise\\LZ_noise_10.jpg'), ('imagetwo', 'LZ_noise\\LZ_noise_146.jpg'), ('imagethree', 'LZ_noise\\LZ_noise_9.jpg'), ('imagefour', 'LZ_noise\\LZ_noise_45.jpg'), ('frequency', 4), ('imageTL', 'LZ_noise\\LZ_noise_173.jpg'), ('imageBL', 'LZ_noise\\LZ_noise_146.jpg'), ('imageTR', 'LZ_noise\\LZ_noise_76.jpg'), ('imageBR', 'LZ_noise\\LZ_noise_54.jpg'), ('correct_answer', '    z')])
12.6597 	EXP 	text: autoDraw = False
12.6597 	EXP 	image: image = 'LZ_noise\\LZ_noise_10.jpg'
12.6597 	EXP 	image_2: image = 'LZ_noise\\LZ_noise_146.jpg'
12.6597 	EXP 	image_3: image = 'LZ_noise\\LZ_noise_9.jpg'
12.6597 	EXP 	image_4: image = 'LZ_noise\\LZ_noise_45.jpg'
12.6597 	EXP 	Cross: autoDraw = True
13.6917 	EXP 	image: autoDraw = True
13.7002 	EXP 	Cross: autoDraw = False
14.6547 	EXP 	image_2: autoDraw = True
14.6954 	EXP 	image: autoDraw = False
15.6539 	EXP 	image_2: autoDraw = False
15.6539 	EXP 	image_3: autoDraw = True
16.6539 	EXP 	image_3: autoDraw = False
16.6539 	EXP 	image_4: autoDraw = True
17.5847 	EXP 	Cross: autoDraw = False
17.5847 	EXP 	image: autoDraw = False
17.5847 	EXP 	image_2: autoDraw = False
17.5847 	EXP 	image_3: autoDraw = False
17.5847 	EXP 	image_4: autoDraw = False
17.5847 	EXP 	Topleft: image = 'LZ_noise\\LZ_noise_173.jpg'
17.5847 	EXP 	Topright: image = 'LZ_noise\\LZ_noise_76.jpg'
17.5847 	EXP 	Bottomleft: image = 'LZ_noise\\LZ_noise_146.jpg'
17.5847 	EXP 	Bottomright: image = 'LZ_noise\\LZ_noise_54.jpg'
17.5847 	EXP 	Fixation_cross: autoDraw = True
18.5799 	EXP 	Topleft: autoDraw = True
18.5799 	EXP 	Topright: autoDraw = True
18.5799 	EXP 	Bottomleft: autoDraw = True
18.5799 	EXP 	Bottomright: autoDraw = True
18.5915 	EXP 	Fixation_cross: autoDraw = False
20.5567 	EXP 	New trial (rep=0, index=1): OrderedDict([('imageone', 'LZ_scrambled\\LZ_scrambled_57.jpg'), ('imagetwo', 'LZ_scrambled\\LZ_scrambled_133.jpg'), ('imagethree', 'LZ_scrambled\\LZ_scrambled_236.jpg'), ('imagefour', 'LZ_scrambled\\LZ_scrambled_13.jpg'), ('frequency', 3), ('imageTL', 'LZ_scrambled\\LZ_scrambled_57.jpg'), ('imageBL', 'LZ_scrambled\\LZ_scrambled_124.jpg'), ('imageTR', 'LZ_scrambled\\LZ_scrambled_166.jpg'), ('imageBR', 'LZ_scrambled\\LZ_scrambled_187.jpg'), ('correct_answer', '    a')])
20.6640 	DATA 	Keypress: a
20.6708 	EXP 	Topleft: autoDraw = False
20.6708 	EXP 	Topright: autoDraw = False
20.6708 	EXP 	Bottomleft: autoDraw = False
20.6708 	EXP 	Bottomright: autoDraw = False
20.6708 	EXP 	Fixation_cross: autoDraw = False
20.6708 	EXP 	image: image = 'LZ_scrambled\\LZ_scrambled_57.jpg'
20.6708 	EXP 	image_2: image = 'LZ_scrambled\\LZ_scrambled_133.jpg'
20.6708 	EXP 	image_3: image = 'LZ_scrambled\\LZ_scrambled_236.jpg'
20.6708 	EXP 	image_4: image = 'LZ_scrambled\\LZ_scrambled_13.jpg'
20.6708 	EXP 	Cross: autoDraw = True
21.6612 	EXP 	image: autoDraw = True
21.6746 	EXP 	Cross: autoDraw = False
22.6611 	EXP 	image: autoDraw = False
22.6611 	EXP 	image_2: autoDraw = True
23.6610 	EXP 	image_2: autoDraw = False
23.6610 	EXP 	image_3: autoDraw = True
24.6611 	EXP 	image_3: autoDraw = False
24.6611 	EXP 	image_4: autoDraw = True
25.6704 	EXP 	Cross: autoDraw = False
25.6704 	EXP 	image: autoDraw = False
25.6704 	EXP 	image_2: autoDraw = False
25.6704 	EXP 	image_3: autoDraw = False
25.6704 	EXP 	image_4: autoDraw = False
25.6704 	EXP 	Topleft: image = 'LZ_scrambled\\LZ_scrambled_57.jpg'
25.6704 	EXP 	Topright: image = 'LZ_scrambled\\LZ_scrambled_166.jpg'
25.6704 	EXP 	Bottomleft: image = 'LZ_scrambled\\LZ_scrambled_124.jpg'
25.6704 	EXP 	Bottomright: image = 'LZ_scrambled\\LZ_scrambled_187.jpg'
25.6704 	EXP 	Fixation_cross: autoDraw = True
26.6635 	EXP 	Topleft: autoDraw = True
26.6635 	EXP 	Topright: autoDraw = True
26.6635 	EXP 	Bottomleft: autoDraw = True
26.6635 	EXP 	Bottomright: autoDraw = True
26.6747 	EXP 	Fixation_cross: autoDraw = False
27.5767 	EXP 	New trial (rep=0, index=2): OrderedDict([('imageone', 'LZ_natural\\LZ_natural_12.jpg'), ('imagetwo', 'LZ_natural\\LZ_natural_163.jpg'), ('imagethree', 'LZ_natural\\LZ_natural_218.jpg'), ('imagefour', 'LZ_natural\\LZ_natural_174.jpg'), ('frequency', 2), ('imageTL', 'LZ_natural\\LZ_natural_161.jpg'), ('imageBL', 'LZ_natural\\LZ_natural_191.jpg'), ('imageTR', 'LZ_natural\\LZ_natural_218.jpg'), ('imageBR', 'LZ_natural\\LZ_natural_37.jpg'), ('correct_answer', '    k')])
27.6390 	DATA 	Keypress: z
27.6429 	EXP 	Topleft: autoDraw = False
27.6429 	EXP 	Topright: autoDraw = False
27.6429 	EXP 	Bottomleft: autoDraw = False
27.6429 	EXP 	Bottomright: autoDraw = False
27.6429 	EXP 	Fixation_cross: autoDraw = False
27.6429 	EXP 	image: image = 'LZ_natural\\LZ_natural_12.jpg'
27.6429 	EXP 	image_2: image = 'LZ_natural\\LZ_natural_163.jpg'
27.6429 	EXP 	image_3: image = 'LZ_natural\\LZ_natural_218.jpg'
27.6429 	EXP 	image_4: image = 'LZ_natural\\LZ_natural_174.jpg'
27.6429 	EXP 	Cross: autoDraw = True
28.6334 	EXP 	image: autoDraw = True
28.6472 	EXP 	Cross: autoDraw = False
29.6337 	EXP 	image: autoDraw = False
29.6337 	EXP 	image_2: autoDraw = True
30.6337 	EXP 	image_2: autoDraw = False
30.6337 	EXP 	image_3: autoDraw = True
31.6338 	EXP 	image_3: autoDraw = False
31.6338 	EXP 	image_4: autoDraw = True
31.8864 	DATA 	Keypress: escape
33.2152 	EXP 	window1: mouseVisible = True
