1.6880 	WARNING 	We strongly recommend you activate the PTB sound engine in PsychoPy prefs as the preferred audio engine. Its timing is vastly superior. Your prefs are currently set to use ['sounddevice', 'PTB', 'pyo', 'pygame'] (in that order).
5.9555 	WARNING 	User requested fullscreen with size [1024  768], but screen is actually [1920, 1080]. Using actual size
8.6910 	EXP 	Created window1 = Window(allowGUI=False, allowStencil=False, args=UNKNOWN, autoLog=True, bitsMode=UNKNOWN, blendMode='avg', bpc=(8, 8, 8), color=array([0., 0., 0.]), colorSpace='rgb', depthBits=8, fullscr=<method-wrapper '__getattribute__' of attributeSetter object at 0x000001B65FA4E160>, gamma=None, gammaErrorPolicy='raise', kwargs=UNKNOWN, lms=UNKNOWN, monitor=<psychopy.monitors.calibTools.Monitor object at 0x000001B65FAD7160>, multiSample=False, name='window1', numSamples=2, pos=[0.0, 0.0], screen=0, size=array([1920, 1080]), stencilBits=0, stereo=False, units='height', useFBO=True, useRetina=False, viewOri=0.0, viewPos=None, viewScale=None, waitBlanking=True, winType='pyglet')
8.6914 	EXP 	window1: mouseVisible = True
8.6914 	EXP 	window1: recordFrameIntervals = False
8.7596 	EXP 	window1: recordFrameIntervals = True
8.8362 	EXP 	window1: recordFrameIntervals = False
9.3140 	EXP 	Created Topleft = ImageStim(__class__=<class 'psychopy.visual.image.ImageStim'>, autoLog=True, color=array([1., 1., 1.]), colorSpace='rgb', contrast=1.0, depth=0.0, flipHoriz=False, flipVert=False, image='sin', interpolate=True, mask=None, maskParams=None, name='Topleft', opacity=1.0, ori=0.0, pos=array([-0.2,  0.2]), size=array([0.5, 0.5]), texRes=128, units='height', win=Window(...))
9.3314 	EXP 	Created Topright = ImageStim(__class__=<class 'psychopy.visual.image.ImageStim'>, autoLog=True, color=array([1., 1., 1.]), colorSpace='rgb', contrast=1.0, depth=-1.0, flipHoriz=False, flipVert=False, image=str(...), interpolate=True, mask=None, maskParams=None, name='Topright', opacity=1.0, ori=0.0, pos=array([0.2, 0.2]), size=array([0.5, 0.5]), texRes=128, units='height', win=Window(...))
9.3541 	EXP 	Created Bottomleft = ImageStim(__class__=<class 'psychopy.visual.image.ImageStim'>, autoLog=True, color=array([1., 1., 1.]), colorSpace='rgb', contrast=1.0, depth=-2.0, flipHoriz=False, flipVert=False, image=str(...), interpolate=True, mask=None, maskParams=None, name='Bottomleft', opacity=1.0, ori=0.0, pos=array([-0.2, -0.2]), size=array([0.5, 0.5]), texRes=128, units='height', win=Window(...))
9.3741 	EXP 	Created Bottomright = ImageStim(__class__=<class 'psychopy.visual.image.ImageStim'>, autoLog=True, color=array([1., 1., 1.]), colorSpace='rgb', contrast=1.0, depth=-3.0, flipHoriz=False, flipVert=False, image=str(...), interpolate=True, mask=None, maskParams=None, name='Bottomright', opacity=1.0, ori=0.0, pos=array([ 0.2, -0.2]), size=array([0.5, 0.5]), texRes=128, units='height', win=Window(...))
9.4543 	EXP 	Created Fixation_cross = TextStim(__class__=<class 'psychopy.visual.text.TextStim'>, alignHoriz=method-wrapper(...), alignText='center', alignVert=method-wrapper(...), anchorHoriz='center', anchorVert='center', antialias=True, autoLog=True, bold=False, color='white', colorSpace='named', contrast=1.0, depth=-4.0, flipHoriz=False, flipVert=False, font='Arial', fontFiles=[], height=0.1, italic=False, languageStyle='LTR', name='Fixation_cross', opacity=1.0, ori=0, pos=array([0., 0.]), rgb=array([255., 255., 255.]), text='+', units='height', win=Window(...), wrapWidth=1)
9.4570 	EXP 	Created Topleft = ImageStim(__class__=<class 'psychopy.visual.image.ImageStim'>, autoLog=True, color=array([1., 1., 1.]), colorSpace='rgb', contrast=1.0, depth=0.0, flipHoriz=False, flipVert=False, image='sin', interpolate=True, mask=None, maskParams=None, name='Topleft', opacity=1.0, ori=0.0, pos=array([-0.2,  0.2]), size=array([0.5, 0.5]), texRes=128, units='height', win=Window(...))
9.4683 	EXP 	Created Topright = ImageStim(__class__=<class 'psychopy.visual.image.ImageStim'>, autoLog=True, color=array([1., 1., 1.]), colorSpace='rgb', contrast=1.0, depth=-1.0, flipHoriz=False, flipVert=False, image=str(...), interpolate=True, mask=None, maskParams=None, name='Topright', opacity=1.0, ori=0.0, pos=array([0.2, 0.2]), size=array([0.5, 0.5]), texRes=128, units='height', win=Window(...))
9.4804 	EXP 	Created Bottomleft = ImageStim(__class__=<class 'psychopy.visual.image.ImageStim'>, autoLog=True, color=array([1., 1., 1.]), colorSpace='rgb', contrast=1.0, depth=-2.0, flipHoriz=False, flipVert=False, image=str(...), interpolate=True, mask=None, maskParams=None, name='Bottomleft', opacity=1.0, ori=0.0, pos=array([-0.2, -0.2]), size=array([0.5, 0.5]), texRes=128, units='height', win=Window(...))
9.4916 	EXP 	Created Bottomright = ImageStim(__class__=<class 'psychopy.visual.image.ImageStim'>, autoLog=True, color=array([1., 1., 1.]), colorSpace='rgb', contrast=1.0, depth=-3.0, flipHoriz=False, flipVert=False, image=str(...), interpolate=True, mask=None, maskParams=None, name='Bottomright', opacity=1.0, ori=0.0, pos=array([ 0.2, -0.2]), size=array([0.5, 0.5]), texRes=128, units='height', win=Window(...))
9.4940 	EXP 	Created Fixation_cross = TextStim(__class__=<class 'psychopy.visual.text.TextStim'>, alignHoriz=method-wrapper(...), alignText='center', alignVert=method-wrapper(...), anchorHoriz='center', anchorVert='center', antialias=True, autoLog=True, bold=False, color='white', colorSpace='named', contrast=1.0, depth=-4.0, flipHoriz=False, flipVert=False, font='Arial', fontFiles=[], height=0.1, italic=False, languageStyle='LTR', name='Fixation_cross', opacity=1.0, ori=0, pos=array([0., 0.]), rgb=array([255., 255., 255.]), text='+', units='height', win=Window(...), wrapWidth=1)
9.5437 	EXP 	Topleft: image = 'C:\\Users\\Ram\\OneDrive - University of Sussex\\Desktop\\LZ correlation\\LZ_correlation\\test\\Alcohol 5.jpg'
9.5437 	EXP 	Fixation_cross: autoDraw = True
10.5454 	EXP 	Topleft: autoDraw = True
10.5454 	EXP 	Topright: autoDraw = True
10.5454 	EXP 	Bottomleft: autoDraw = True
10.5454 	EXP 	Bottomright: autoDraw = True
10.5519 	EXP 	Fixation_cross: autoDraw = False
14.5060 	EXP 	Topleft: autoDraw = False
14.5060 	EXP 	Topright: autoDraw = False
14.5060 	EXP 	Bottomleft: autoDraw = False
14.5060 	EXP 	Bottomright: autoDraw = False
14.5060 	EXP 	Fixation_cross: autoDraw = False
14.5060 	EXP 	Topleft: image = 'C:\\Users\\Ram\\OneDrive - University of Sussex\\Desktop\\LZ correlation\\LZ_correlation\\test\\Alcohol 5.jpg'
14.5060 	EXP 	Fixation_cross: autoDraw = True
15.5046 	EXP 	Topleft: autoDraw = True
15.5046 	EXP 	Topright: autoDraw = True
15.5046 	EXP 	Bottomleft: autoDraw = True
15.5046 	EXP 	Bottomright: autoDraw = True
15.5114 	EXP 	Fixation_cross: autoDraw = False
19.5026 	EXP 	Topleft: autoDraw = False
19.5026 	EXP 	Topright: autoDraw = False
19.5026 	EXP 	Bottomleft: autoDraw = False
19.5026 	EXP 	Bottomright: autoDraw = False
19.5026 	EXP 	Fixation_cross: autoDraw = False
20.1283 	EXP 	window1: mouseVisible = True
