1.6154 	WARNING 	We strongly recommend you activate the PTB sound engine in PsychoPy prefs as the preferred audio engine. Its timing is vastly superior. Your prefs are currently set to use ['sounddevice', 'PTB', 'pyo', 'pygame'] (in that order).
6.3634 	WARNING 	User requested fullscreen with size [1024  768], but screen is actually [1920, 1080]. Using actual size
9.2503 	EXP 	Created window1 = Window(allowGUI=False, allowStencil=False, args=UNKNOWN, autoLog=True, bitsMode=UNKNOWN, blendMode='avg', bpc=(8, 8, 8), color=array([0., 0., 0.]), colorSpace='rgb', depthBits=8, fullscr=<method-wrapper '__getattribute__' of attributeSetter object at 0x000002344925D160>, gamma=None, gammaErrorPolicy='raise', kwargs=UNKNOWN, lms=UNKNOWN, monitor=<psychopy.monitors.calibTools.Monitor object at 0x00000234492A7160>, multiSample=False, name='window1', numSamples=2, pos=[0.0, 0.0], screen=0, size=array([1920, 1080]), stencilBits=0, stereo=False, units='height', useFBO=True, useRetina=False, viewOri=0.0, viewPos=None, viewScale=None, waitBlanking=True, winType='pyglet')
9.2505 	EXP 	window1: mouseVisible = True
9.2506 	EXP 	window1: recordFrameIntervals = False
9.3193 	EXP 	window1: recordFrameIntervals = True
9.3960 	EXP 	window1: recordFrameIntervals = False
9.6450 	EXP 	Created Topleft = ImageStim(__class__=<class 'psychopy.visual.image.ImageStim'>, autoLog=True, color=array([1., 1., 1.]), colorSpace='rgb', contrast=1.0, depth=0.0, flipHoriz=False, flipVert=False, image='sin', interpolate=True, mask=None, maskParams=None, name='Topleft', opacity=1.0, ori=0.0, pos=array([-0.25,  0.25]), size=array([0.5, 0.5]), texRes=128, units='height', win=Window(...))
9.6560 	EXP 	Created Topright = ImageStim(__class__=<class 'psychopy.visual.image.ImageStim'>, autoLog=True, color=array([1., 1., 1.]), colorSpace='rgb', contrast=1.0, depth=-1.0, flipHoriz=False, flipVert=False, image=str(...), interpolate=True, mask=None, maskParams=None, name='Topright', opacity=1.0, ori=0.0, pos=array([0.25, 0.25]), size=array([0.5, 0.5]), texRes=128, units='height', win=Window(...))
9.6670 	EXP 	Created Bottomleft = ImageStim(__class__=<class 'psychopy.visual.image.ImageStim'>, autoLog=True, color=array([1., 1., 1.]), colorSpace='rgb', contrast=1.0, depth=-2.0, flipHoriz=False, flipVert=False, image=str(...), interpolate=True, mask=None, maskParams=None, name='Bottomleft', opacity=1.0, ori=0.0, pos=array([-0.25, -0.25]), size=array([0.5, 0.5]), texRes=128, units='height', win=Window(...))
9.6780 	EXP 	Created Bottomright = ImageStim(__class__=<class 'psychopy.visual.image.ImageStim'>, autoLog=True, color=array([1., 1., 1.]), colorSpace='rgb', contrast=1.0, depth=-3.0, flipHoriz=False, flipVert=False, image=str(...), interpolate=True, mask=None, maskParams=None, name='Bottomright', opacity=1.0, ori=0.0, pos=array([ 0.25, -0.25]), size=array([0.5, 0.5]), texRes=128, units='height', win=Window(...))
9.7209 	EXP 	Created Fixation_cross = TextStim(__class__=<class 'psychopy.visual.text.TextStim'>, alignHoriz=method-wrapper(...), alignText='center', alignVert=method-wrapper(...), anchorHoriz='center', anchorVert='center', antialias=True, autoLog=True, bold=False, color='white', colorSpace='named', contrast=1.0, depth=-4.0, flipHoriz=False, flipVert=False, font='Arial', fontFiles=[], height=0.1, italic=False, languageStyle='LTR', name='Fixation_cross', opacity=1.0, ori=0, pos=array([0., 0.]), rgb=array([255., 255., 255.]), text='+', units='height', win=Window(...), wrapWidth=1)
9.7229 	EXP 	Created Topleft = ImageStim(__class__=<class 'psychopy.visual.image.ImageStim'>, autoLog=True, color=array([1., 1., 1.]), colorSpace='rgb', contrast=1.0, depth=0.0, flipHoriz=False, flipVert=False, image='sin', interpolate=True, mask=None, maskParams=None, name='Topleft', opacity=1.0, ori=0.0, pos=array([-0.25,  0.25]), size=array([0.5, 0.5]), texRes=128, units='height', win=Window(...))
9.7310 	EXP 	Created Topright = ImageStim(__class__=<class 'psychopy.visual.image.ImageStim'>, autoLog=True, color=array([1., 1., 1.]), colorSpace='rgb', contrast=1.0, depth=-1.0, flipHoriz=False, flipVert=False, image=str(...), interpolate=True, mask=None, maskParams=None, name='Topright', opacity=1.0, ori=0.0, pos=array([0.25, 0.25]), size=array([0.5, 0.5]), texRes=128, units='height', win=Window(...))
9.7398 	EXP 	Created Bottomleft = ImageStim(__class__=<class 'psychopy.visual.image.ImageStim'>, autoLog=True, color=array([1., 1., 1.]), colorSpace='rgb', contrast=1.0, depth=-2.0, flipHoriz=False, flipVert=False, image=str(...), interpolate=True, mask=None, maskParams=None, name='Bottomleft', opacity=1.0, ori=0.0, pos=array([-0.25, -0.25]), size=array([0.5, 0.5]), texRes=128, units='height', win=Window(...))
9.7483 	EXP 	Created Bottomright = ImageStim(__class__=<class 'psychopy.visual.image.ImageStim'>, autoLog=True, color=array([1., 1., 1.]), colorSpace='rgb', contrast=1.0, depth=-3.0, flipHoriz=False, flipVert=False, image=str(...), interpolate=True, mask=None, maskParams=None, name='Bottomright', opacity=1.0, ori=0.0, pos=array([ 0.25, -0.25]), size=array([0.5, 0.5]), texRes=128, units='height', win=Window(...))
9.7498 	EXP 	Created Fixation_cross = TextStim(__class__=<class 'psychopy.visual.text.TextStim'>, alignHoriz=method-wrapper(...), alignText='center', alignVert=method-wrapper(...), anchorHoriz='center', anchorVert='center', antialias=True, autoLog=True, bold=False, color='white', colorSpace='named', contrast=1.0, depth=-4.0, flipHoriz=False, flipVert=False, font='Arial', fontFiles=[], height=0.1, italic=False, languageStyle='LTR', name='Fixation_cross', opacity=1.0, ori=0, pos=array([0., 0.]), rgb=array([255., 255., 255.]), text='+', units='height', win=Window(...), wrapWidth=1)
9.7899 	EXP 	Topleft: image = 'C:\\Users\\Ram\\OneDrive - University of Sussex\\Desktop\\LZ correlation\\LZ_correlation\\test\\Alcohol 5.jpg'
9.7899 	EXP 	Fixation_cross: autoDraw = True
10.8092 	EXP 	Topleft: autoDraw = True
10.8092 	EXP 	Topright: autoDraw = True
10.8092 	EXP 	Bottomleft: autoDraw = True
10.8092 	EXP 	Bottomright: autoDraw = True
10.8156 	EXP 	Fixation_cross: autoDraw = False
14.7601 	EXP 	Topleft: autoDraw = False
14.7601 	EXP 	Topright: autoDraw = False
14.7601 	EXP 	Bottomleft: autoDraw = False
14.7601 	EXP 	Bottomright: autoDraw = False
14.7601 	EXP 	Fixation_cross: autoDraw = False
14.7601 	EXP 	Topleft: image = 'C:\\Users\\Ram\\OneDrive - University of Sussex\\Desktop\\LZ correlation\\LZ_correlation\\test\\Alcohol 5.jpg'
14.7601 	EXP 	Fixation_cross: autoDraw = True
15.7586 	EXP 	Topleft: autoDraw = True
15.7586 	EXP 	Topright: autoDraw = True
15.7586 	EXP 	Bottomleft: autoDraw = True
15.7586 	EXP 	Bottomright: autoDraw = True
15.7654 	EXP 	Fixation_cross: autoDraw = False
19.7569 	EXP 	Topleft: autoDraw = False
19.7569 	EXP 	Topright: autoDraw = False
19.7569 	EXP 	Bottomleft: autoDraw = False
19.7569 	EXP 	Bottomright: autoDraw = False
19.7569 	EXP 	Fixation_cross: autoDraw = False
20.3763 	EXP 	window1: mouseVisible = True
