1.4769 	WARNING 	We strongly recommend you activate the PTB sound engine in PsychoPy prefs as the preferred audio engine. Its timing is vastly superior. Your prefs are currently set to use ['sounddevice', 'PTB', 'pyo', 'pygame'] (in that order).
6.4042 	WARNING 	User requested fullscreen with size [1024  768], but screen is actually [1920, 1080]. Using actual size
9.5905 	EXP 	Created window1 = Window(allowGUI=False, allowStencil=False, args=UNKNOWN, autoLog=True, bitsMode=UNKNOWN, blendMode='avg', bpc=(8, 8, 8), color=array([0., 0., 0.]), colorSpace='rgb', depthBits=8, fullscr=<method-wrapper '__getattribute__' of attributeSetter object at 0x0000018813FE79E8>, gamma=None, gammaErrorPolicy='raise', kwargs=UNKNOWN, lms=UNKNOWN, monitor=<psychopy.monitors.calibTools.Monitor object at 0x0000018813D379E8>, multiSample=False, name='window1', numSamples=2, pos=[0.0, 0.0], screen=0, size=array([1920, 1080]), stencilBits=0, stereo=False, units='height', useFBO=True, useRetina=False, viewOri=0.0, viewPos=None, viewScale=None, waitBlanking=True, winType='pyglet')
9.5912 	EXP 	window1: mouseVisible = True
9.5913 	EXP 	window1: recordFrameIntervals = False
9.6577 	EXP 	window1: recordFrameIntervals = True
9.7349 	EXP 	window1: recordFrameIntervals = False
10.2307 	EXP 	Created text = TextStim(__class__=<class 'psychopy.visual.text.TextStim'>, alignHoriz=method-wrapper(...), alignText='center', alignVert=method-wrapper(...), anchorHoriz='center', anchorVert='center', antialias=True, autoLog=True, bold=False, color='white', colorSpace='named', contrast=1.0, depth=0.0, flipHoriz=False, flipVert=False, font='Arial', fontFiles=[], height=0.1, italic=False, languageStyle='LTR', name='text', opacity=1.0, ori=0, pos=array([0., 0.]), rgb=array([255., 255., 255.]), text='Welcome', units='height', win=Window(...), wrapWidth=1)
10.2322 	EXP 	Created Cross = ShapeStim(__class__=<class 'psychopy.visual.shape.ShapeStim'>, autoDraw=False, autoLog=True, closeShape=True, contrast=1.0, depth=0.0, fillColor=array([1., 1., 1.]), fillColorSpace='rgb', interpolate=True, lineColor=array([1., 1., 1.]), lineColorSpace='rgb', lineWidth=1, name='Cross', opacity=1.0, ori=array(0.), pos=array([0., 0.]), size=array([0.5, 0.5]), units='height', vertices=ndarray(...), win=Window(...), windingRule=None)
10.2392 	EXP 	Created image = ImageStim(__class__=<class 'psychopy.visual.image.ImageStim'>, autoLog=True, color=array([1., 1., 1.]), colorSpace='rgb', contrast=1.0, depth=-1.0, flipHoriz=False, flipVert=False, image='sin', interpolate=True, mask=None, maskParams=None, name='image', opacity=1.0, ori=0.0, pos=array([0., 0.]), size=array([0.5, 0.5]), texRes=128, units='height', win=Window(...))
10.2406 	EXP 	Created image_2 = ImageStim(__class__=<class 'psychopy.visual.image.ImageStim'>, autoLog=True, color=array([1., 1., 1.]), colorSpace='rgb', contrast=1.0, depth=-2.0, flipHoriz=False, flipVert=False, image='sin', interpolate=True, mask=None, maskParams=None, name='image_2', opacity=1.0, ori=0.0, pos=array([0., 0.]), size=array([0.5, 0.5]), texRes=128, units='height', win=Window(...))
10.2427 	EXP 	Created image_3 = ImageStim(__class__=<class 'psychopy.visual.image.ImageStim'>, autoLog=True, color=array([1., 1., 1.]), colorSpace='rgb', contrast=1.0, depth=-3.0, flipHoriz=False, flipVert=False, image='sin', interpolate=True, mask=None, maskParams=None, name='image_3', opacity=1.0, ori=0.0, pos=array([0., 0.]), size=array([0.5, 0.5]), texRes=128, units='height', win=Window(...))
10.2446 	EXP 	Created image_4 = ImageStim(__class__=<class 'psychopy.visual.image.ImageStim'>, autoLog=True, color=array([1., 1., 1.]), colorSpace='rgb', contrast=1.0, depth=-4.0, flipHoriz=False, flipVert=False, image='sin', interpolate=True, mask=None, maskParams=None, name='image_4', opacity=1.0, ori=0.0, pos=array([0., 0.]), size=array([0.5, 0.5]), texRes=128, units='height', win=Window(...))
10.2464 	EXP 	Created Topleft = ImageStim(__class__=<class 'psychopy.visual.image.ImageStim'>, autoLog=True, color=array([1., 1., 1.]), colorSpace='rgb', contrast=1.0, depth=0.0, flipHoriz=False, flipVert=False, image='sin', interpolate=True, mask=None, maskParams=None, name='Topleft', opacity=1.0, ori=0.0, pos=array([-0.25,  0.25]), size=array([0.5, 0.5]), texRes=128, units='height', win=Window(...))
10.2623 	EXP 	Created Topright = ImageStim(__class__=<class 'psychopy.visual.image.ImageStim'>, autoLog=True, color=array([1., 1., 1.]), colorSpace='rgb', contrast=1.0, depth=-1.0, flipHoriz=False, flipVert=False, image=str(...), interpolate=True, mask=None, maskParams=None, name='Topright', opacity=1.0, ori=0.0, pos=array([0.25, 0.25]), size=array([0.5, 0.5]), texRes=128, units='height', win=Window(...))
10.2772 	EXP 	Created Bottomleft = ImageStim(__class__=<class 'psychopy.visual.image.ImageStim'>, autoLog=True, color=array([1., 1., 1.]), colorSpace='rgb', contrast=1.0, depth=-2.0, flipHoriz=False, flipVert=False, image=str(...), interpolate=True, mask=None, maskParams=None, name='Bottomleft', opacity=1.0, ori=0.0, pos=array([-0.25, -0.25]), size=array([0.5, 0.5]), texRes=128, units='height', win=Window(...))
10.2905 	EXP 	Created Bottomright = ImageStim(__class__=<class 'psychopy.visual.image.ImageStim'>, autoLog=True, color=array([1., 1., 1.]), colorSpace='rgb', contrast=1.0, depth=-3.0, flipHoriz=False, flipVert=False, image=str(...), interpolate=True, mask=None, maskParams=None, name='Bottomright', opacity=1.0, ori=0.0, pos=array([ 0.25, -0.25]), size=array([0.5, 0.5]), texRes=128, units='height', win=Window(...))
10.2945 	EXP 	Created Fixation_cross = TextStim(__class__=<class 'psychopy.visual.text.TextStim'>, alignHoriz=method-wrapper(...), alignText='center', alignVert=method-wrapper(...), anchorHoriz='center', anchorVert='center', antialias=True, autoLog=True, bold=False, color='white', colorSpace='named', contrast=1.0, depth=-4.0, flipHoriz=False, flipVert=False, font='Arial', fontFiles=[], height=0.1, italic=False, languageStyle='LTR', name='Fixation_cross', opacity=1.0, ori=0, pos=array([0., 0.]), rgb=array([255., 255., 255.]), text='+', units='height', win=Window(...), wrapWidth=1)
10.3047 	EXP 	Created text_2 = TextStim(__class__=<class 'psychopy.visual.text.TextStim'>, alignHoriz=method-wrapper(...), alignText='center', alignVert=method-wrapper(...), anchorHoriz='center', anchorVert='center', antialias=True, autoLog=True, bold=False, color='white', colorSpace='named', contrast=1.0, depth=0.0, flipHoriz=False, flipVert=False, font='Arial', fontFiles=[], height=0.1, italic=False, languageStyle='LTR', name='text_2', opacity=1.0, ori=0, pos=array([0., 0.]), rgb=array([255., 255., 255.]), text='End\n\n', units='height', win=Window(...), wrapWidth=1)
10.3377 	EXP 	text: autoDraw = True
11.4517 	EXP 	Imported index.xlsx as conditions, 2 conditions, 5 params
11.4519 	EXP 	Created sequence: sequential, trialTypes=2, nReps=1, seed=None
11.4522 	EXP 	New trial (rep=0, index=0): OrderedDict([('trial', 1), ('image1', 'images\\Alcohol 5.jpg'), ('image2', 'images\\Alcohol 8.jpg'), ('image3', 'images\\Astronaut 1.jpg'), ('image4', 'images\\Baby 1.jpg')])
11.5015 	EXP 	text: autoDraw = False
11.5015 	EXP 	image: image = 'images\\Alcohol 5.jpg'
11.5015 	EXP 	image_2: image = 'images\\Alcohol 8.jpg'
11.5015 	EXP 	image_3: image = 'images\\Astronaut 1.jpg'
11.5015 	EXP 	image_4: image = 'images\\Baby 1.jpg'
11.5015 	EXP 	Cross: autoDraw = True
12.5491 	EXP 	image: autoDraw = True
12.5543 	EXP 	Cross: autoDraw = False
13.4989 	EXP 	image_2: autoDraw = True
13.5543 	EXP 	image: autoDraw = False
14.4986 	EXP 	image_2: autoDraw = False
14.4986 	EXP 	image_3: autoDraw = True
15.4986 	EXP 	image_3: autoDraw = False
15.4986 	EXP 	image_4: autoDraw = True
16.3332 	EXP 	Cross: autoDraw = False
16.3332 	EXP 	image: autoDraw = False
16.3332 	EXP 	image_2: autoDraw = False
16.3332 	EXP 	image_3: autoDraw = False
16.3332 	EXP 	image_4: autoDraw = False
16.3332 	EXP 	Topleft: image = 'C:\\Users\\Ram\\OneDrive - University of Sussex\\Desktop\\LZ correlation\\LZ_correlation\\test\\Alcohol 5.jpg'
16.3332 	EXP 	Fixation_cross: autoDraw = True
17.3279 	EXP 	Topleft: autoDraw = True
17.3279 	EXP 	Topright: autoDraw = True
17.3279 	EXP 	Bottomleft: autoDraw = True
17.3279 	EXP 	Bottomright: autoDraw = True
17.3374 	EXP 	Fixation_cross: autoDraw = False
21.3296 	EXP 	Topleft: autoDraw = False
21.3296 	EXP 	Topright: autoDraw = False
21.3296 	EXP 	Bottomleft: autoDraw = False
21.3296 	EXP 	Bottomright: autoDraw = False
26.3032 	DATA 	Keypress: a
26.3123 	EXP 	New trial (rep=0, index=1): OrderedDict([('trial', 2), ('image1', 'images\\Baby 2.jpg'), ('image2', 'images\\Baby 3.jpg'), ('image3', 'images\\Baby 4.jpg'), ('image4', 'images\\Baby 5.jpg')])
26.3722 	EXP 	Topleft: autoDraw = False
26.3722 	EXP 	Topright: autoDraw = False
26.3722 	EXP 	Bottomleft: autoDraw = False
26.3722 	EXP 	Bottomright: autoDraw = False
26.3722 	EXP 	Fixation_cross: autoDraw = False
26.3722 	EXP 	image: image = 'images\\Baby 2.jpg'
26.3722 	EXP 	image_2: image = 'images\\Baby 3.jpg'
26.3722 	EXP 	image_3: image = 'images\\Baby 4.jpg'
26.3722 	EXP 	image_4: image = 'images\\Baby 5.jpg'
26.3722 	EXP 	Cross: autoDraw = True
27.3669 	EXP 	image: autoDraw = True
27.3735 	EXP 	Cross: autoDraw = False
28.3667 	EXP 	image: autoDraw = False
28.3667 	EXP 	image_2: autoDraw = True
29.3667 	EXP 	image_2: autoDraw = False
29.3667 	EXP 	image_3: autoDraw = True
30.3667 	EXP 	image_3: autoDraw = False
30.3667 	EXP 	image_4: autoDraw = True
31.3300 	EXP 	Cross: autoDraw = False
31.3300 	EXP 	image: autoDraw = False
31.3300 	EXP 	image_2: autoDraw = False
31.3300 	EXP 	image_3: autoDraw = False
31.3300 	EXP 	image_4: autoDraw = False
31.3300 	EXP 	Topleft: image = 'C:\\Users\\Ram\\OneDrive - University of Sussex\\Desktop\\LZ correlation\\LZ_correlation\\test\\Alcohol 5.jpg'
31.3300 	EXP 	Fixation_cross: autoDraw = True
32.3268 	EXP 	Topleft: autoDraw = True
32.3268 	EXP 	Topright: autoDraw = True
32.3268 	EXP 	Bottomleft: autoDraw = True
32.3268 	EXP 	Bottomright: autoDraw = True
32.3389 	EXP 	Fixation_cross: autoDraw = False
36.3294 	EXP 	Topleft: autoDraw = False
36.3294 	EXP 	Topright: autoDraw = False
36.3294 	EXP 	Bottomleft: autoDraw = False
36.3294 	EXP 	Bottomright: autoDraw = False
38.4962 	DATA 	Keypress: semicolon
41.9890 	DATA 	Keypress: period
42.5522 	DATA 	Keypress: z
42.5646 	EXP 	Topleft: autoDraw = False
42.5646 	EXP 	Topright: autoDraw = False
42.5646 	EXP 	Bottomleft: autoDraw = False
42.5646 	EXP 	Bottomright: autoDraw = False
42.5646 	EXP 	Fixation_cross: autoDraw = False
42.5646 	EXP 	text_2: autoDraw = True
43.5678 	EXP 	text_2: autoDraw = False
44.7514 	EXP 	window1: mouseVisible = True
