1.5754 	WARNING 	We strongly recommend you activate the PTB sound engine in PsychoPy prefs as the preferred audio engine. Its timing is vastly superior. Your prefs are currently set to use ['sounddevice', 'PTB', 'pyo', 'pygame'] (in that order).
6.3958 	WARNING 	User requested fullscreen with size [1024  768], but screen is actually [1920, 1080]. Using actual size
9.2295 	EXP 	Created window1 = Window(allowGUI=False, allowStencil=False, args=UNKNOWN, autoLog=True, bitsMode=UNKNOWN, blendMode='avg', bpc=(8, 8, 8), color=array([0., 0., 0.]), colorSpace='rgb', depthBits=8, fullscr=<method-wrapper '__getattribute__' of attributeSetter object at 0x000002AF0E7ED160>, gamma=None, gammaErrorPolicy='raise', kwargs=UNKNOWN, lms=UNKNOWN, monitor=<psychopy.monitors.calibTools.Monitor object at 0x000002AF0E876160>, multiSample=False, name='window1', numSamples=2, pos=[0.0, 0.0], screen=0, size=array([1920, 1080]), stencilBits=0, stereo=False, units='height', useFBO=True, useRetina=False, viewOri=0.0, viewPos=None, viewScale=None, waitBlanking=True, winType='pyglet')
9.2297 	EXP 	window1: mouseVisible = True
9.2297 	EXP 	window1: recordFrameIntervals = False
9.2985 	EXP 	window1: recordFrameIntervals = True
9.3751 	EXP 	window1: recordFrameIntervals = False
9.6359 	EXP 	Created Topleft = ImageStim(__class__=<class 'psychopy.visual.image.ImageStim'>, autoLog=True, color=array([1., 1., 1.]), colorSpace='rgb', contrast=1.0, depth=0.0, flipHoriz=False, flipVert=False, image='sin', interpolate=True, mask=None, maskParams=None, name='Topleft', opacity=1.0, ori=0.0, pos=array([-1.,  1.]), size=array([0.5, 0.5]), texRes=128, units='height', win=Window(...))
9.6464 	EXP 	Created Topright = ImageStim(__class__=<class 'psychopy.visual.image.ImageStim'>, autoLog=True, color=array([1., 1., 1.]), colorSpace='rgb', contrast=1.0, depth=-1.0, flipHoriz=False, flipVert=False, image=str(...), interpolate=True, mask=None, maskParams=None, name='Topright', opacity=1.0, ori=0.0, pos=array([1., 1.]), size=array([0.5, 0.5]), texRes=128, units='height', win=Window(...))
9.6575 	EXP 	Created Bottomleft = ImageStim(__class__=<class 'psychopy.visual.image.ImageStim'>, autoLog=True, color=array([1., 1., 1.]), colorSpace='rgb', contrast=1.0, depth=-2.0, flipHoriz=False, flipVert=False, image=str(...), interpolate=True, mask=None, maskParams=None, name='Bottomleft', opacity=1.0, ori=0.0, pos=array([-1., -1.]), size=array([0.5, 0.5]), texRes=128, units='height', win=Window(...))
9.6682 	EXP 	Created Bottomright = ImageStim(__class__=<class 'psychopy.visual.image.ImageStim'>, autoLog=True, color=array([1., 1., 1.]), colorSpace='rgb', contrast=1.0, depth=-3.0, flipHoriz=False, flipVert=False, image=str(...), interpolate=True, mask=None, maskParams=None, name='Bottomright', opacity=1.0, ori=0.0, pos=array([ 1., -1.]), size=array([0.5, 0.5]), texRes=128, units='height', win=Window(...))
9.7102 	EXP 	Created Fixation_cross = TextStim(__class__=<class 'psychopy.visual.text.TextStim'>, alignHoriz=method-wrapper(...), alignText='center', alignVert=method-wrapper(...), anchorHoriz='center', anchorVert='center', antialias=True, autoLog=True, bold=False, color='white', colorSpace='named', contrast=1.0, depth=-4.0, flipHoriz=False, flipVert=False, font='Arial', fontFiles=[], height=0.1, italic=False, languageStyle='LTR', name='Fixation_cross', opacity=1.0, ori=0, pos=array([0., 0.]), rgb=array([255., 255., 255.]), text='+', units='height', win=Window(...), wrapWidth=1)
9.7120 	EXP 	Created Topleft = ImageStim(__class__=<class 'psychopy.visual.image.ImageStim'>, autoLog=True, color=array([1., 1., 1.]), colorSpace='rgb', contrast=1.0, depth=0.0, flipHoriz=False, flipVert=False, image='sin', interpolate=True, mask=None, maskParams=None, name='Topleft', opacity=1.0, ori=0.0, pos=array([-1.,  1.]), size=array([0.5, 0.5]), texRes=128, units='height', win=Window(...))
9.7191 	EXP 	Created Topright = ImageStim(__class__=<class 'psychopy.visual.image.ImageStim'>, autoLog=True, color=array([1., 1., 1.]), colorSpace='rgb', contrast=1.0, depth=-1.0, flipHoriz=False, flipVert=False, image=str(...), interpolate=True, mask=None, maskParams=None, name='Topright', opacity=1.0, ori=0.0, pos=array([1., 1.]), size=array([0.5, 0.5]), texRes=128, units='height', win=Window(...))
9.7279 	EXP 	Created Bottomleft = ImageStim(__class__=<class 'psychopy.visual.image.ImageStim'>, autoLog=True, color=array([1., 1., 1.]), colorSpace='rgb', contrast=1.0, depth=-2.0, flipHoriz=False, flipVert=False, image=str(...), interpolate=True, mask=None, maskParams=None, name='Bottomleft', opacity=1.0, ori=0.0, pos=array([-1., -1.]), size=array([0.5, 0.5]), texRes=128, units='height', win=Window(...))
9.7357 	EXP 	Created Bottomright = ImageStim(__class__=<class 'psychopy.visual.image.ImageStim'>, autoLog=True, color=array([1., 1., 1.]), colorSpace='rgb', contrast=1.0, depth=-3.0, flipHoriz=False, flipVert=False, image=str(...), interpolate=True, mask=None, maskParams=None, name='Bottomright', opacity=1.0, ori=0.0, pos=array([ 1., -1.]), size=array([0.5, 0.5]), texRes=128, units='height', win=Window(...))
9.7372 	EXP 	Created Fixation_cross = TextStim(__class__=<class 'psychopy.visual.text.TextStim'>, alignHoriz=method-wrapper(...), alignText='center', alignVert=method-wrapper(...), anchorHoriz='center', anchorVert='center', antialias=True, autoLog=True, bold=False, color='white', colorSpace='named', contrast=1.0, depth=-4.0, flipHoriz=False, flipVert=False, font='Arial', fontFiles=[], height=0.1, italic=False, languageStyle='LTR', name='Fixation_cross', opacity=1.0, ori=0, pos=array([0., 0.]), rgb=array([255., 255., 255.]), text='+', units='height', win=Window(...), wrapWidth=1)
9.7773 	EXP 	Topleft: image = 'C:\\Users\\Ram\\OneDrive - University of Sussex\\Desktop\\LZ correlation\\LZ_correlation\\test\\Alcohol 5.jpg'
9.7773 	EXP 	Fixation_cross: autoDraw = True
10.7924 	EXP 	Topleft: autoDraw = True
10.7924 	EXP 	Topright: autoDraw = True
10.7924 	EXP 	Bottomleft: autoDraw = True
10.7924 	EXP 	Bottomright: autoDraw = True
10.7975 	EXP 	Fixation_cross: autoDraw = False
14.7510 	EXP 	Topleft: autoDraw = False
14.7510 	EXP 	Topright: autoDraw = False
14.7510 	EXP 	Bottomleft: autoDraw = False
14.7510 	EXP 	Bottomright: autoDraw = False
14.7510 	EXP 	Fixation_cross: autoDraw = False
14.7510 	EXP 	Topleft: image = 'C:\\Users\\Ram\\OneDrive - University of Sussex\\Desktop\\LZ correlation\\LZ_correlation\\test\\Alcohol 5.jpg'
14.7510 	EXP 	Fixation_cross: autoDraw = True
15.7431 	EXP 	Topleft: autoDraw = True
15.7431 	EXP 	Topright: autoDraw = True
15.7431 	EXP 	Bottomleft: autoDraw = True
15.7431 	EXP 	Bottomright: autoDraw = True
15.7500 	EXP 	Fixation_cross: autoDraw = False
19.7430 	EXP 	Topleft: autoDraw = False
19.7430 	EXP 	Topright: autoDraw = False
19.7430 	EXP 	Bottomleft: autoDraw = False
19.7430 	EXP 	Bottomright: autoDraw = False
19.7430 	EXP 	Topleft: autoDraw = False
19.7430 	EXP 	Topright: autoDraw = False
19.7430 	EXP 	Bottomleft: autoDraw = False
19.7430 	EXP 	Bottomright: autoDraw = False
19.7430 	EXP 	Fixation_cross: autoDraw = False
20.2669 	EXP 	window1: mouseVisible = True
